Build started 1/10/2017 5:54:21 PM.
     1>Project "C:\Users\amari\Documents\gcs\code\gcs\CommProtocol\CommProtocol-master\libxbee3\libxbee3\libxbee3.vcxproj" on node 3 (Build target(s)).
     1>CustomBuild:
         Building Custom Rule C:/Users/amari/Documents/gcs/code/gcs/CommProtocol/CommProtocol-master/libxbee3/CMakeLists.txt
         CMake does not need to re-run because C:\Users\amari\Documents\gcs\code\gcs\CommProtocol\CommProtocol-master\libxbee3\libxbee3\CMakeFiles\generate.stamp is up-to-date.
       ClCompile:
         C:\Program Files (x86)\Microsoft Visual Studio 12.0\VC\bin\CL.exe /c /I"C:\Users\amari\Documents\gcs\code\gcs\CommProtocol\CommProtocol-master\libxbee3" /Zi /nologo /W3 /WX- /Od /Ob0 /Oy- /D WIN32 /D _WINDOWS /D _DEBUG /D COMMPROTO_DEBUG /D "CMAKE_INTDIR=\"Debug\"" /D libxbee3_EXPORTS /D _WINDLL /D _MBCS /Gm- /RTC1 /MDd /GS /fp:precise /Zc:wchar_t /Zc:forScope /Fo"libxbee3.dir\Debug\\" /Fd"libxbee3.dir\Debug\vc120.pdb" /Gd /TC /analyze- /errorReport:prompt "C:\Users\amari\Documents\gcs\code\gcs\CommProtocol\CommProtocol-master\libxbee3\conn.c" "C:\Users\amari\Documents\gcs\code\gcs\CommProtocol\CommProtocol-master\libxbee3\error.c" "C:\Users\amari\Documents\gcs\code\gcs\CommProtocol\CommProtocol-master\libxbee3\frame.c" "C:\Users\amari\Documents\gcs\code\gcs\CommProtocol\CommProtocol-master\libxbee3\ll.c" "C:\Users\amari\Documents\gcs\code\gcs\CommProtocol\CommProtocol-master\libxbee3\log.c" "C:\Users\amari\Documents\gcs\code\gcs\CommProtocol\CommProtocol-master\libxbee3\mode.c" "C:\Users\amari\Documents\gcs\code\gcs\CommProtocol\CommProtocol-master\libxbee3\mutex.c" "C:\Users\amari\Documents\gcs\code\gcs\CommProtocol\CommProtocol-master\libxbee3\pkt.c" "C:\Users\amari\Documents\gcs\code\gcs\CommProtocol\CommProtocol-master\libxbee3\prepare.c" "C:\Users\amari\Documents\gcs\code\gcs\CommProtocol\CommProtocol-master\libxbee3\rx.c" "C:\Users\amari\Documents\gcs\code\gcs\CommProtocol\CommProtocol-master\libxbee3\thread.c" "C:\Users\amari\Documents\gcs\code\gcs\CommProtocol\CommProtocol-master\libxbee3\tx.c" "C:\Users\amari\Documents\gcs\code\gcs\CommProtocol\CommProtocol-master\libxbee3\ver.c" "C:\Users\amari\Documents\gcs\code\gcs\CommProtocol\CommProtocol-master\libxbee3\xbee.c" "C:\Users\amari\Documents\gcs\code\gcs\CommProtocol\CommProtocol-master\libxbee3\xsys.c" "C:\Users\amari\Documents\gcs\code\gcs\CommProtocol\CommProtocol-master\libxbee3\modes\common.c" "C:\Users\amari\Documents\gcs\code\gcs\CommProtocol\CommProtocol-master\libxbee3\modes\xbee5\at.c" "C:\Users\amari\Documents\gcs\code\gcs\CommProtocol\CommProtocol-master\libxbee3\modes\xbee5\data.c" "C:\Users\amari\Documents\gcs\code\gcs\CommProtocol\CommProtocol-master\libxbee3\modes\xbee5\dataExp.c" "C:\Users\amari\Documents\gcs\code\gcs\CommProtocol\CommProtocol-master\libxbee3\modes\xbee5\identify.c" "C:\Users\amari\Documents\gcs\code\gcs\CommProtocol\CommProtocol-master\libxbee3\modes\xbee5\io.c" "C:\Users\amari\Documents\gcs\code\gcs\CommProtocol\CommProtocol-master\libxbee3\modes\xbee5\mode5.c"
         conn.c
     1>c:\users\amari\documents\gcs\code\gcs\commprotocol\commprotocol-master\libxbee3\xsys_win32_winpthreads.h(55): warning C4005: 'ETIMEDOUT' : macro redefinition
                 C:\Program Files (x86)\Microsoft Visual Studio 12.0\VC\include\errno.h(130) : see previous definition of 'ETIMEDOUT'
     1>c:\users\amari\documents\gcs\code\gcs\commprotocol\commprotocol-master\libxbee3\xsys_win32_winpthreads.h(56): warning C4005: 'ENOTSUP' : macro redefinition
                 C:\Program Files (x86)\Microsoft Visual Studio 12.0\VC\include\errno.h(121) : see previous definition of 'ENOTSUP'
     1>c:\users\amari\documents\gcs\code\gcs\commprotocol\commprotocol-master\libxbee3\xsys_win32_winpthreads.h(368): warning C4013: 'pthread_rwlock_unlock' undefined; assuming extern returning int
     1>c:\users\amari\documents\gcs\code\gcs\commprotocol\commprotocol-master\libxbee3\xsys_win32_winpthreads.h(411): warning C4013: '_endthreadex' undefined; assuming extern returning int
     1>c:\users\amari\documents\gcs\code\gcs\commprotocol\commprotocol-master\libxbee3\xsys_win32_winpthreads.h(472): warning C4996: '_ftime64': This function or variable may be unsafe. Consider using _ftime64_s instead. To disable deprecation, use _CRT_SECURE_NO_WARNINGS. See online help for details.
                 C:\Program Files (x86)\Microsoft Visual Studio 12.0\VC\include\sys/timeb.h(131) : see declaration of '_ftime64'
     1>c:\users\amari\documents\gcs\code\gcs\commprotocol\commprotocol-master\libxbee3\xsys_win32_winpthreads.h(756): warning C4101: 'i' : unreferenced local variable
     1>c:\users\amari\documents\gcs\code\gcs\commprotocol\commprotocol-master\libxbee3\xsys_win32_winpthreads.h(756): warning C4101: 'j' : unreferenced local variable
     1>c:\users\amari\documents\gcs\code\gcs\commprotocol\commprotocol-master\libxbee3\xsys_win32_winpthreads.h(812): warning C4013: '_beginthreadex' undefined; assuming extern returning int
     1>c:\users\amari\documents\gcs\code\gcs\commprotocol\commprotocol-master\libxbee3\xsys_win32_winpthreads.h(962): warning C4244: 'function' : conversion from 'unsigned __int64' to 'DWORD', possible loss of data
     1>c:\users\amari\documents\gcs\code\gcs\commprotocol\commprotocol-master\libxbee3\xsys_win32_winpthreads.h(1168): warning C4018: '>' : signed/unsigned mismatch
     1>c:\users\amari\documents\gcs\code\gcs\commprotocol\commprotocol-master\libxbee3\xsys_win32_winpthreads.h(1175): warning C4018: '>' : signed/unsigned mismatch
     1>c:\users\amari\documents\gcs\code\gcs\commprotocol\commprotocol-master\libxbee3\xsys_win32_winpthreads.h(1186): warning C4018: '>=' : signed/unsigned mismatch
     1>c:\users\amari\documents\gcs\code\gcs\commprotocol\commprotocol-master\libxbee3\xsys_win32_winpthreads.h(1196): warning C4018: '>' : signed/unsigned mismatch
     1>c:\users\amari\documents\gcs\code\gcs\commprotocol\commprotocol-master\libxbee3\xsys_win32_winpthreads.h(1302): warning C4244: 'function' : conversion from 'unsigned __int64' to 'DWORD', possible loss of data
     1>c:\users\amari\documents\gcs\code\gcs\commprotocol\commprotocol-master\libxbee3\xsys_win32.h(40): warning C4005: 'va_copy' : macro redefinition
                 C:\Program Files (x86)\Microsoft Visual Studio 12.0\VC\include\stdarg.h(37) : see previous definition of 'va_copy'
     1>C:\Users\amari\Documents\gcs\code\gcs\CommProtocol\CommProtocol-master\libxbee3\conn.c(438): warning C4996: 'strcpy': This function or variable may be unsafe. Consider using strcpy_s instead. To disable deprecation, use _CRT_SECURE_NO_WARNINGS. See online help for details.
                 C:\Program Files (x86)\Microsoft Visual Studio 12.0\VC\include\string.h(112) : see declaration of 'strcpy'
     1>C:\Users\amari\Documents\gcs\code\gcs\CommProtocol\CommProtocol-master\libxbee3\conn.c(620): warning C4996: 'vsnprintf': This function or variable may be unsafe. Consider using vsnprintf_s instead. To disable deprecation, use _CRT_SECURE_NO_WARNINGS. See online help for details.
                 C:\Program Files (x86)\Microsoft Visual Studio 12.0\VC\include\stdio.h(337) : see declaration of 'vsnprintf'
     1>C:\Users\amari\Documents\gcs\code\gcs\CommProtocol\CommProtocol-master\libxbee3\conn.c(627): warning C4996: 'vsnprintf': This function or variable may be unsafe. Consider using vsnprintf_s instead. To disable deprecation, use _CRT_SECURE_NO_WARNINGS. See online help for details.
                 C:\Program Files (x86)\Microsoft Visual Studio 12.0\VC\include\stdio.h(337) : see declaration of 'vsnprintf'
     1>C:\Users\amari\Documents\gcs\code\gcs\CommProtocol\CommProtocol-master\libxbee3\conn.c(715): warning C4013: 'clock_gettime' undefined; assuming extern returning int
         error.c
     1>c:\users\amari\documents\gcs\code\gcs\commprotocol\commprotocol-master\libxbee3\xsys_win32_winpthreads.h(55): warning C4005: 'ETIMEDOUT' : macro redefinition
                 C:\Program Files (x86)\Microsoft Visual Studio 12.0\VC\include\errno.h(130) : see previous definition of 'ETIMEDOUT'
     1>c:\users\amari\documents\gcs\code\gcs\commprotocol\commprotocol-master\libxbee3\xsys_win32_winpthreads.h(56): warning C4005: 'ENOTSUP' : macro redefinition
                 C:\Program Files (x86)\Microsoft Visual Studio 12.0\VC\include\errno.h(121) : see previous definition of 'ENOTSUP'
     1>c:\users\amari\documents\gcs\code\gcs\commprotocol\commprotocol-master\libxbee3\xsys_win32_winpthreads.h(368): warning C4013: 'pthread_rwlock_unlock' undefined; assuming extern returning int
     1>c:\users\amari\documents\gcs\code\gcs\commprotocol\commprotocol-master\libxbee3\xsys_win32_winpthreads.h(411): warning C4013: '_endthreadex' undefined; assuming extern returning int
     1>c:\users\amari\documents\gcs\code\gcs\commprotocol\commprotocol-master\libxbee3\xsys_win32_winpthreads.h(472): warning C4996: '_ftime64': This function or variable may be unsafe. Consider using _ftime64_s instead. To disable deprecation, use _CRT_SECURE_NO_WARNINGS. See online help for details.
                 C:\Program Files (x86)\Microsoft Visual Studio 12.0\VC\include\sys/timeb.h(131) : see declaration of '_ftime64'
     1>c:\users\amari\documents\gcs\code\gcs\commprotocol\commprotocol-master\libxbee3\xsys_win32_winpthreads.h(756): warning C4101: 'i' : unreferenced local variable
     1>c:\users\amari\documents\gcs\code\gcs\commprotocol\commprotocol-master\libxbee3\xsys_win32_winpthreads.h(756): warning C4101: 'j' : unreferenced local variable
     1>c:\users\amari\documents\gcs\code\gcs\commprotocol\commprotocol-master\libxbee3\xsys_win32_winpthreads.h(812): warning C4013: '_beginthreadex' undefined; assuming extern returning int
     1>c:\users\amari\documents\gcs\code\gcs\commprotocol\commprotocol-master\libxbee3\xsys_win32_winpthreads.h(962): warning C4244: 'function' : conversion from 'unsigned __int64' to 'DWORD', possible loss of data
     1>c:\users\amari\documents\gcs\code\gcs\commprotocol\commprotocol-master\libxbee3\xsys_win32_winpthreads.h(1168): warning C4018: '>' : signed/unsigned mismatch
     1>c:\users\amari\documents\gcs\code\gcs\commprotocol\commprotocol-master\libxbee3\xsys_win32_winpthreads.h(1175): warning C4018: '>' : signed/unsigned mismatch
     1>c:\users\amari\documents\gcs\code\gcs\commprotocol\commprotocol-master\libxbee3\xsys_win32_winpthreads.h(1186): warning C4018: '>=' : signed/unsigned mismatch
     1>c:\users\amari\documents\gcs\code\gcs\commprotocol\commprotocol-master\libxbee3\xsys_win32_winpthreads.h(1196): warning C4018: '>' : signed/unsigned mismatch
     1>c:\users\amari\documents\gcs\code\gcs\commprotocol\commprotocol-master\libxbee3\xsys_win32_winpthreads.h(1302): warning C4244: 'function' : conversion from 'unsigned __int64' to 'DWORD', possible loss of data
     1>c:\users\amari\documents\gcs\code\gcs\commprotocol\commprotocol-master\libxbee3\xsys_win32.h(40): warning C4005: 'va_copy' : macro redefinition
                 C:\Program Files (x86)\Microsoft Visual Studio 12.0\VC\include\stdarg.h(37) : see previous definition of 'va_copy'
         frame.c
     1>c:\users\amari\documents\gcs\code\gcs\commprotocol\commprotocol-master\libxbee3\xsys_win32_winpthreads.h(55): warning C4005: 'ETIMEDOUT' : macro redefinition
                 C:\Program Files (x86)\Microsoft Visual Studio 12.0\VC\include\errno.h(130) : see previous definition of 'ETIMEDOUT'
     1>c:\users\amari\documents\gcs\code\gcs\commprotocol\commprotocol-master\libxbee3\xsys_win32_winpthreads.h(56): warning C4005: 'ENOTSUP' : macro redefinition
                 C:\Program Files (x86)\Microsoft Visual Studio 12.0\VC\include\errno.h(121) : see previous definition of 'ENOTSUP'
     1>c:\users\amari\documents\gcs\code\gcs\commprotocol\commprotocol-master\libxbee3\xsys_win32_winpthreads.h(368): warning C4013: 'pthread_rwlock_unlock' undefined; assuming extern returning int
     1>c:\users\amari\documents\gcs\code\gcs\commprotocol\commprotocol-master\libxbee3\xsys_win32_winpthreads.h(411): warning C4013: '_endthreadex' undefined; assuming extern returning int
     1>c:\users\amari\documents\gcs\code\gcs\commprotocol\commprotocol-master\libxbee3\xsys_win32_winpthreads.h(472): warning C4996: '_ftime64': This function or variable may be unsafe. Consider using _ftime64_s instead. To disable deprecation, use _CRT_SECURE_NO_WARNINGS. See online help for details.
                 C:\Program Files (x86)\Microsoft Visual Studio 12.0\VC\include\sys/timeb.h(131) : see declaration of '_ftime64'
     1>c:\users\amari\documents\gcs\code\gcs\commprotocol\commprotocol-master\libxbee3\xsys_win32_winpthreads.h(756): warning C4101: 'i' : unreferenced local variable
     1>c:\users\amari\documents\gcs\code\gcs\commprotocol\commprotocol-master\libxbee3\xsys_win32_winpthreads.h(756): warning C4101: 'j' : unreferenced local variable
     1>c:\users\amari\documents\gcs\code\gcs\commprotocol\commprotocol-master\libxbee3\xsys_win32_winpthreads.h(812): warning C4013: '_beginthreadex' undefined; assuming extern returning int
     1>c:\users\amari\documents\gcs\code\gcs\commprotocol\commprotocol-master\libxbee3\xsys_win32_winpthreads.h(962): warning C4244: 'function' : conversion from 'unsigned __int64' to 'DWORD', possible loss of data
     1>c:\users\amari\documents\gcs\code\gcs\commprotocol\commprotocol-master\libxbee3\xsys_win32_winpthreads.h(1168): warning C4018: '>' : signed/unsigned mismatch
     1>c:\users\amari\documents\gcs\code\gcs\commprotocol\commprotocol-master\libxbee3\xsys_win32_winpthreads.h(1175): warning C4018: '>' : signed/unsigned mismatch
     1>c:\users\amari\documents\gcs\code\gcs\commprotocol\commprotocol-master\libxbee3\xsys_win32_winpthreads.h(1186): warning C4018: '>=' : signed/unsigned mismatch
     1>c:\users\amari\documents\gcs\code\gcs\commprotocol\commprotocol-master\libxbee3\xsys_win32_winpthreads.h(1196): warning C4018: '>' : signed/unsigned mismatch
     1>c:\users\amari\documents\gcs\code\gcs\commprotocol\commprotocol-master\libxbee3\xsys_win32_winpthreads.h(1302): warning C4244: 'function' : conversion from 'unsigned __int64' to 'DWORD', possible loss of data
     1>c:\users\amari\documents\gcs\code\gcs\commprotocol\commprotocol-master\libxbee3\xsys_win32.h(40): warning C4005: 'va_copy' : macro redefinition
                 C:\Program Files (x86)\Microsoft Visual Studio 12.0\VC\include\stdarg.h(37) : see previous definition of 'va_copy'
         ll.c
     1>c:\users\amari\documents\gcs\code\gcs\commprotocol\commprotocol-master\libxbee3\xsys_win32_winpthreads.h(55): warning C4005: 'ETIMEDOUT' : macro redefinition
                 C:\Program Files (x86)\Microsoft Visual Studio 12.0\VC\include\errno.h(130) : see previous definition of 'ETIMEDOUT'
     1>c:\users\amari\documents\gcs\code\gcs\commprotocol\commprotocol-master\libxbee3\xsys_win32_winpthreads.h(56): warning C4005: 'ENOTSUP' : macro redefinition
                 C:\Program Files (x86)\Microsoft Visual Studio 12.0\VC\include\errno.h(121) : see previous definition of 'ENOTSUP'
     1>c:\users\amari\documents\gcs\code\gcs\commprotocol\commprotocol-master\libxbee3\xsys_win32_winpthreads.h(368): warning C4013: 'pthread_rwlock_unlock' undefined; assuming extern returning int
     1>c:\users\amari\documents\gcs\code\gcs\commprotocol\commprotocol-master\libxbee3\xsys_win32_winpthreads.h(411): warning C4013: '_endthreadex' undefined; assuming extern returning int
     1>c:\users\amari\documents\gcs\code\gcs\commprotocol\commprotocol-master\libxbee3\xsys_win32_winpthreads.h(472): warning C4996: '_ftime64': This function or variable may be unsafe. Consider using _ftime64_s instead. To disable deprecation, use _CRT_SECURE_NO_WARNINGS. See online help for details.
                 C:\Program Files (x86)\Microsoft Visual Studio 12.0\VC\include\sys/timeb.h(131) : see declaration of '_ftime64'
     1>c:\users\amari\documents\gcs\code\gcs\commprotocol\commprotocol-master\libxbee3\xsys_win32_winpthreads.h(756): warning C4101: 'i' : unreferenced local variable
     1>c:\users\amari\documents\gcs\code\gcs\commprotocol\commprotocol-master\libxbee3\xsys_win32_winpthreads.h(756): warning C4101: 'j' : unreferenced local variable
     1>c:\users\amari\documents\gcs\code\gcs\commprotocol\commprotocol-master\libxbee3\xsys_win32_winpthreads.h(812): warning C4013: '_beginthreadex' undefined; assuming extern returning int
     1>c:\users\amari\documents\gcs\code\gcs\commprotocol\commprotocol-master\libxbee3\xsys_win32_winpthreads.h(962): warning C4244: 'function' : conversion from 'unsigned __int64' to 'DWORD', possible loss of data
     1>c:\users\amari\documents\gcs\code\gcs\commprotocol\commprotocol-master\libxbee3\xsys_win32_winpthreads.h(1168): warning C4018: '>' : signed/unsigned mismatch
     1>c:\users\amari\documents\gcs\code\gcs\commprotocol\commprotocol-master\libxbee3\xsys_win32_winpthreads.h(1175): warning C4018: '>' : signed/unsigned mismatch
     1>c:\users\amari\documents\gcs\code\gcs\commprotocol\commprotocol-master\libxbee3\xsys_win32_winpthreads.h(1186): warning C4018: '>=' : signed/unsigned mismatch
     1>c:\users\amari\documents\gcs\code\gcs\commprotocol\commprotocol-master\libxbee3\xsys_win32_winpthreads.h(1196): warning C4018: '>' : signed/unsigned mismatch
     1>c:\users\amari\documents\gcs\code\gcs\commprotocol\commprotocol-master\libxbee3\xsys_win32_winpthreads.h(1302): warning C4244: 'function' : conversion from 'unsigned __int64' to 'DWORD', possible loss of data
     1>c:\users\amari\documents\gcs\code\gcs\commprotocol\commprotocol-master\libxbee3\xsys_win32.h(40): warning C4005: 'va_copy' : macro redefinition
                 C:\Program Files (x86)\Microsoft Visual Studio 12.0\VC\include\stdarg.h(37) : see previous definition of 'va_copy'
     1>C:\Users\amari\Documents\gcs\code\gcs\CommProtocol\CommProtocol-master\libxbee3\ll.c(363): warning C4018: '<' : signed/unsigned mismatch
     1>C:\Users\amari\Documents\gcs\code\gcs\CommProtocol\CommProtocol-master\libxbee3\ll.c(478): warning C4018: '<' : signed/unsigned mismatch
         log.c
     1>c:\users\amari\documents\gcs\code\gcs\commprotocol\commprotocol-master\libxbee3\xsys_win32_winpthreads.h(55): warning C4005: 'ETIMEDOUT' : macro redefinition
                 C:\Program Files (x86)\Microsoft Visual Studio 12.0\VC\include\errno.h(130) : see previous definition of 'ETIMEDOUT'
     1>c:\users\amari\documents\gcs\code\gcs\commprotocol\commprotocol-master\libxbee3\xsys_win32_winpthreads.h(56): warning C4005: 'ENOTSUP' : macro redefinition
                 C:\Program Files (x86)\Microsoft Visual Studio 12.0\VC\include\errno.h(121) : see previous definition of 'ENOTSUP'
     1>c:\users\amari\documents\gcs\code\gcs\commprotocol\commprotocol-master\libxbee3\xsys_win32_winpthreads.h(368): warning C4013: 'pthread_rwlock_unlock' undefined; assuming extern returning int
     1>c:\users\amari\documents\gcs\code\gcs\commprotocol\commprotocol-master\libxbee3\xsys_win32_winpthreads.h(411): warning C4013: '_endthreadex' undefined; assuming extern returning int
     1>c:\users\amari\documents\gcs\code\gcs\commprotocol\commprotocol-master\libxbee3\xsys_win32_winpthreads.h(472): warning C4996: '_ftime64': This function or variable may be unsafe. Consider using _ftime64_s instead. To disable deprecation, use _CRT_SECURE_NO_WARNINGS. See online help for details.
                 C:\Program Files (x86)\Microsoft Visual Studio 12.0\VC\include\sys/timeb.h(131) : see declaration of '_ftime64'
     1>c:\users\amari\documents\gcs\code\gcs\commprotocol\commprotocol-master\libxbee3\xsys_win32_winpthreads.h(756): warning C4101: 'i' : unreferenced local variable
     1>c:\users\amari\documents\gcs\code\gcs\commprotocol\commprotocol-master\libxbee3\xsys_win32_winpthreads.h(756): warning C4101: 'j' : unreferenced local variable
     1>c:\users\amari\documents\gcs\code\gcs\commprotocol\commprotocol-master\libxbee3\xsys_win32_winpthreads.h(812): warning C4013: '_beginthreadex' undefined; assuming extern returning int
     1>c:\users\amari\documents\gcs\code\gcs\commprotocol\commprotocol-master\libxbee3\xsys_win32_winpthreads.h(962): warning C4244: 'function' : conversion from 'unsigned __int64' to 'DWORD', possible loss of data
     1>c:\users\amari\documents\gcs\code\gcs\commprotocol\commprotocol-master\libxbee3\xsys_win32_winpthreads.h(1168): warning C4018: '>' : signed/unsigned mismatch
     1>c:\users\amari\documents\gcs\code\gcs\commprotocol\commprotocol-master\libxbee3\xsys_win32_winpthreads.h(1175): warning C4018: '>' : signed/unsigned mismatch
     1>c:\users\amari\documents\gcs\code\gcs\commprotocol\commprotocol-master\libxbee3\xsys_win32_winpthreads.h(1186): warning C4018: '>=' : signed/unsigned mismatch
     1>c:\users\amari\documents\gcs\code\gcs\commprotocol\commprotocol-master\libxbee3\xsys_win32_winpthreads.h(1196): warning C4018: '>' : signed/unsigned mismatch
     1>c:\users\amari\documents\gcs\code\gcs\commprotocol\commprotocol-master\libxbee3\xsys_win32_winpthreads.h(1302): warning C4244: 'function' : conversion from 'unsigned __int64' to 'DWORD', possible loss of data
     1>c:\users\amari\documents\gcs\code\gcs\commprotocol\commprotocol-master\libxbee3\xsys_win32.h(40): warning C4005: 'va_copy' : macro redefinition
                 C:\Program Files (x86)\Microsoft Visual Studio 12.0\VC\include\stdarg.h(37) : see previous definition of 'va_copy'
     1>C:\Users\amari\Documents\gcs\code\gcs\CommProtocol\CommProtocol-master\libxbee3\log.c(149): warning C4996: 'vsnprintf': This function or variable may be unsafe. Consider using vsnprintf_s instead. To disable deprecation, use _CRT_SECURE_NO_WARNINGS. See online help for details.
                 C:\Program Files (x86)\Microsoft Visual Studio 12.0\VC\include\stdio.h(337) : see declaration of 'vsnprintf'
     1>C:\Users\amari\Documents\gcs\code\gcs\CommProtocol\CommProtocol-master\libxbee3\log.c(155): warning C4996: 'strcpy': This function or variable may be unsafe. Consider using strcpy_s instead. To disable deprecation, use _CRT_SECURE_NO_WARNINGS. See online help for details.
                 C:\Program Files (x86)\Microsoft Visual Studio 12.0\VC\include\string.h(112) : see declaration of 'strcpy'
     1>C:\Users\amari\Documents\gcs\code\gcs\CommProtocol\CommProtocol-master\libxbee3\log.c(246): warning C4018: '<' : signed/unsigned mismatch
     1>C:\Users\amari\Documents\gcs\code\gcs\CommProtocol\CommProtocol-master\libxbee3\log.c(248): warning C4018: '<' : signed/unsigned mismatch
     1>C:\Users\amari\Documents\gcs\code\gcs\CommProtocol\CommProtocol-master\libxbee3\log.c(249): warning C4996: '_snprintf': This function or variable may be unsafe. Consider using _snprintf_s instead. To disable deprecation, use _CRT_SECURE_NO_WARNINGS. See online help for details.
                 C:\Program Files (x86)\Microsoft Visual Studio 12.0\VC\include\stdio.h(346) : see declaration of '_snprintf'
     1>C:\Users\amari\Documents\gcs\code\gcs\CommProtocol\CommProtocol-master\libxbee3\log.c(255): warning C4996: 'strncpy': This function or variable may be unsafe. Consider using strncpy_s instead. To disable deprecation, use _CRT_SECURE_NO_WARNINGS. See online help for details.
                 C:\Program Files (x86)\Microsoft Visual Studio 12.0\VC\include\string.h(195) : see declaration of 'strncpy'
         mode.c
     1>c:\users\amari\documents\gcs\code\gcs\commprotocol\commprotocol-master\libxbee3\xsys_win32_winpthreads.h(55): warning C4005: 'ETIMEDOUT' : macro redefinition
                 C:\Program Files (x86)\Microsoft Visual Studio 12.0\VC\include\errno.h(130) : see previous definition of 'ETIMEDOUT'
     1>c:\users\amari\documents\gcs\code\gcs\commprotocol\commprotocol-master\libxbee3\xsys_win32_winpthreads.h(56): warning C4005: 'ENOTSUP' : macro redefinition
                 C:\Program Files (x86)\Microsoft Visual Studio 12.0\VC\include\errno.h(121) : see previous definition of 'ENOTSUP'
     1>c:\users\amari\documents\gcs\code\gcs\commprotocol\commprotocol-master\libxbee3\xsys_win32_winpthreads.h(368): warning C4013: 'pthread_rwlock_unlock' undefined; assuming extern returning int
     1>c:\users\amari\documents\gcs\code\gcs\commprotocol\commprotocol-master\libxbee3\xsys_win32_winpthreads.h(411): warning C4013: '_endthreadex' undefined; assuming extern returning int
     1>c:\users\amari\documents\gcs\code\gcs\commprotocol\commprotocol-master\libxbee3\xsys_win32_winpthreads.h(472): warning C4996: '_ftime64': This function or variable may be unsafe. Consider using _ftime64_s instead. To disable deprecation, use _CRT_SECURE_NO_WARNINGS. See online help for details.
                 C:\Program Files (x86)\Microsoft Visual Studio 12.0\VC\include\sys/timeb.h(131) : see declaration of '_ftime64'
     1>c:\users\amari\documents\gcs\code\gcs\commprotocol\commprotocol-master\libxbee3\xsys_win32_winpthreads.h(756): warning C4101: 'i' : unreferenced local variable
     1>c:\users\amari\documents\gcs\code\gcs\commprotocol\commprotocol-master\libxbee3\xsys_win32_winpthreads.h(756): warning C4101: 'j' : unreferenced local variable
     1>c:\users\amari\documents\gcs\code\gcs\commprotocol\commprotocol-master\libxbee3\xsys_win32_winpthreads.h(812): warning C4013: '_beginthreadex' undefined; assuming extern returning int
     1>c:\users\amari\documents\gcs\code\gcs\commprotocol\commprotocol-master\libxbee3\xsys_win32_winpthreads.h(962): warning C4244: 'function' : conversion from 'unsigned __int64' to 'DWORD', possible loss of data
     1>c:\users\amari\documents\gcs\code\gcs\commprotocol\commprotocol-master\libxbee3\xsys_win32_winpthreads.h(1168): warning C4018: '>' : signed/unsigned mismatch
     1>c:\users\amari\documents\gcs\code\gcs\commprotocol\commprotocol-master\libxbee3\xsys_win32_winpthreads.h(1175): warning C4018: '>' : signed/unsigned mismatch
     1>c:\users\amari\documents\gcs\code\gcs\commprotocol\commprotocol-master\libxbee3\xsys_win32_winpthreads.h(1186): warning C4018: '>=' : signed/unsigned mismatch
     1>c:\users\amari\documents\gcs\code\gcs\commprotocol\commprotocol-master\libxbee3\xsys_win32_winpthreads.h(1196): warning C4018: '>' : signed/unsigned mismatch
     1>c:\users\amari\documents\gcs\code\gcs\commprotocol\commprotocol-master\libxbee3\xsys_win32_winpthreads.h(1302): warning C4244: 'function' : conversion from 'unsigned __int64' to 'DWORD', possible loss of data
     1>c:\users\amari\documents\gcs\code\gcs\commprotocol\commprotocol-master\libxbee3\xsys_win32.h(40): warning C4005: 'va_copy' : macro redefinition
                 C:\Program Files (x86)\Microsoft Visual Studio 12.0\VC\include\stdarg.h(37) : see previous definition of 'va_copy'
     1>C:\Users\amari\Documents\gcs\code\gcs\CommProtocol\CommProtocol-master\libxbee3\mode.c(204): warning C4996: 'strcpy': This function or variable may be unsafe. Consider using strcpy_s instead. To disable deprecation, use _CRT_SECURE_NO_WARNINGS. See online help for details.
                 C:\Program Files (x86)\Microsoft Visual Studio 12.0\VC\include\string.h(112) : see declaration of 'strcpy'
         mutex.c
     1>c:\users\amari\documents\gcs\code\gcs\commprotocol\commprotocol-master\libxbee3\xsys_win32_winpthreads.h(55): warning C4005: 'ETIMEDOUT' : macro redefinition
                 C:\Program Files (x86)\Microsoft Visual Studio 12.0\VC\include\errno.h(130) : see previous definition of 'ETIMEDOUT'
     1>c:\users\amari\documents\gcs\code\gcs\commprotocol\commprotocol-master\libxbee3\xsys_win32_winpthreads.h(56): warning C4005: 'ENOTSUP' : macro redefinition
                 C:\Program Files (x86)\Microsoft Visual Studio 12.0\VC\include\errno.h(121) : see previous definition of 'ENOTSUP'
     1>c:\users\amari\documents\gcs\code\gcs\commprotocol\commprotocol-master\libxbee3\xsys_win32_winpthreads.h(368): warning C4013: 'pthread_rwlock_unlock' undefined; assuming extern returning int
     1>c:\users\amari\documents\gcs\code\gcs\commprotocol\commprotocol-master\libxbee3\xsys_win32_winpthreads.h(411): warning C4013: '_endthreadex' undefined; assuming extern returning int
     1>c:\users\amari\documents\gcs\code\gcs\commprotocol\commprotocol-master\libxbee3\xsys_win32_winpthreads.h(472): warning C4996: '_ftime64': This function or variable may be unsafe. Consider using _ftime64_s instead. To disable deprecation, use _CRT_SECURE_NO_WARNINGS. See online help for details.
                 C:\Program Files (x86)\Microsoft Visual Studio 12.0\VC\include\sys/timeb.h(131) : see declaration of '_ftime64'
     1>c:\users\amari\documents\gcs\code\gcs\commprotocol\commprotocol-master\libxbee3\xsys_win32_winpthreads.h(756): warning C4101: 'i' : unreferenced local variable
     1>c:\users\amari\documents\gcs\code\gcs\commprotocol\commprotocol-master\libxbee3\xsys_win32_winpthreads.h(756): warning C4101: 'j' : unreferenced local variable
     1>c:\users\amari\documents\gcs\code\gcs\commprotocol\commprotocol-master\libxbee3\xsys_win32_winpthreads.h(812): warning C4013: '_beginthreadex' undefined; assuming extern returning int
     1>c:\users\amari\documents\gcs\code\gcs\commprotocol\commprotocol-master\libxbee3\xsys_win32_winpthreads.h(962): warning C4244: 'function' : conversion from 'unsigned __int64' to 'DWORD', possible loss of data
     1>c:\users\amari\documents\gcs\code\gcs\commprotocol\commprotocol-master\libxbee3\xsys_win32_winpthreads.h(1168): warning C4018: '>' : signed/unsigned mismatch
     1>c:\users\amari\documents\gcs\code\gcs\commprotocol\commprotocol-master\libxbee3\xsys_win32_winpthreads.h(1175): warning C4018: '>' : signed/unsigned mismatch
     1>c:\users\amari\documents\gcs\code\gcs\commprotocol\commprotocol-master\libxbee3\xsys_win32_winpthreads.h(1186): warning C4018: '>=' : signed/unsigned mismatch
     1>c:\users\amari\documents\gcs\code\gcs\commprotocol\commprotocol-master\libxbee3\xsys_win32_winpthreads.h(1196): warning C4018: '>' : signed/unsigned mismatch
     1>c:\users\amari\documents\gcs\code\gcs\commprotocol\commprotocol-master\libxbee3\xsys_win32_winpthreads.h(1302): warning C4244: 'function' : conversion from 'unsigned __int64' to 'DWORD', possible loss of data
     1>c:\users\amari\documents\gcs\code\gcs\commprotocol\commprotocol-master\libxbee3\xsys_win32.h(40): warning C4005: 'va_copy' : macro redefinition
                 C:\Program Files (x86)\Microsoft Visual Studio 12.0\VC\include\stdarg.h(37) : see previous definition of 'va_copy'
         pkt.c
     1>c:\users\amari\documents\gcs\code\gcs\commprotocol\commprotocol-master\libxbee3\xsys_win32_winpthreads.h(55): warning C4005: 'ETIMEDOUT' : macro redefinition
                 C:\Program Files (x86)\Microsoft Visual Studio 12.0\VC\include\errno.h(130) : see previous definition of 'ETIMEDOUT'
     1>c:\users\amari\documents\gcs\code\gcs\commprotocol\commprotocol-master\libxbee3\xsys_win32_winpthreads.h(56): warning C4005: 'ENOTSUP' : macro redefinition
                 C:\Program Files (x86)\Microsoft Visual Studio 12.0\VC\include\errno.h(121) : see previous definition of 'ENOTSUP'
     1>c:\users\amari\documents\gcs\code\gcs\commprotocol\commprotocol-master\libxbee3\xsys_win32_winpthreads.h(368): warning C4013: 'pthread_rwlock_unlock' undefined; assuming extern returning int
     1>c:\users\amari\documents\gcs\code\gcs\commprotocol\commprotocol-master\libxbee3\xsys_win32_winpthreads.h(411): warning C4013: '_endthreadex' undefined; assuming extern returning int
     1>c:\users\amari\documents\gcs\code\gcs\commprotocol\commprotocol-master\libxbee3\xsys_win32_winpthreads.h(472): warning C4996: '_ftime64': This function or variable may be unsafe. Consider using _ftime64_s instead. To disable deprecation, use _CRT_SECURE_NO_WARNINGS. See online help for details.
                 C:\Program Files (x86)\Microsoft Visual Studio 12.0\VC\include\sys/timeb.h(131) : see declaration of '_ftime64'
     1>c:\users\amari\documents\gcs\code\gcs\commprotocol\commprotocol-master\libxbee3\xsys_win32_winpthreads.h(756): warning C4101: 'i' : unreferenced local variable
     1>c:\users\amari\documents\gcs\code\gcs\commprotocol\commprotocol-master\libxbee3\xsys_win32_winpthreads.h(756): warning C4101: 'j' : unreferenced local variable
     1>c:\users\amari\documents\gcs\code\gcs\commprotocol\commprotocol-master\libxbee3\xsys_win32_winpthreads.h(812): warning C4013: '_beginthreadex' undefined; assuming extern returning int
     1>c:\users\amari\documents\gcs\code\gcs\commprotocol\commprotocol-master\libxbee3\xsys_win32_winpthreads.h(962): warning C4244: 'function' : conversion from 'unsigned __int64' to 'DWORD', possible loss of data
     1>c:\users\amari\documents\gcs\code\gcs\commprotocol\commprotocol-master\libxbee3\xsys_win32_winpthreads.h(1168): warning C4018: '>' : signed/unsigned mismatch
     1>c:\users\amari\documents\gcs\code\gcs\commprotocol\commprotocol-master\libxbee3\xsys_win32_winpthreads.h(1175): warning C4018: '>' : signed/unsigned mismatch
     1>c:\users\amari\documents\gcs\code\gcs\commprotocol\commprotocol-master\libxbee3\xsys_win32_winpthreads.h(1186): warning C4018: '>=' : signed/unsigned mismatch
     1>c:\users\amari\documents\gcs\code\gcs\commprotocol\commprotocol-master\libxbee3\xsys_win32_winpthreads.h(1196): warning C4018: '>' : signed/unsigned mismatch
     1>c:\users\amari\documents\gcs\code\gcs\commprotocol\commprotocol-master\libxbee3\xsys_win32_winpthreads.h(1302): warning C4244: 'function' : conversion from 'unsigned __int64' to 'DWORD', possible loss of data
     1>c:\users\amari\documents\gcs\code\gcs\commprotocol\commprotocol-master\libxbee3\xsys_win32.h(40): warning C4005: 'va_copy' : macro redefinition
                 C:\Program Files (x86)\Microsoft Visual Studio 12.0\VC\include\stdarg.h(37) : see previous definition of 'va_copy'
     1>C:\Users\amari\Documents\gcs\code\gcs\CommProtocol\CommProtocol-master\libxbee3\pkt.c(149): warning C4996: '_snprintf': This function or variable may be unsafe. Consider using _snprintf_s instead. To disable deprecation, use _CRT_SECURE_NO_WARNINGS. See online help for details.
                 C:\Program Files (x86)\Microsoft Visual Studio 12.0\VC\include\stdio.h(346) : see declaration of '_snprintf'
     1>C:\Users\amari\Documents\gcs\code\gcs\CommProtocol\CommProtocol-master\libxbee3\pkt.c(239): warning C4018: '>=' : signed/unsigned mismatch
         prepare.c
     1>c:\users\amari\documents\gcs\code\gcs\commprotocol\commprotocol-master\libxbee3\xsys_win32_winpthreads.h(55): warning C4005: 'ETIMEDOUT' : macro redefinition
                 C:\Program Files (x86)\Microsoft Visual Studio 12.0\VC\include\errno.h(130) : see previous definition of 'ETIMEDOUT'
     1>c:\users\amari\documents\gcs\code\gcs\commprotocol\commprotocol-master\libxbee3\xsys_win32_winpthreads.h(56): warning C4005: 'ENOTSUP' : macro redefinition
                 C:\Program Files (x86)\Microsoft Visual Studio 12.0\VC\include\errno.h(121) : see previous definition of 'ENOTSUP'
     1>c:\users\amari\documents\gcs\code\gcs\commprotocol\commprotocol-master\libxbee3\xsys_win32_winpthreads.h(368): warning C4013: 'pthread_rwlock_unlock' undefined; assuming extern returning int
     1>c:\users\amari\documents\gcs\code\gcs\commprotocol\commprotocol-master\libxbee3\xsys_win32_winpthreads.h(411): warning C4013: '_endthreadex' undefined; assuming extern returning int
     1>c:\users\amari\documents\gcs\code\gcs\commprotocol\commprotocol-master\libxbee3\xsys_win32_winpthreads.h(472): warning C4996: '_ftime64': This function or variable may be unsafe. Consider using _ftime64_s instead. To disable deprecation, use _CRT_SECURE_NO_WARNINGS. See online help for details.
                 C:\Program Files (x86)\Microsoft Visual Studio 12.0\VC\include\sys/timeb.h(131) : see declaration of '_ftime64'
     1>c:\users\amari\documents\gcs\code\gcs\commprotocol\commprotocol-master\libxbee3\xsys_win32_winpthreads.h(756): warning C4101: 'i' : unreferenced local variable
     1>c:\users\amari\documents\gcs\code\gcs\commprotocol\commprotocol-master\libxbee3\xsys_win32_winpthreads.h(756): warning C4101: 'j' : unreferenced local variable
     1>c:\users\amari\documents\gcs\code\gcs\commprotocol\commprotocol-master\libxbee3\xsys_win32_winpthreads.h(812): warning C4013: '_beginthreadex' undefined; assuming extern returning int
     1>c:\users\amari\documents\gcs\code\gcs\commprotocol\commprotocol-master\libxbee3\xsys_win32_winpthreads.h(962): warning C4244: 'function' : conversion from 'unsigned __int64' to 'DWORD', possible loss of data
     1>c:\users\amari\documents\gcs\code\gcs\commprotocol\commprotocol-master\libxbee3\xsys_win32_winpthreads.h(1168): warning C4018: '>' : signed/unsigned mismatch
     1>c:\users\amari\documents\gcs\code\gcs\commprotocol\commprotocol-master\libxbee3\xsys_win32_winpthreads.h(1175): warning C4018: '>' : signed/unsigned mismatch
     1>c:\users\amari\documents\gcs\code\gcs\commprotocol\commprotocol-master\libxbee3\xsys_win32_winpthreads.h(1186): warning C4018: '>=' : signed/unsigned mismatch
     1>c:\users\amari\documents\gcs\code\gcs\commprotocol\commprotocol-master\libxbee3\xsys_win32_winpthreads.h(1196): warning C4018: '>' : signed/unsigned mismatch
     1>c:\users\amari\documents\gcs\code\gcs\commprotocol\commprotocol-master\libxbee3\xsys_win32_winpthreads.h(1302): warning C4244: 'function' : conversion from 'unsigned __int64' to 'DWORD', possible loss of data
     1>c:\users\amari\documents\gcs\code\gcs\commprotocol\commprotocol-master\libxbee3\xsys_win32.h(40): warning C4005: 'va_copy' : macro redefinition
                 C:\Program Files (x86)\Microsoft Visual Studio 12.0\VC\include\stdarg.h(37) : see previous definition of 'va_copy'
         rx.c
     1>c:\users\amari\documents\gcs\code\gcs\commprotocol\commprotocol-master\libxbee3\xsys_win32_winpthreads.h(55): warning C4005: 'ETIMEDOUT' : macro redefinition
                 C:\Program Files (x86)\Microsoft Visual Studio 12.0\VC\include\errno.h(130) : see previous definition of 'ETIMEDOUT'
     1>c:\users\amari\documents\gcs\code\gcs\commprotocol\commprotocol-master\libxbee3\xsys_win32_winpthreads.h(56): warning C4005: 'ENOTSUP' : macro redefinition
                 C:\Program Files (x86)\Microsoft Visual Studio 12.0\VC\include\errno.h(121) : see previous definition of 'ENOTSUP'
     1>c:\users\amari\documents\gcs\code\gcs\commprotocol\commprotocol-master\libxbee3\xsys_win32_winpthreads.h(368): warning C4013: 'pthread_rwlock_unlock' undefined; assuming extern returning int
     1>c:\users\amari\documents\gcs\code\gcs\commprotocol\commprotocol-master\libxbee3\xsys_win32_winpthreads.h(411): warning C4013: '_endthreadex' undefined; assuming extern returning int
     1>c:\users\amari\documents\gcs\code\gcs\commprotocol\commprotocol-master\libxbee3\xsys_win32_winpthreads.h(472): warning C4996: '_ftime64': This function or variable may be unsafe. Consider using _ftime64_s instead. To disable deprecation, use _CRT_SECURE_NO_WARNINGS. See online help for details.
                 C:\Program Files (x86)\Microsoft Visual Studio 12.0\VC\include\sys/timeb.h(131) : see declaration of '_ftime64'
     1>c:\users\amari\documents\gcs\code\gcs\commprotocol\commprotocol-master\libxbee3\xsys_win32_winpthreads.h(756): warning C4101: 'i' : unreferenced local variable
     1>c:\users\amari\documents\gcs\code\gcs\commprotocol\commprotocol-master\libxbee3\xsys_win32_winpthreads.h(756): warning C4101: 'j' : unreferenced local variable
     1>c:\users\amari\documents\gcs\code\gcs\commprotocol\commprotocol-master\libxbee3\xsys_win32_winpthreads.h(812): warning C4013: '_beginthreadex' undefined; assuming extern returning int
     1>c:\users\amari\documents\gcs\code\gcs\commprotocol\commprotocol-master\libxbee3\xsys_win32_winpthreads.h(962): warning C4244: 'function' : conversion from 'unsigned __int64' to 'DWORD', possible loss of data
     1>c:\users\amari\documents\gcs\code\gcs\commprotocol\commprotocol-master\libxbee3\xsys_win32_winpthreads.h(1168): warning C4018: '>' : signed/unsigned mismatch
     1>c:\users\amari\documents\gcs\code\gcs\commprotocol\commprotocol-master\libxbee3\xsys_win32_winpthreads.h(1175): warning C4018: '>' : signed/unsigned mismatch
     1>c:\users\amari\documents\gcs\code\gcs\commprotocol\commprotocol-master\libxbee3\xsys_win32_winpthreads.h(1186): warning C4018: '>=' : signed/unsigned mismatch
     1>c:\users\amari\documents\gcs\code\gcs\commprotocol\commprotocol-master\libxbee3\xsys_win32_winpthreads.h(1196): warning C4018: '>' : signed/unsigned mismatch
     1>c:\users\amari\documents\gcs\code\gcs\commprotocol\commprotocol-master\libxbee3\xsys_win32_winpthreads.h(1302): warning C4244: 'function' : conversion from 'unsigned __int64' to 'DWORD', possible loss of data
     1>c:\users\amari\documents\gcs\code\gcs\commprotocol\commprotocol-master\libxbee3\xsys_win32.h(40): warning C4005: 'va_copy' : macro redefinition
                 C:\Program Files (x86)\Microsoft Visual Studio 12.0\VC\include\stdarg.h(37) : see previous definition of 'va_copy'
         thread.c
     1>c:\users\amari\documents\gcs\code\gcs\commprotocol\commprotocol-master\libxbee3\xsys_win32_winpthreads.h(55): warning C4005: 'ETIMEDOUT' : macro redefinition
                 C:\Program Files (x86)\Microsoft Visual Studio 12.0\VC\include\errno.h(130) : see previous definition of 'ETIMEDOUT'
     1>c:\users\amari\documents\gcs\code\gcs\commprotocol\commprotocol-master\libxbee3\xsys_win32_winpthreads.h(56): warning C4005: 'ENOTSUP' : macro redefinition
                 C:\Program Files (x86)\Microsoft Visual Studio 12.0\VC\include\errno.h(121) : see previous definition of 'ENOTSUP'
     1>c:\users\amari\documents\gcs\code\gcs\commprotocol\commprotocol-master\libxbee3\xsys_win32_winpthreads.h(368): warning C4013: 'pthread_rwlock_unlock' undefined; assuming extern returning int
     1>c:\users\amari\documents\gcs\code\gcs\commprotocol\commprotocol-master\libxbee3\xsys_win32_winpthreads.h(411): warning C4013: '_endthreadex' undefined; assuming extern returning int
     1>c:\users\amari\documents\gcs\code\gcs\commprotocol\commprotocol-master\libxbee3\xsys_win32_winpthreads.h(472): warning C4996: '_ftime64': This function or variable may be unsafe. Consider using _ftime64_s instead. To disable deprecation, use _CRT_SECURE_NO_WARNINGS. See online help for details.
                 C:\Program Files (x86)\Microsoft Visual Studio 12.0\VC\include\sys/timeb.h(131) : see declaration of '_ftime64'
     1>c:\users\amari\documents\gcs\code\gcs\commprotocol\commprotocol-master\libxbee3\xsys_win32_winpthreads.h(756): warning C4101: 'i' : unreferenced local variable
     1>c:\users\amari\documents\gcs\code\gcs\commprotocol\commprotocol-master\libxbee3\xsys_win32_winpthreads.h(756): warning C4101: 'j' : unreferenced local variable
     1>c:\users\amari\documents\gcs\code\gcs\commprotocol\commprotocol-master\libxbee3\xsys_win32_winpthreads.h(812): warning C4013: '_beginthreadex' undefined; assuming extern returning int
     1>c:\users\amari\documents\gcs\code\gcs\commprotocol\commprotocol-master\libxbee3\xsys_win32_winpthreads.h(962): warning C4244: 'function' : conversion from 'unsigned __int64' to 'DWORD', possible loss of data
     1>c:\users\amari\documents\gcs\code\gcs\commprotocol\commprotocol-master\libxbee3\xsys_win32_winpthreads.h(1168): warning C4018: '>' : signed/unsigned mismatch
     1>c:\users\amari\documents\gcs\code\gcs\commprotocol\commprotocol-master\libxbee3\xsys_win32_winpthreads.h(1175): warning C4018: '>' : signed/unsigned mismatch
     1>c:\users\amari\documents\gcs\code\gcs\commprotocol\commprotocol-master\libxbee3\xsys_win32_winpthreads.h(1186): warning C4018: '>=' : signed/unsigned mismatch
     1>c:\users\amari\documents\gcs\code\gcs\commprotocol\commprotocol-master\libxbee3\xsys_win32_winpthreads.h(1196): warning C4018: '>' : signed/unsigned mismatch
     1>c:\users\amari\documents\gcs\code\gcs\commprotocol\commprotocol-master\libxbee3\xsys_win32_winpthreads.h(1302): warning C4244: 'function' : conversion from 'unsigned __int64' to 'DWORD', possible loss of data
     1>c:\users\amari\documents\gcs\code\gcs\commprotocol\commprotocol-master\libxbee3\xsys_win32.h(40): warning C4005: 'va_copy' : macro redefinition
                 C:\Program Files (x86)\Microsoft Visual Studio 12.0\VC\include\stdarg.h(37) : see previous definition of 'va_copy'
     1>C:\Users\amari\Documents\gcs\code\gcs\CommProtocol\CommProtocol-master\libxbee3\thread.c(90): warning C4244: 'function' : conversion from 'time_t' to 'DWORD', possible loss of data
         tx.c
     1>c:\users\amari\documents\gcs\code\gcs\commprotocol\commprotocol-master\libxbee3\xsys_win32_winpthreads.h(55): warning C4005: 'ETIMEDOUT' : macro redefinition
                 C:\Program Files (x86)\Microsoft Visual Studio 12.0\VC\include\errno.h(130) : see previous definition of 'ETIMEDOUT'
     1>c:\users\amari\documents\gcs\code\gcs\commprotocol\commprotocol-master\libxbee3\xsys_win32_winpthreads.h(56): warning C4005: 'ENOTSUP' : macro redefinition
                 C:\Program Files (x86)\Microsoft Visual Studio 12.0\VC\include\errno.h(121) : see previous definition of 'ENOTSUP'
     1>c:\users\amari\documents\gcs\code\gcs\commprotocol\commprotocol-master\libxbee3\xsys_win32_winpthreads.h(368): warning C4013: 'pthread_rwlock_unlock' undefined; assuming extern returning int
     1>c:\users\amari\documents\gcs\code\gcs\commprotocol\commprotocol-master\libxbee3\xsys_win32_winpthreads.h(411): warning C4013: '_endthreadex' undefined; assuming extern returning int
     1>c:\users\amari\documents\gcs\code\gcs\commprotocol\commprotocol-master\libxbee3\xsys_win32_winpthreads.h(472): warning C4996: '_ftime64': This function or variable may be unsafe. Consider using _ftime64_s instead. To disable deprecation, use _CRT_SECURE_NO_WARNINGS. See online help for details.
                 C:\Program Files (x86)\Microsoft Visual Studio 12.0\VC\include\sys/timeb.h(131) : see declaration of '_ftime64'
     1>c:\users\amari\documents\gcs\code\gcs\commprotocol\commprotocol-master\libxbee3\xsys_win32_winpthreads.h(756): warning C4101: 'i' : unreferenced local variable
     1>c:\users\amari\documents\gcs\code\gcs\commprotocol\commprotocol-master\libxbee3\xsys_win32_winpthreads.h(756): warning C4101: 'j' : unreferenced local variable
     1>c:\users\amari\documents\gcs\code\gcs\commprotocol\commprotocol-master\libxbee3\xsys_win32_winpthreads.h(812): warning C4013: '_beginthreadex' undefined; assuming extern returning int
     1>c:\users\amari\documents\gcs\code\gcs\commprotocol\commprotocol-master\libxbee3\xsys_win32_winpthreads.h(962): warning C4244: 'function' : conversion from 'unsigned __int64' to 'DWORD', possible loss of data
     1>c:\users\amari\documents\gcs\code\gcs\commprotocol\commprotocol-master\libxbee3\xsys_win32_winpthreads.h(1168): warning C4018: '>' : signed/unsigned mismatch
     1>c:\users\amari\documents\gcs\code\gcs\commprotocol\commprotocol-master\libxbee3\xsys_win32_winpthreads.h(1175): warning C4018: '>' : signed/unsigned mismatch
     1>c:\users\amari\documents\gcs\code\gcs\commprotocol\commprotocol-master\libxbee3\xsys_win32_winpthreads.h(1186): warning C4018: '>=' : signed/unsigned mismatch
     1>c:\users\amari\documents\gcs\code\gcs\commprotocol\commprotocol-master\libxbee3\xsys_win32_winpthreads.h(1196): warning C4018: '>' : signed/unsigned mismatch
     1>c:\users\amari\documents\gcs\code\gcs\commprotocol\commprotocol-master\libxbee3\xsys_win32_winpthreads.h(1302): warning C4244: 'function' : conversion from 'unsigned __int64' to 'DWORD', possible loss of data
     1>c:\users\amari\documents\gcs\code\gcs\commprotocol\commprotocol-master\libxbee3\xsys_win32.h(40): warning C4005: 'va_copy' : macro redefinition
                 C:\Program Files (x86)\Microsoft Visual Studio 12.0\VC\include\stdarg.h(37) : see previous definition of 'va_copy'
         ver.c
     1>c:\users\amari\documents\gcs\code\gcs\commprotocol\commprotocol-master\libxbee3\xsys_win32_winpthreads.h(55): warning C4005: 'ETIMEDOUT' : macro redefinition
                 C:\Program Files (x86)\Microsoft Visual Studio 12.0\VC\include\errno.h(130) : see previous definition of 'ETIMEDOUT'
     1>c:\users\amari\documents\gcs\code\gcs\commprotocol\commprotocol-master\libxbee3\xsys_win32_winpthreads.h(56): warning C4005: 'ENOTSUP' : macro redefinition
                 C:\Program Files (x86)\Microsoft Visual Studio 12.0\VC\include\errno.h(121) : see previous definition of 'ENOTSUP'
     1>c:\users\amari\documents\gcs\code\gcs\commprotocol\commprotocol-master\libxbee3\xsys_win32_winpthreads.h(368): warning C4013: 'pthread_rwlock_unlock' undefined; assuming extern returning int
     1>c:\users\amari\documents\gcs\code\gcs\commprotocol\commprotocol-master\libxbee3\xsys_win32_winpthreads.h(411): warning C4013: '_endthreadex' undefined; assuming extern returning int
     1>c:\users\amari\documents\gcs\code\gcs\commprotocol\commprotocol-master\libxbee3\xsys_win32_winpthreads.h(472): warning C4996: '_ftime64': This function or variable may be unsafe. Consider using _ftime64_s instead. To disable deprecation, use _CRT_SECURE_NO_WARNINGS. See online help for details.
                 C:\Program Files (x86)\Microsoft Visual Studio 12.0\VC\include\sys/timeb.h(131) : see declaration of '_ftime64'
     1>c:\users\amari\documents\gcs\code\gcs\commprotocol\commprotocol-master\libxbee3\xsys_win32_winpthreads.h(756): warning C4101: 'i' : unreferenced local variable
     1>c:\users\amari\documents\gcs\code\gcs\commprotocol\commprotocol-master\libxbee3\xsys_win32_winpthreads.h(756): warning C4101: 'j' : unreferenced local variable
     1>c:\users\amari\documents\gcs\code\gcs\commprotocol\commprotocol-master\libxbee3\xsys_win32_winpthreads.h(812): warning C4013: '_beginthreadex' undefined; assuming extern returning int
     1>c:\users\amari\documents\gcs\code\gcs\commprotocol\commprotocol-master\libxbee3\xsys_win32_winpthreads.h(962): warning C4244: 'function' : conversion from 'unsigned __int64' to 'DWORD', possible loss of data
     1>c:\users\amari\documents\gcs\code\gcs\commprotocol\commprotocol-master\libxbee3\xsys_win32_winpthreads.h(1168): warning C4018: '>' : signed/unsigned mismatch
     1>c:\users\amari\documents\gcs\code\gcs\commprotocol\commprotocol-master\libxbee3\xsys_win32_winpthreads.h(1175): warning C4018: '>' : signed/unsigned mismatch
     1>c:\users\amari\documents\gcs\code\gcs\commprotocol\commprotocol-master\libxbee3\xsys_win32_winpthreads.h(1186): warning C4018: '>=' : signed/unsigned mismatch
     1>c:\users\amari\documents\gcs\code\gcs\commprotocol\commprotocol-master\libxbee3\xsys_win32_winpthreads.h(1196): warning C4018: '>' : signed/unsigned mismatch
     1>c:\users\amari\documents\gcs\code\gcs\commprotocol\commprotocol-master\libxbee3\xsys_win32_winpthreads.h(1302): warning C4244: 'function' : conversion from 'unsigned __int64' to 'DWORD', possible loss of data
     1>c:\users\amari\documents\gcs\code\gcs\commprotocol\commprotocol-master\libxbee3\xsys_win32.h(40): warning C4005: 'va_copy' : macro redefinition
                 C:\Program Files (x86)\Microsoft Visual Studio 12.0\VC\include\stdarg.h(37) : see previous definition of 'va_copy'
         xbee.c
     1>c:\users\amari\documents\gcs\code\gcs\commprotocol\commprotocol-master\libxbee3\xsys_win32_winpthreads.h(55): warning C4005: 'ETIMEDOUT' : macro redefinition
                 C:\Program Files (x86)\Microsoft Visual Studio 12.0\VC\include\errno.h(130) : see previous definition of 'ETIMEDOUT'
     1>c:\users\amari\documents\gcs\code\gcs\commprotocol\commprotocol-master\libxbee3\xsys_win32_winpthreads.h(56): warning C4005: 'ENOTSUP' : macro redefinition
                 C:\Program Files (x86)\Microsoft Visual Studio 12.0\VC\include\errno.h(121) : see previous definition of 'ENOTSUP'
     1>c:\users\amari\documents\gcs\code\gcs\commprotocol\commprotocol-master\libxbee3\xsys_win32_winpthreads.h(368): warning C4013: 'pthread_rwlock_unlock' undefined; assuming extern returning int
     1>c:\users\amari\documents\gcs\code\gcs\commprotocol\commprotocol-master\libxbee3\xsys_win32_winpthreads.h(411): warning C4013: '_endthreadex' undefined; assuming extern returning int
     1>c:\users\amari\documents\gcs\code\gcs\commprotocol\commprotocol-master\libxbee3\xsys_win32_winpthreads.h(472): warning C4996: '_ftime64': This function or variable may be unsafe. Consider using _ftime64_s instead. To disable deprecation, use _CRT_SECURE_NO_WARNINGS. See online help for details.
                 C:\Program Files (x86)\Microsoft Visual Studio 12.0\VC\include\sys/timeb.h(131) : see declaration of '_ftime64'
     1>c:\users\amari\documents\gcs\code\gcs\commprotocol\commprotocol-master\libxbee3\xsys_win32_winpthreads.h(756): warning C4101: 'i' : unreferenced local variable
     1>c:\users\amari\documents\gcs\code\gcs\commprotocol\commprotocol-master\libxbee3\xsys_win32_winpthreads.h(756): warning C4101: 'j' : unreferenced local variable
     1>c:\users\amari\documents\gcs\code\gcs\commprotocol\commprotocol-master\libxbee3\xsys_win32_winpthreads.h(812): warning C4013: '_beginthreadex' undefined; assuming extern returning int
     1>c:\users\amari\documents\gcs\code\gcs\commprotocol\commprotocol-master\libxbee3\xsys_win32_winpthreads.h(962): warning C4244: 'function' : conversion from 'unsigned __int64' to 'DWORD', possible loss of data
     1>c:\users\amari\documents\gcs\code\gcs\commprotocol\commprotocol-master\libxbee3\xsys_win32_winpthreads.h(1168): warning C4018: '>' : signed/unsigned mismatch
     1>c:\users\amari\documents\gcs\code\gcs\commprotocol\commprotocol-master\libxbee3\xsys_win32_winpthreads.h(1175): warning C4018: '>' : signed/unsigned mismatch
     1>c:\users\amari\documents\gcs\code\gcs\commprotocol\commprotocol-master\libxbee3\xsys_win32_winpthreads.h(1186): warning C4018: '>=' : signed/unsigned mismatch
     1>c:\users\amari\documents\gcs\code\gcs\commprotocol\commprotocol-master\libxbee3\xsys_win32_winpthreads.h(1196): warning C4018: '>' : signed/unsigned mismatch
     1>c:\users\amari\documents\gcs\code\gcs\commprotocol\commprotocol-master\libxbee3\xsys_win32_winpthreads.h(1302): warning C4244: 'function' : conversion from 'unsigned __int64' to 'DWORD', possible loss of data
     1>c:\users\amari\documents\gcs\code\gcs\commprotocol\commprotocol-master\libxbee3\xsys_win32.h(40): warning C4005: 'va_copy' : macro redefinition
                 C:\Program Files (x86)\Microsoft Visual Studio 12.0\VC\include\stdarg.h(37) : see previous definition of 'va_copy'
     1>C:\Users\amari\Documents\gcs\code\gcs\CommProtocol\CommProtocol-master\libxbee3\xbee.c(72): warning C4996: 'getenv': This function or variable may be unsafe. Consider using _dupenv_s instead. To disable deprecation, use _CRT_SECURE_NO_WARNINGS. See online help for details.
                 C:\Program Files (x86)\Microsoft Visual Studio 12.0\VC\include\stdlib.h(462) : see declaration of 'getenv'
     1>C:\Users\amari\Documents\gcs\code\gcs\CommProtocol\CommProtocol-master\libxbee3\xbee.c(74): warning C4996: 'sscanf': This function or variable may be unsafe. Consider using sscanf_s instead. To disable deprecation, use _CRT_SECURE_NO_WARNINGS. See online help for details.
                 C:\Program Files (x86)\Microsoft Visual Studio 12.0\VC\include\stdio.h(304) : see declaration of 'sscanf'
     1>C:\Users\amari\Documents\gcs\code\gcs\CommProtocol\CommProtocol-master\libxbee3\xbee.c(181): warning C4013: 'xbee_init' undefined; assuming extern returning int
         xsys.c
     1>c:\users\amari\documents\gcs\code\gcs\commprotocol\commprotocol-master\libxbee3\xsys_win32_winpthreads.h(55): warning C4005: 'ETIMEDOUT' : macro redefinition
                 C:\Program Files (x86)\Microsoft Visual Studio 12.0\VC\include\errno.h(130) : see previous definition of 'ETIMEDOUT'
     1>c:\users\amari\documents\gcs\code\gcs\commprotocol\commprotocol-master\libxbee3\xsys_win32_winpthreads.h(56): warning C4005: 'ENOTSUP' : macro redefinition
                 C:\Program Files (x86)\Microsoft Visual Studio 12.0\VC\include\errno.h(121) : see previous definition of 'ENOTSUP'
     1>c:\users\amari\documents\gcs\code\gcs\commprotocol\commprotocol-master\libxbee3\xsys_win32_winpthreads.h(368): warning C4013: 'pthread_rwlock_unlock' undefined; assuming extern returning int
     1>c:\users\amari\documents\gcs\code\gcs\commprotocol\commprotocol-master\libxbee3\xsys_win32_winpthreads.h(411): warning C4013: '_endthreadex' undefined; assuming extern returning int
     1>c:\users\amari\documents\gcs\code\gcs\commprotocol\commprotocol-master\libxbee3\xsys_win32_winpthreads.h(472): warning C4996: '_ftime64': This function or variable may be unsafe. Consider using _ftime64_s instead. To disable deprecation, use _CRT_SECURE_NO_WARNINGS. See online help for details.
                 C:\Program Files (x86)\Microsoft Visual Studio 12.0\VC\include\sys/timeb.h(131) : see declaration of '_ftime64'
     1>c:\users\amari\documents\gcs\code\gcs\commprotocol\commprotocol-master\libxbee3\xsys_win32_winpthreads.h(756): warning C4101: 'i' : unreferenced local variable
     1>c:\users\amari\documents\gcs\code\gcs\commprotocol\commprotocol-master\libxbee3\xsys_win32_winpthreads.h(756): warning C4101: 'j' : unreferenced local variable
     1>c:\users\amari\documents\gcs\code\gcs\commprotocol\commprotocol-master\libxbee3\xsys_win32_winpthreads.h(812): warning C4013: '_beginthreadex' undefined; assuming extern returning int
     1>c:\users\amari\documents\gcs\code\gcs\commprotocol\commprotocol-master\libxbee3\xsys_win32_winpthreads.h(962): warning C4244: 'function' : conversion from 'unsigned __int64' to 'DWORD', possible loss of data
     1>c:\users\amari\documents\gcs\code\gcs\commprotocol\commprotocol-master\libxbee3\xsys_win32_winpthreads.h(1168): warning C4018: '>' : signed/unsigned mismatch
     1>c:\users\amari\documents\gcs\code\gcs\commprotocol\commprotocol-master\libxbee3\xsys_win32_winpthreads.h(1175): warning C4018: '>' : signed/unsigned mismatch
     1>c:\users\amari\documents\gcs\code\gcs\commprotocol\commprotocol-master\libxbee3\xsys_win32_winpthreads.h(1186): warning C4018: '>=' : signed/unsigned mismatch
     1>c:\users\amari\documents\gcs\code\gcs\commprotocol\commprotocol-master\libxbee3\xsys_win32_winpthreads.h(1196): warning C4018: '>' : signed/unsigned mismatch
     1>c:\users\amari\documents\gcs\code\gcs\commprotocol\commprotocol-master\libxbee3\xsys_win32_winpthreads.h(1302): warning C4244: 'function' : conversion from 'unsigned __int64' to 'DWORD', possible loss of data
     1>c:\users\amari\documents\gcs\code\gcs\commprotocol\commprotocol-master\libxbee3\xsys_win32.h(40): warning C4005: 'va_copy' : macro redefinition
                 C:\Program Files (x86)\Microsoft Visual Studio 12.0\VC\include\stdarg.h(37) : see previous definition of 'va_copy'
     1>c:\users\amari\documents\gcs\code\gcs\commprotocol\commprotocol-master\libxbee3\xsys_win32.c(63): warning C4101: 'ev_mask' : unreferenced local variable
     1>c:\users\amari\documents\gcs\code\gcs\commprotocol\commprotocol-master\libxbee3\xsys_win32.c(159): warning C4101: 'err' : unreferenced local variable
     1>c:\users\amari\documents\gcs\code\gcs\commprotocol\commprotocol-master\libxbee3\xsys_win32.c(181): warning C4244: '=' : conversion from '__int64' to 'DWORD', possible loss of data
     1>c:\users\amari\documents\gcs\code\gcs\commprotocol\commprotocol-master\libxbee3\xsys_win32.c(182): warning C4244: '+=' : conversion from '__int64' to 'DWORD', possible loss of data
     1>c:\users\amari\documents\gcs\code\gcs\commprotocol\commprotocol-master\libxbee3\xsys_win32.c(185): warning C4013: 'clock_gettime' undefined; assuming extern returning int
     1>c:\users\amari\documents\gcs\code\gcs\commprotocol\commprotocol-master\libxbee3\xsys_win32.c(186): warning C4244: '-=' : conversion from '__int64' to 'DWORD', possible loss of data
     1>c:\users\amari\documents\gcs\code\gcs\commprotocol\commprotocol-master\libxbee3\xsys_win32.c(187): warning C4244: '-=' : conversion from '__int64' to 'DWORD', possible loss of data
     1>c:\users\amari\documents\gcs\code\gcs\commprotocol\commprotocol-master\libxbee3\xsys_win32.c(293): warning C4244: '=' : conversion from 'double' to 'LONGLONG', possible loss of data
     1>c:\users\amari\documents\gcs\code\gcs\commprotocol\commprotocol-master\libxbee3\xsys_win32.c(294): warning C4244: '=' : conversion from 'LONGLONG' to 'long', possible loss of data
         common.c
     1>c:\users\amari\documents\gcs\code\gcs\commprotocol\commprotocol-master\libxbee3\xsys_win32_winpthreads.h(55): warning C4005: 'ETIMEDOUT' : macro redefinition
                 C:\Program Files (x86)\Microsoft Visual Studio 12.0\VC\include\errno.h(130) : see previous definition of 'ETIMEDOUT'
     1>c:\users\amari\documents\gcs\code\gcs\commprotocol\commprotocol-master\libxbee3\xsys_win32_winpthreads.h(56): warning C4005: 'ENOTSUP' : macro redefinition
                 C:\Program Files (x86)\Microsoft Visual Studio 12.0\VC\include\errno.h(121) : see previous definition of 'ENOTSUP'
     1>c:\users\amari\documents\gcs\code\gcs\commprotocol\commprotocol-master\libxbee3\xsys_win32_winpthreads.h(368): warning C4013: 'pthread_rwlock_unlock' undefined; assuming extern returning int
     1>c:\users\amari\documents\gcs\code\gcs\commprotocol\commprotocol-master\libxbee3\xsys_win32_winpthreads.h(411): warning C4013: '_endthreadex' undefined; assuming extern returning int
     1>c:\users\amari\documents\gcs\code\gcs\commprotocol\commprotocol-master\libxbee3\xsys_win32_winpthreads.h(472): warning C4996: '_ftime64': This function or variable may be unsafe. Consider using _ftime64_s instead. To disable deprecation, use _CRT_SECURE_NO_WARNINGS. See online help for details.
                 C:\Program Files (x86)\Microsoft Visual Studio 12.0\VC\include\sys/timeb.h(131) : see declaration of '_ftime64'
     1>c:\users\amari\documents\gcs\code\gcs\commprotocol\commprotocol-master\libxbee3\xsys_win32_winpthreads.h(756): warning C4101: 'i' : unreferenced local variable
     1>c:\users\amari\documents\gcs\code\gcs\commprotocol\commprotocol-master\libxbee3\xsys_win32_winpthreads.h(756): warning C4101: 'j' : unreferenced local variable
     1>c:\users\amari\documents\gcs\code\gcs\commprotocol\commprotocol-master\libxbee3\xsys_win32_winpthreads.h(812): warning C4013: '_beginthreadex' undefined; assuming extern returning int
     1>c:\users\amari\documents\gcs\code\gcs\commprotocol\commprotocol-master\libxbee3\xsys_win32_winpthreads.h(962): warning C4244: 'function' : conversion from 'unsigned __int64' to 'DWORD', possible loss of data
     1>c:\users\amari\documents\gcs\code\gcs\commprotocol\commprotocol-master\libxbee3\xsys_win32_winpthreads.h(1168): warning C4018: '>' : signed/unsigned mismatch
     1>c:\users\amari\documents\gcs\code\gcs\commprotocol\commprotocol-master\libxbee3\xsys_win32_winpthreads.h(1175): warning C4018: '>' : signed/unsigned mismatch
     1>c:\users\amari\documents\gcs\code\gcs\commprotocol\commprotocol-master\libxbee3\xsys_win32_winpthreads.h(1186): warning C4018: '>=' : signed/unsigned mismatch
     1>c:\users\amari\documents\gcs\code\gcs\commprotocol\commprotocol-master\libxbee3\xsys_win32_winpthreads.h(1196): warning C4018: '>' : signed/unsigned mismatch
     1>c:\users\amari\documents\gcs\code\gcs\commprotocol\commprotocol-master\libxbee3\xsys_win32_winpthreads.h(1302): warning C4244: 'function' : conversion from 'unsigned __int64' to 'DWORD', possible loss of data
     1>c:\users\amari\documents\gcs\code\gcs\commprotocol\commprotocol-master\libxbee3\xsys_win32.h(40): warning C4005: 'va_copy' : macro redefinition
                 C:\Program Files (x86)\Microsoft Visual Studio 12.0\VC\include\stdarg.h(37) : see previous definition of 'va_copy'
     1>C:\Users\amari\Documents\gcs\code\gcs\CommProtocol\CommProtocol-master\libxbee3\modes\common.c(171): warning C4013: 'clock_gettime' undefined; assuming extern returning int
     1>C:\Users\amari\Documents\gcs\code\gcs\CommProtocol\CommProtocol-master\libxbee3\modes\common.c(193): warning C4018: '<' : signed/unsigned mismatch
     1>C:\Users\amari\Documents\gcs\code\gcs\CommProtocol\CommProtocol-master\libxbee3\modes\common.c(198): warning C4018: '<' : signed/unsigned mismatch
     1>C:\Users\amari\Documents\gcs\code\gcs\CommProtocol\CommProtocol-master\libxbee3\modes\common.c(312): warning C4018: '<' : signed/unsigned mismatch
         at.c
     1>c:\users\amari\documents\gcs\code\gcs\commprotocol\commprotocol-master\libxbee3\xsys_win32_winpthreads.h(55): warning C4005: 'ETIMEDOUT' : macro redefinition
                 C:\Program Files (x86)\Microsoft Visual Studio 12.0\VC\include\errno.h(130) : see previous definition of 'ETIMEDOUT'
     1>c:\users\amari\documents\gcs\code\gcs\commprotocol\commprotocol-master\libxbee3\xsys_win32_winpthreads.h(56): warning C4005: 'ENOTSUP' : macro redefinition
                 C:\Program Files (x86)\Microsoft Visual Studio 12.0\VC\include\errno.h(121) : see previous definition of 'ENOTSUP'
     1>c:\users\amari\documents\gcs\code\gcs\commprotocol\commprotocol-master\libxbee3\xsys_win32_winpthreads.h(368): warning C4013: 'pthread_rwlock_unlock' undefined; assuming extern returning int
     1>c:\users\amari\documents\gcs\code\gcs\commprotocol\commprotocol-master\libxbee3\xsys_win32_winpthreads.h(411): warning C4013: '_endthreadex' undefined; assuming extern returning int
     1>c:\users\amari\documents\gcs\code\gcs\commprotocol\commprotocol-master\libxbee3\xsys_win32_winpthreads.h(472): warning C4996: '_ftime64': This function or variable may be unsafe. Consider using _ftime64_s instead. To disable deprecation, use _CRT_SECURE_NO_WARNINGS. See online help for details.
                 C:\Program Files (x86)\Microsoft Visual Studio 12.0\VC\include\sys/timeb.h(131) : see declaration of '_ftime64'
     1>c:\users\amari\documents\gcs\code\gcs\commprotocol\commprotocol-master\libxbee3\xsys_win32_winpthreads.h(756): warning C4101: 'i' : unreferenced local variable
     1>c:\users\amari\documents\gcs\code\gcs\commprotocol\commprotocol-master\libxbee3\xsys_win32_winpthreads.h(756): warning C4101: 'j' : unreferenced local variable
     1>c:\users\amari\documents\gcs\code\gcs\commprotocol\commprotocol-master\libxbee3\xsys_win32_winpthreads.h(812): warning C4013: '_beginthreadex' undefined; assuming extern returning int
     1>c:\users\amari\documents\gcs\code\gcs\commprotocol\commprotocol-master\libxbee3\xsys_win32_winpthreads.h(962): warning C4244: 'function' : conversion from 'unsigned __int64' to 'DWORD', possible loss of data
     1>c:\users\amari\documents\gcs\code\gcs\commprotocol\commprotocol-master\libxbee3\xsys_win32_winpthreads.h(1168): warning C4018: '>' : signed/unsigned mismatch
     1>c:\users\amari\documents\gcs\code\gcs\commprotocol\commprotocol-master\libxbee3\xsys_win32_winpthreads.h(1175): warning C4018: '>' : signed/unsigned mismatch
     1>c:\users\amari\documents\gcs\code\gcs\commprotocol\commprotocol-master\libxbee3\xsys_win32_winpthreads.h(1186): warning C4018: '>=' : signed/unsigned mismatch
     1>c:\users\amari\documents\gcs\code\gcs\commprotocol\commprotocol-master\libxbee3\xsys_win32_winpthreads.h(1196): warning C4018: '>' : signed/unsigned mismatch
     1>c:\users\amari\documents\gcs\code\gcs\commprotocol\commprotocol-master\libxbee3\xsys_win32_winpthreads.h(1302): warning C4244: 'function' : conversion from 'unsigned __int64' to 'DWORD', possible loss of data
     1>c:\users\amari\documents\gcs\code\gcs\commprotocol\commprotocol-master\libxbee3\xsys_win32.h(40): warning C4005: 'va_copy' : macro redefinition
                 C:\Program Files (x86)\Microsoft Visual Studio 12.0\VC\include\stdarg.h(37) : see previous definition of 'va_copy'
     1>C:\Users\amari\Documents\gcs\code\gcs\CommProtocol\CommProtocol-master\libxbee3\modes\xbee5\at.c(49): warning C4018: '<' : signed/unsigned mismatch
         data.c
     1>c:\users\amari\documents\gcs\code\gcs\commprotocol\commprotocol-master\libxbee3\xsys_win32_winpthreads.h(55): warning C4005: 'ETIMEDOUT' : macro redefinition
                 C:\Program Files (x86)\Microsoft Visual Studio 12.0\VC\include\errno.h(130) : see previous definition of 'ETIMEDOUT'
     1>c:\users\amari\documents\gcs\code\gcs\commprotocol\commprotocol-master\libxbee3\xsys_win32_winpthreads.h(56): warning C4005: 'ENOTSUP' : macro redefinition
                 C:\Program Files (x86)\Microsoft Visual Studio 12.0\VC\include\errno.h(121) : see previous definition of 'ENOTSUP'
     1>c:\users\amari\documents\gcs\code\gcs\commprotocol\commprotocol-master\libxbee3\xsys_win32_winpthreads.h(368): warning C4013: 'pthread_rwlock_unlock' undefined; assuming extern returning int
     1>c:\users\amari\documents\gcs\code\gcs\commprotocol\commprotocol-master\libxbee3\xsys_win32_winpthreads.h(411): warning C4013: '_endthreadex' undefined; assuming extern returning int
     1>c:\users\amari\documents\gcs\code\gcs\commprotocol\commprotocol-master\libxbee3\xsys_win32_winpthreads.h(472): warning C4996: '_ftime64': This function or variable may be unsafe. Consider using _ftime64_s instead. To disable deprecation, use _CRT_SECURE_NO_WARNINGS. See online help for details.
                 C:\Program Files (x86)\Microsoft Visual Studio 12.0\VC\include\sys/timeb.h(131) : see declaration of '_ftime64'
     1>c:\users\amari\documents\gcs\code\gcs\commprotocol\commprotocol-master\libxbee3\xsys_win32_winpthreads.h(756): warning C4101: 'i' : unreferenced local variable
     1>c:\users\amari\documents\gcs\code\gcs\commprotocol\commprotocol-master\libxbee3\xsys_win32_winpthreads.h(756): warning C4101: 'j' : unreferenced local variable
     1>c:\users\amari\documents\gcs\code\gcs\commprotocol\commprotocol-master\libxbee3\xsys_win32_winpthreads.h(812): warning C4013: '_beginthreadex' undefined; assuming extern returning int
     1>c:\users\amari\documents\gcs\code\gcs\commprotocol\commprotocol-master\libxbee3\xsys_win32_winpthreads.h(962): warning C4244: 'function' : conversion from 'unsigned __int64' to 'DWORD', possible loss of data
     1>c:\users\amari\documents\gcs\code\gcs\commprotocol\commprotocol-master\libxbee3\xsys_win32_winpthreads.h(1168): warning C4018: '>' : signed/unsigned mismatch
     1>c:\users\amari\documents\gcs\code\gcs\commprotocol\commprotocol-master\libxbee3\xsys_win32_winpthreads.h(1175): warning C4018: '>' : signed/unsigned mismatch
     1>c:\users\amari\documents\gcs\code\gcs\commprotocol\commprotocol-master\libxbee3\xsys_win32_winpthreads.h(1186): warning C4018: '>=' : signed/unsigned mismatch
     1>c:\users\amari\documents\gcs\code\gcs\commprotocol\commprotocol-master\libxbee3\xsys_win32_winpthreads.h(1196): warning C4018: '>' : signed/unsigned mismatch
     1>c:\users\amari\documents\gcs\code\gcs\commprotocol\commprotocol-master\libxbee3\xsys_win32_winpthreads.h(1302): warning C4244: 'function' : conversion from 'unsigned __int64' to 'DWORD', possible loss of data
     1>c:\users\amari\documents\gcs\code\gcs\commprotocol\commprotocol-master\libxbee3\xsys_win32.h(40): warning C4005: 'va_copy' : macro redefinition
                 C:\Program Files (x86)\Microsoft Visual Studio 12.0\VC\include\stdarg.h(37) : see previous definition of 'va_copy'
         dataExp.c
     1>c:\users\amari\documents\gcs\code\gcs\commprotocol\commprotocol-master\libxbee3\xsys_win32_winpthreads.h(55): warning C4005: 'ETIMEDOUT' : macro redefinition
                 C:\Program Files (x86)\Microsoft Visual Studio 12.0\VC\include\errno.h(130) : see previous definition of 'ETIMEDOUT'
     1>c:\users\amari\documents\gcs\code\gcs\commprotocol\commprotocol-master\libxbee3\xsys_win32_winpthreads.h(56): warning C4005: 'ENOTSUP' : macro redefinition
                 C:\Program Files (x86)\Microsoft Visual Studio 12.0\VC\include\errno.h(121) : see previous definition of 'ENOTSUP'
     1>c:\users\amari\documents\gcs\code\gcs\commprotocol\commprotocol-master\libxbee3\xsys_win32_winpthreads.h(368): warning C4013: 'pthread_rwlock_unlock' undefined; assuming extern returning int
     1>c:\users\amari\documents\gcs\code\gcs\commprotocol\commprotocol-master\libxbee3\xsys_win32_winpthreads.h(411): warning C4013: '_endthreadex' undefined; assuming extern returning int
     1>c:\users\amari\documents\gcs\code\gcs\commprotocol\commprotocol-master\libxbee3\xsys_win32_winpthreads.h(472): warning C4996: '_ftime64': This function or variable may be unsafe. Consider using _ftime64_s instead. To disable deprecation, use _CRT_SECURE_NO_WARNINGS. See online help for details.
                 C:\Program Files (x86)\Microsoft Visual Studio 12.0\VC\include\sys/timeb.h(131) : see declaration of '_ftime64'
     1>c:\users\amari\documents\gcs\code\gcs\commprotocol\commprotocol-master\libxbee3\xsys_win32_winpthreads.h(756): warning C4101: 'i' : unreferenced local variable
     1>c:\users\amari\documents\gcs\code\gcs\commprotocol\commprotocol-master\libxbee3\xsys_win32_winpthreads.h(756): warning C4101: 'j' : unreferenced local variable
     1>c:\users\amari\documents\gcs\code\gcs\commprotocol\commprotocol-master\libxbee3\xsys_win32_winpthreads.h(812): warning C4013: '_beginthreadex' undefined; assuming extern returning int
     1>c:\users\amari\documents\gcs\code\gcs\commprotocol\commprotocol-master\libxbee3\xsys_win32_winpthreads.h(962): warning C4244: 'function' : conversion from 'unsigned __int64' to 'DWORD', possible loss of data
     1>c:\users\amari\documents\gcs\code\gcs\commprotocol\commprotocol-master\libxbee3\xsys_win32_winpthreads.h(1168): warning C4018: '>' : signed/unsigned mismatch
     1>c:\users\amari\documents\gcs\code\gcs\commprotocol\commprotocol-master\libxbee3\xsys_win32_winpthreads.h(1175): warning C4018: '>' : signed/unsigned mismatch
     1>c:\users\amari\documents\gcs\code\gcs\commprotocol\commprotocol-master\libxbee3\xsys_win32_winpthreads.h(1186): warning C4018: '>=' : signed/unsigned mismatch
     1>c:\users\amari\documents\gcs\code\gcs\commprotocol\commprotocol-master\libxbee3\xsys_win32_winpthreads.h(1196): warning C4018: '>' : signed/unsigned mismatch
     1>c:\users\amari\documents\gcs\code\gcs\commprotocol\commprotocol-master\libxbee3\xsys_win32_winpthreads.h(1302): warning C4244: 'function' : conversion from 'unsigned __int64' to 'DWORD', possible loss of data
     1>c:\users\amari\documents\gcs\code\gcs\commprotocol\commprotocol-master\libxbee3\xsys_win32.h(40): warning C4005: 'va_copy' : macro redefinition
                 C:\Program Files (x86)\Microsoft Visual Studio 12.0\VC\include\stdarg.h(37) : see previous definition of 'va_copy'
         identify.c
     1>c:\users\amari\documents\gcs\code\gcs\commprotocol\commprotocol-master\libxbee3\xsys_win32_winpthreads.h(55): warning C4005: 'ETIMEDOUT' : macro redefinition
                 C:\Program Files (x86)\Microsoft Visual Studio 12.0\VC\include\errno.h(130) : see previous definition of 'ETIMEDOUT'
     1>c:\users\amari\documents\gcs\code\gcs\commprotocol\commprotocol-master\libxbee3\xsys_win32_winpthreads.h(56): warning C4005: 'ENOTSUP' : macro redefinition
                 C:\Program Files (x86)\Microsoft Visual Studio 12.0\VC\include\errno.h(121) : see previous definition of 'ENOTSUP'
     1>c:\users\amari\documents\gcs\code\gcs\commprotocol\commprotocol-master\libxbee3\xsys_win32_winpthreads.h(368): warning C4013: 'pthread_rwlock_unlock' undefined; assuming extern returning int
     1>c:\users\amari\documents\gcs\code\gcs\commprotocol\commprotocol-master\libxbee3\xsys_win32_winpthreads.h(411): warning C4013: '_endthreadex' undefined; assuming extern returning int
     1>c:\users\amari\documents\gcs\code\gcs\commprotocol\commprotocol-master\libxbee3\xsys_win32_winpthreads.h(472): warning C4996: '_ftime64': This function or variable may be unsafe. Consider using _ftime64_s instead. To disable deprecation, use _CRT_SECURE_NO_WARNINGS. See online help for details.
                 C:\Program Files (x86)\Microsoft Visual Studio 12.0\VC\include\sys/timeb.h(131) : see declaration of '_ftime64'
     1>c:\users\amari\documents\gcs\code\gcs\commprotocol\commprotocol-master\libxbee3\xsys_win32_winpthreads.h(756): warning C4101: 'i' : unreferenced local variable
     1>c:\users\amari\documents\gcs\code\gcs\commprotocol\commprotocol-master\libxbee3\xsys_win32_winpthreads.h(756): warning C4101: 'j' : unreferenced local variable
     1>c:\users\amari\documents\gcs\code\gcs\commprotocol\commprotocol-master\libxbee3\xsys_win32_winpthreads.h(812): warning C4013: '_beginthreadex' undefined; assuming extern returning int
     1>c:\users\amari\documents\gcs\code\gcs\commprotocol\commprotocol-master\libxbee3\xsys_win32_winpthreads.h(962): warning C4244: 'function' : conversion from 'unsigned __int64' to 'DWORD', possible loss of data
     1>c:\users\amari\documents\gcs\code\gcs\commprotocol\commprotocol-master\libxbee3\xsys_win32_winpthreads.h(1168): warning C4018: '>' : signed/unsigned mismatch
     1>c:\users\amari\documents\gcs\code\gcs\commprotocol\commprotocol-master\libxbee3\xsys_win32_winpthreads.h(1175): warning C4018: '>' : signed/unsigned mismatch
     1>c:\users\amari\documents\gcs\code\gcs\commprotocol\commprotocol-master\libxbee3\xsys_win32_winpthreads.h(1186): warning C4018: '>=' : signed/unsigned mismatch
     1>c:\users\amari\documents\gcs\code\gcs\commprotocol\commprotocol-master\libxbee3\xsys_win32_winpthreads.h(1196): warning C4018: '>' : signed/unsigned mismatch
     1>c:\users\amari\documents\gcs\code\gcs\commprotocol\commprotocol-master\libxbee3\xsys_win32_winpthreads.h(1302): warning C4244: 'function' : conversion from 'unsigned __int64' to 'DWORD', possible loss of data
     1>c:\users\amari\documents\gcs\code\gcs\commprotocol\commprotocol-master\libxbee3\xsys_win32.h(40): warning C4005: 'va_copy' : macro redefinition
                 C:\Program Files (x86)\Microsoft Visual Studio 12.0\VC\include\stdarg.h(37) : see previous definition of 'va_copy'
         Generating Code...
         Compiling...
         io.c
     1>c:\users\amari\documents\gcs\code\gcs\commprotocol\commprotocol-master\libxbee3\xsys_win32_winpthreads.h(55): warning C4005: 'ETIMEDOUT' : macro redefinition
                 C:\Program Files (x86)\Microsoft Visual Studio 12.0\VC\include\errno.h(130) : see previous definition of 'ETIMEDOUT'
     1>c:\users\amari\documents\gcs\code\gcs\commprotocol\commprotocol-master\libxbee3\xsys_win32_winpthreads.h(56): warning C4005: 'ENOTSUP' : macro redefinition
                 C:\Program Files (x86)\Microsoft Visual Studio 12.0\VC\include\errno.h(121) : see previous definition of 'ENOTSUP'
     1>c:\users\amari\documents\gcs\code\gcs\commprotocol\commprotocol-master\libxbee3\xsys_win32_winpthreads.h(368): warning C4013: 'pthread_rwlock_unlock' undefined; assuming extern returning int
     1>c:\users\amari\documents\gcs\code\gcs\commprotocol\commprotocol-master\libxbee3\xsys_win32_winpthreads.h(411): warning C4013: '_endthreadex' undefined; assuming extern returning int
     1>c:\users\amari\documents\gcs\code\gcs\commprotocol\commprotocol-master\libxbee3\xsys_win32_winpthreads.h(472): warning C4996: '_ftime64': This function or variable may be unsafe. Consider using _ftime64_s instead. To disable deprecation, use _CRT_SECURE_NO_WARNINGS. See online help for details.
                 C:\Program Files (x86)\Microsoft Visual Studio 12.0\VC\include\sys/timeb.h(131) : see declaration of '_ftime64'
     1>c:\users\amari\documents\gcs\code\gcs\commprotocol\commprotocol-master\libxbee3\xsys_win32_winpthreads.h(756): warning C4101: 'i' : unreferenced local variable
     1>c:\users\amari\documents\gcs\code\gcs\commprotocol\commprotocol-master\libxbee3\xsys_win32_winpthreads.h(756): warning C4101: 'j' : unreferenced local variable
     1>c:\users\amari\documents\gcs\code\gcs\commprotocol\commprotocol-master\libxbee3\xsys_win32_winpthreads.h(812): warning C4013: '_beginthreadex' undefined; assuming extern returning int
     1>c:\users\amari\documents\gcs\code\gcs\commprotocol\commprotocol-master\libxbee3\xsys_win32_winpthreads.h(962): warning C4244: 'function' : conversion from 'unsigned __int64' to 'DWORD', possible loss of data
     1>c:\users\amari\documents\gcs\code\gcs\commprotocol\commprotocol-master\libxbee3\xsys_win32_winpthreads.h(1168): warning C4018: '>' : signed/unsigned mismatch
     1>c:\users\amari\documents\gcs\code\gcs\commprotocol\commprotocol-master\libxbee3\xsys_win32_winpthreads.h(1175): warning C4018: '>' : signed/unsigned mismatch
     1>c:\users\amari\documents\gcs\code\gcs\commprotocol\commprotocol-master\libxbee3\xsys_win32_winpthreads.h(1186): warning C4018: '>=' : signed/unsigned mismatch
     1>c:\users\amari\documents\gcs\code\gcs\commprotocol\commprotocol-master\libxbee3\xsys_win32_winpthreads.h(1196): warning C4018: '>' : signed/unsigned mismatch
     1>c:\users\amari\documents\gcs\code\gcs\commprotocol\commprotocol-master\libxbee3\xsys_win32_winpthreads.h(1302): warning C4244: 'function' : conversion from 'unsigned __int64' to 'DWORD', possible loss of data
     1>c:\users\amari\documents\gcs\code\gcs\commprotocol\commprotocol-master\libxbee3\xsys_win32.h(40): warning C4005: 'va_copy' : macro redefinition
                 C:\Program Files (x86)\Microsoft Visual Studio 12.0\VC\include\stdarg.h(37) : see previous definition of 'va_copy'
         mode5.c
     1>c:\users\amari\documents\gcs\code\gcs\commprotocol\commprotocol-master\libxbee3\xsys_win32_winpthreads.h(55): warning C4005: 'ETIMEDOUT' : macro redefinition
                 C:\Program Files (x86)\Microsoft Visual Studio 12.0\VC\include\errno.h(130) : see previous definition of 'ETIMEDOUT'
     1>c:\users\amari\documents\gcs\code\gcs\commprotocol\commprotocol-master\libxbee3\xsys_win32_winpthreads.h(56): warning C4005: 'ENOTSUP' : macro redefinition
                 C:\Program Files (x86)\Microsoft Visual Studio 12.0\VC\include\errno.h(121) : see previous definition of 'ENOTSUP'
     1>c:\users\amari\documents\gcs\code\gcs\commprotocol\commprotocol-master\libxbee3\xsys_win32_winpthreads.h(368): warning C4013: 'pthread_rwlock_unlock' undefined; assuming extern returning int
     1>c:\users\amari\documents\gcs\code\gcs\commprotocol\commprotocol-master\libxbee3\xsys_win32_winpthreads.h(411): warning C4013: '_endthreadex' undefined; assuming extern returning int
     1>c:\users\amari\documents\gcs\code\gcs\commprotocol\commprotocol-master\libxbee3\xsys_win32_winpthreads.h(472): warning C4996: '_ftime64': This function or variable may be unsafe. Consider using _ftime64_s instead. To disable deprecation, use _CRT_SECURE_NO_WARNINGS. See online help for details.
                 C:\Program Files (x86)\Microsoft Visual Studio 12.0\VC\include\sys/timeb.h(131) : see declaration of '_ftime64'
     1>c:\users\amari\documents\gcs\code\gcs\commprotocol\commprotocol-master\libxbee3\xsys_win32_winpthreads.h(756): warning C4101: 'i' : unreferenced local variable
     1>c:\users\amari\documents\gcs\code\gcs\commprotocol\commprotocol-master\libxbee3\xsys_win32_winpthreads.h(756): warning C4101: 'j' : unreferenced local variable
     1>c:\users\amari\documents\gcs\code\gcs\commprotocol\commprotocol-master\libxbee3\xsys_win32_winpthreads.h(812): warning C4013: '_beginthreadex' undefined; assuming extern returning int
     1>c:\users\amari\documents\gcs\code\gcs\commprotocol\commprotocol-master\libxbee3\xsys_win32_winpthreads.h(962): warning C4244: 'function' : conversion from 'unsigned __int64' to 'DWORD', possible loss of data
     1>c:\users\amari\documents\gcs\code\gcs\commprotocol\commprotocol-master\libxbee3\xsys_win32_winpthreads.h(1168): warning C4018: '>' : signed/unsigned mismatch
     1>c:\users\amari\documents\gcs\code\gcs\commprotocol\commprotocol-master\libxbee3\xsys_win32_winpthreads.h(1175): warning C4018: '>' : signed/unsigned mismatch
     1>c:\users\amari\documents\gcs\code\gcs\commprotocol\commprotocol-master\libxbee3\xsys_win32_winpthreads.h(1186): warning C4018: '>=' : signed/unsigned mismatch
     1>c:\users\amari\documents\gcs\code\gcs\commprotocol\commprotocol-master\libxbee3\xsys_win32_winpthreads.h(1196): warning C4018: '>' : signed/unsigned mismatch
     1>c:\users\amari\documents\gcs\code\gcs\commprotocol\commprotocol-master\libxbee3\xsys_win32_winpthreads.h(1302): warning C4244: 'function' : conversion from 'unsigned __int64' to 'DWORD', possible loss of data
     1>c:\users\amari\documents\gcs\code\gcs\commprotocol\commprotocol-master\libxbee3\xsys_win32.h(40): warning C4005: 'va_copy' : macro redefinition
                 C:\Program Files (x86)\Microsoft Visual Studio 12.0\VC\include\stdarg.h(37) : see previous definition of 'va_copy'
     1>C:\Users\amari\Documents\gcs\code\gcs\CommProtocol\CommProtocol-master\libxbee3\modes\xbee5\mode5.c(60): warning C4996: 'strcpy': This function or variable may be unsafe. Consider using strcpy_s instead. To disable deprecation, use _CRT_SECURE_NO_WARNINGS. See online help for details.
                 C:\Program Files (x86)\Microsoft Visual Studio 12.0\VC\include\string.h(112) : see declaration of 'strcpy'
         Generating Code...
       Link:
         C:\Program Files (x86)\Microsoft Visual Studio 12.0\VC\bin\link.exe /ERRORREPORT:PROMPT /OUT:"C:\Users\amari\Documents\gcs\code\gcs\CommProtocol\CommProtocol-master\libxbee3\libxbee3\Debug\libxbee3.dll" /INCREMENTAL /NOLOGO kernel32.lib user32.lib gdi32.lib winspool.lib shell32.lib ole32.lib oleaut32.lib uuid.lib comdlg32.lib advapi32.lib /MANIFEST /MANIFESTUAC:"level='asInvoker' uiAccess='false'" /manifest:embed /DEBUG /PDB:"C:/Users/amari/Documents/gcs/code/gcs/CommProtocol/CommProtocol-master/libxbee3/libxbee3/Debug/libxbee3.pdb" /SUBSYSTEM:CONSOLE /TLBID:1 /DYNAMICBASE /NXCOMPAT /IMPLIB:"C:/Users/amari/Documents/gcs/code/gcs/CommProtocol/CommProtocol-master/libxbee3/libxbee3/Debug/libxbee3.lib" /MACHINE:X86 /SAFESEH  /machine:X86 /DLL libxbee3.dir\Debug\conn.obj
         libxbee3.dir\Debug\error.obj
         libxbee3.dir\Debug\frame.obj
         libxbee3.dir\Debug\ll.obj
         libxbee3.dir\Debug\log.obj
         libxbee3.dir\Debug\mode.obj
         libxbee3.dir\Debug\mutex.obj
         libxbee3.dir\Debug\pkt.obj
         libxbee3.dir\Debug\prepare.obj
         libxbee3.dir\Debug\rx.obj
         libxbee3.dir\Debug\thread.obj
         libxbee3.dir\Debug\tx.obj
         libxbee3.dir\Debug\ver.obj
         libxbee3.dir\Debug\xbee.obj
         libxbee3.dir\Debug\xsys.obj
         libxbee3.dir\Debug\common.obj
         libxbee3.dir\Debug\at.obj
         libxbee3.dir\Debug\data.obj
         libxbee3.dir\Debug\dataExp.obj
         libxbee3.dir\Debug\identify.obj
         libxbee3.dir\Debug\io.obj
         libxbee3.dir\Debug\mode5.obj
            Creating library C:/Users/amari/Documents/gcs/code/gcs/CommProtocol/CommProtocol-master/libxbee3/libxbee3/Debug/libxbee3.lib and object C:/Users/amari/Documents/gcs/code/gcs/CommProtocol/CommProtocol-master/libxbee3/libxbee3/Debug/libxbee3.exp
         libxbee3.vcxproj -> C:\Users\amari\Documents\gcs\code\gcs\CommProtocol\CommProtocol-master\libxbee3\libxbee3\Debug\libxbee3.dll
       PostBuildEvent:
         setlocal
         cd "C:/Users/amari/Documents/gcs/code/gcs/CommProtocol/CommProtocol-master/libxbee3/libxbee3/Debug"
         if %errorlevel% neq 0 goto :cmEnd
         echo f | xcopy "libxbee3.dll" "C:/Users/amari/Documents/gcs/code/gcs/CommProtocol/CommProtocol-master/libxbee3/libxbee3/../tests/classes/cpp/udp/libxbee3.dll" /y /R
         if %errorlevel% neq 0 goto :cmEnd
         echo f | xcopy "libxbee3.dll" "C:/Users/amari/Documents/gcs/code/gcs/CommProtocol/CommProtocol-master/libxbee3/libxbee3/../tests/classes/cpp/xbee/libxbee3.dll" /y /R
         if %errorlevel% neq 0 goto :cmEnd
         echo f | xcopy "libxbee3.dll" "C:/Users/amari/Documents/gcs/code/gcs/CommProtocol/CommProtocol-master/libxbee3/libxbee3/../tests/classes/cpp/serial/libxbee3.dll" /y /R
         if %errorlevel% neq 0 goto :cmEnd
         :cmEnd
         endlocal & call :cmErrorLevel %errorlevel% & goto :cmDone
         :cmErrorLevel
         exit /b %1
         :cmDone
         if %errorlevel% neq 0 goto :VCEnd
         :VCEnd
         Does C:/Users/amari/Documents/gcs/code/gcs/CommProtocol/CommProtocol-master/libxbee3/libxbee3/../tests/classes/cpp/udp/libxbee3.dll specify a file name
         or directory name on the target
         (F = file, D = directory)? f
         C:libxbee3.dll
         1 File(s) copied
         Does C:/Users/amari/Documents/gcs/code/gcs/CommProtocol/CommProtocol-master/libxbee3/libxbee3/../tests/classes/cpp/xbee/libxbee3.dll specify a file name
         or directory name on the target
         (F = file, D = directory)? f
         C:libxbee3.dll
         1 File(s) copied
         Does C:/Users/amari/Documents/gcs/code/gcs/CommProtocol/CommProtocol-master/libxbee3/libxbee3/../tests/classes/cpp/serial/libxbee3.dll specify a file name
         or directory name on the target
         (F = file, D = directory)? f
         C:libxbee3.dll
         1 File(s) copied
     1>Done Building Project "C:\Users\amari\Documents\gcs\code\gcs\CommProtocol\CommProtocol-master\libxbee3\libxbee3\libxbee3.vcxproj" (Build target(s)).

Build succeeded.

Time Elapsed 00:00:13.13
