Build started 1/27/2017 1:38:52 PM.
     1>Project "C:\Users\Geri\Downloads\gcs\CommProtocol\build\Encryption\cryptopp563\cryptopp-object.vcxproj" on node 2 (Build target(s)).
     1>_MASM:
         Assembling C:\Users\Geri\Downloads\gcs\CommProtocol\Encryption\cryptopp563\rdrand.asm...
         cmd.exe /C "C:\Users\Geri\AppData\Local\Temp\tmp561f9b6e4b65410d910cf355d7995afc.cmd"
         ml.exe /c /nologo /Zi /Fo"cryptopp-object.dir\Debug\/rdrand.asm.obj" /D"_M_X86" /D"WIN32" /D"_WINDOWS" /D"_DEBUG" /D"COMMPROTO_DEBUG" /D"CMAKE_INTDIR="Debug"" /W3 /errorReport:prompt  /safeseh  /TaC:\Users\Geri\Downloads\gcs\CommProtocol\Encryption\cryptopp563\rdrand.asm
       Lib:
         C:\Users\Geri\Desktop\GCS\VC\bin\Lib.exe /OUT:"cryptopp-object.dir\Debug\cryptopp-object.lib" /NOLOGO  /machine:X86 "cryptopp-object.dir\Debug\cryptlib.obj"
         "cryptopp-object.dir\Debug\cpu.obj"
         "cryptopp-object.dir\Debug\3way.obj"
         "cryptopp-object.dir\Debug\adler32.obj"
         "cryptopp-object.dir\Debug\algebra.obj"
         "cryptopp-object.dir\Debug\algparam.obj"
         "cryptopp-object.dir\Debug\arc4.obj"
         "cryptopp-object.dir\Debug\asn.obj"
         "cryptopp-object.dir\Debug\authenc.obj"
         "cryptopp-object.dir\Debug\base32.obj"
         "cryptopp-object.dir\Debug\base64.obj"
         "cryptopp-object.dir\Debug\basecode.obj"
         "cryptopp-object.dir\Debug\bfinit.obj"
         "cryptopp-object.dir\Debug\blowfish.obj"
         "cryptopp-object.dir\Debug\blumshub.obj"
         "cryptopp-object.dir\Debug\camellia.obj"
         "cryptopp-object.dir\Debug\cast.obj"
         "cryptopp-object.dir\Debug\casts.obj"
         "cryptopp-object.dir\Debug\cbcmac.obj"
         "cryptopp-object.dir\Debug\ccm.obj"
         "cryptopp-object.dir\Debug\channels.obj"
         "cryptopp-object.dir\Debug\cmac.obj"
         "cryptopp-object.dir\Debug\crc.obj"
         "cryptopp-object.dir\Debug\default.obj"
         "cryptopp-object.dir\Debug\des.obj"
         "cryptopp-object.dir\Debug\dessp.obj"
         "cryptopp-object.dir\Debug\dh.obj"
         "cryptopp-object.dir\Debug\dh2.obj"
         "cryptopp-object.dir\Debug\dll.obj"
         "cryptopp-object.dir\Debug\dsa.obj"
         "cryptopp-object.dir\Debug\eax.obj"
         "cryptopp-object.dir\Debug\ec2n.obj"
         "cryptopp-object.dir\Debug\eccrypto.obj"
         "cryptopp-object.dir\Debug\ecp.obj"
         "cryptopp-object.dir\Debug\elgamal.obj"
         "cryptopp-object.dir\Debug\emsa2.obj"
         "cryptopp-object.dir\Debug\eprecomp.obj"
         "cryptopp-object.dir\Debug\esign.obj"
         "cryptopp-object.dir\Debug\files.obj"
         "cryptopp-object.dir\Debug\filters.obj"
         "cryptopp-object.dir\Debug\fips140.obj"
         "cryptopp-object.dir\Debug\gcm.obj"
         "cryptopp-object.dir\Debug\gf256.obj"
         "cryptopp-object.dir\Debug\gf2_32.obj"
         "cryptopp-object.dir\Debug\gf2n.obj"
         "cryptopp-object.dir\Debug\gfpcrypt.obj"
         "cryptopp-object.dir\Debug\gost.obj"
         "cryptopp-object.dir\Debug\gzip.obj"
         "cryptopp-object.dir\Debug\hex.obj"
         "cryptopp-object.dir\Debug\hmac.obj"
         "cryptopp-object.dir\Debug\hrtimer.obj"
         "cryptopp-object.dir\Debug\ida.obj"
         "cryptopp-object.dir\Debug\idea.obj"
         "cryptopp-object.dir\Debug\integer.obj"
         "cryptopp-object.dir\Debug\iterhash.obj"
         "cryptopp-object.dir\Debug\luc.obj"
         "cryptopp-object.dir\Debug\mars.obj"
         "cryptopp-object.dir\Debug\marss.obj"
         "cryptopp-object.dir\Debug\md2.obj"
         "cryptopp-object.dir\Debug\md4.obj"
         "cryptopp-object.dir\Debug\md5.obj"
         "cryptopp-object.dir\Debug\misc.obj"
         "cryptopp-object.dir\Debug\modes.obj"
         "cryptopp-object.dir\Debug\mqueue.obj"
         "cryptopp-object.dir\Debug\mqv.obj"
         "cryptopp-object.dir\Debug\nbtheory.obj"
         "cryptopp-object.dir\Debug\network.obj"
         "cryptopp-object.dir\Debug\oaep.obj"
         "cryptopp-object.dir\Debug\osrng.obj"
         "cryptopp-object.dir\Debug\panama.obj"
         "cryptopp-object.dir\Debug\pkcspad.obj"
         "cryptopp-object.dir\Debug\polynomi.obj"
         "cryptopp-object.dir\Debug\pssr.obj"
         "cryptopp-object.dir\Debug\pubkey.obj"
         "cryptopp-object.dir\Debug\queue.obj"
         "cryptopp-object.dir\Debug\rabin.obj"
         "cryptopp-object.dir\Debug\randpool.obj"
         "cryptopp-object.dir\Debug\rc2.obj"
         "cryptopp-object.dir\Debug\rc5.obj"
         "cryptopp-object.dir\Debug\rc6.obj"
         "cryptopp-object.dir\Debug\rdtables.obj"
         "cryptopp-object.dir\Debug\rijndael.obj"
         "cryptopp-object.dir\Debug\ripemd.obj"
         "cryptopp-object.dir\Debug\rng.obj"
         "cryptopp-object.dir\Debug\rsa.obj"
         "cryptopp-object.dir\Debug\rw.obj"
         "cryptopp-object.dir\Debug\safer.obj"
         "cryptopp-object.dir\Debug\salsa.obj"
         "cryptopp-object.dir\Debug\seal.obj"
         "cryptopp-object.dir\Debug\seed.obj"
         "cryptopp-object.dir\Debug\serpent.obj"
         "cryptopp-object.dir\Debug\sha.obj"
         "cryptopp-object.dir\Debug\sha3.obj"
         "cryptopp-object.dir\Debug\shacal2.obj"
         "cryptopp-object.dir\Debug\shark.obj"
         "cryptopp-object.dir\Debug\sharkbox.obj"
         "cryptopp-object.dir\Debug\skipjack.obj"
         "cryptopp-object.dir\Debug\socketft.obj"
         "cryptopp-object.dir\Debug\sosemanuk.obj"
         "cryptopp-object.dir\Debug\square.obj"
         "cryptopp-object.dir\Debug\squaretb.obj"
         "cryptopp-object.dir\Debug\strciphr.obj"
         "cryptopp-object.dir\Debug\tea.obj"
         "cryptopp-object.dir\Debug\tftables.obj"
         "cryptopp-object.dir\Debug\tiger.obj"
         "cryptopp-object.dir\Debug\tigertab.obj"
         "cryptopp-object.dir\Debug\trdlocal.obj"
         "cryptopp-object.dir\Debug\ttmac.obj"
         "cryptopp-object.dir\Debug\twofish.obj"
         "cryptopp-object.dir\Debug\vmac.obj"
         "cryptopp-object.dir\Debug\wait.obj"
         "cryptopp-object.dir\Debug\wake.obj"
         "cryptopp-object.dir\Debug\whrlpool.obj"
         "cryptopp-object.dir\Debug\xtr.obj"
         "cryptopp-object.dir\Debug\xtrcrypt.obj"
         "cryptopp-object.dir\Debug\zdeflate.obj"
         "cryptopp-object.dir\Debug\zinflate.obj"
         "cryptopp-object.dir\Debug\zlib.obj"
         "cryptopp-object.dir\Debug\winpipes.obj"
         "cryptopp-object.dir\Debug\/rdrand.cpp.obj"
         "cryptopp-object.dir\Debug\/rdrand.asm.obj"
     1>strciphr.obj : warning LNK4221: This object file does not define any previously undefined public symbols, so it will not be used by any link operation that consumes this library
     1>polynomi.obj : warning LNK4221: This object file does not define any previously undefined public symbols, so it will not be used by any link operation that consumes this library
     1>eprecomp.obj : warning LNK4221: This object file does not define any previously undefined public symbols, so it will not be used by any link operation that consumes this library
     1>eccrypto.obj : warning LNK4221: This object file does not define any previously undefined public symbols, so it will not be used by any link operation that consumes this library
     1>algebra.obj : warning LNK4221: This object file does not define any previously undefined public symbols, so it will not be used by any link operation that consumes this library
         cryptopp-object.vcxproj -> C:\Users\Geri\Downloads\gcs\CommProtocol\build\Encryption\cryptopp563\cryptopp-object.dir\Debug\cryptopp-object.lib
     1>Done Building Project "C:\Users\Geri\Downloads\gcs\CommProtocol\build\Encryption\cryptopp563\cryptopp-object.vcxproj" (Build target(s)).

Build succeeded.

Time Elapsed 00:00:07.67
