Build started 1/10/2017 5:55:43 PM.
     1>Project "C:\Users\amari\Documents\gcs\code\gcs\CommProtocol\CommProtocol-master\libxbee3\CommProtocol_v1.0.7b-a.vcxproj" on node 4 (Build target(s)).
     1>CustomBuild:
         Building Custom Rule C:/Users/amari/Documents/gcs/code/gcs/CommProtocol/CommProtocol-master/CMakeLists.txt
         CMake does not need to re-run because C:\Users\amari\Documents\gcs\code\gcs\CommProtocol\CommProtocol-master\libxbee3\CMakeFiles\generate.stamp is up-to-date.
       ClCompile:
         C:\Program Files (x86)\Microsoft Visual Studio 12.0\VC\bin\CL.exe /c /I"C:\Users\amari\Documents\gcs\code\gcs\CommProtocol\CommProtocol-master\CommProto\include" /I"C:\Users\amari\Documents\gcs\code\gcs\CommProtocol\CommProtocol-master\libxbee3" /I"C:\Users\amari\Documents\gcs\code\gcs\CommProtocol\CommProtocol-master\Encryption\cryptopp563" /Zi /nologo /W3 /WX- /sdl- /Od /Ob0 /Oy- /D WIN32 /D _WINDOWS /D _DEBUG /D COMMPROTO_DEBUG /D "CMAKE_INTDIR=\"Debug\"" /D _MBCS /Gm- /EHsc /RTC1 /MDd /GS /fp:precise /Zc:wchar_t /Zc:forScope /GR /Fo"CommProtocol_v1.0.7b-a.dir\Debug\\" /Fd"CommProtocol_v1.0.7b-a.dir\Debug\vc120.pdb" /Gd /TP /analyze- /errorReport:prompt "C:\Users\amari\Documents\gcs\code\gcs\CommProtocol\CommProtocol-master\CommProto\src\architecture\os\os_threads.cpp" "C:\Users\amari\Documents\gcs\code\gcs\CommProtocol\CommProtocol-master\CommProto\src\architecture\os\os_mutex.cpp" "C:\Users\amari\Documents\gcs\code\gcs\CommProtocol\CommProtocol-master\CommProto\src\console\console.cc" "C:\Users\amari\Documents\gcs\code\gcs\CommProtocol\CommProtocol-master\CommProto\src\abstractpacket.cpp" "C:\Users\amari\Documents\gcs\code\gcs\CommProtocol\CommProtocol-master\CommProto\src\headerpacket.cc" "C:\Users\amari\Documents\gcs\code\gcs\CommProtocol\CommProtocol-master\CommProto\src\comms.cpp" "C:\Users\amari\Documents\gcs\code\gcs\CommProtocol\CommProtocol-master\CommProto\src\callback.cpp" "C:\Users\amari\Documents\gcs\code\gcs\CommProtocol\CommProtocol-master\CommProto\src\hash\ngcphash.cpp" "C:\Users\amari\Documents\gcs\code\gcs\CommProtocol\CommProtocol-master\CommProto\src\network\udp.cpp" "C:\Users\amari\Documents\gcs\code\gcs\CommProtocol\CommProtocol-master\CommProto\src\network\serial.cpp" "C:\Users\amari\Documents\gcs\code\gcs\CommProtocol\CommProtocol-master\CommProto\src\network\seriallink.cc" "C:\Users\amari\Documents\gcs\code\gcs\CommProtocol\CommProtocol-master\CommProto\src\network\commxbee.cc" "C:\Users\amari\Documents\gcs\code\gcs\CommProtocol\CommProtocol-master\CommProto\src\network\xbeelink.cc" "C:\Users\amari\Documents\gcs\code\gcs\CommProtocol\CommProtocol-master\CommProto\src\network\udplink.cc" "C:\Users\amari\Documents\gcs\code\gcs\CommProtocol\CommProtocol-master\CommProto\src\network\tcpsocket.cpp" "C:\Users\amari\Documents\gcs\code\gcs\CommProtocol\CommProtocol-master\CommProto\src\network\crc32.cpp" "C:\Users\amari\Documents\gcs\code\gcs\CommProtocol\CommProtocol-master\CommProto\src\network\parser.cpp" "C:\Users\amari\Documents\gcs\code\gcs\CommProtocol\CommProtocol-master\CommProto\src\serialization\marshal.cpp" "C:\Users\amari\Documents\gcs\code\gcs\CommProtocol\CommProtocol-master\CommProto\src\serialization\objectstream.cpp" "C:\Users\amari\Documents\gcs\code\gcs\CommProtocol\CommProtocol-master\CommProto\src\ping\pinger.cpp" "C:\Users\amari\Documents\gcs\code\gcs\CommProtocol\CommProtocol-master\CommProto\src\ping\pingmanager.cpp" "C:\Users\amari\Documents\gcs\code\gcs\CommProtocol\CommProtocol-master\CommProto\src\ping\pingpacket.cpp" "C:\Users\amari\Documents\gcs\code\gcs\CommProtocol\CommProtocol-master\CommProto\src\pkg\packetmanager.cc" "C:\Users\amari\Documents\gcs\code\gcs\CommProtocol\CommProtocol-master\CommProto\src\pkg\packethashtable.cpp" "C:\Users\amari\Documents\gcs\code\gcs\CommProtocol\CommProtocol-master\CommProto\src\debug\log.cc" "C:\Users\amari\Documents\gcs\code\gcs\CommProtocol\CommProtocol-master\CommProto\src\encryption\aes_encryption.cpp" "C:\Users\amari\Documents\gcs\code\gcs\CommProtocol\CommProtocol-master\CommProto\src\encryption\encryptor.cc" "C:\Users\amari\Documents\gcs\code\gcs\CommProtocol\CommProtocol-master\CommProto\src\encryption\decryptor.cc"
         os_threads.cpp
         os_mutex.cpp
         console.cc
         abstractpacket.cpp
         headerpacket.cc
         comms.cpp
         callback.cpp
         ngcphash.cpp
         udp.cpp
     1>C:\Users\amari\Documents\gcs\code\gcs\CommProtocol\CommProtocol-master\CommProto\src\network\udp.cpp(121): warning C4996: 'inet_addr': Use inet_pton() or InetPton() instead or define _WINSOCK_DEPRECATED_NO_WARNINGS to disable deprecated API warnings
                 C:\Program Files (x86)\Windows Kits\8.1\Include\um\WinSock2.h(1850) : see declaration of 'inet_addr'
     1>C:\Users\amari\Documents\gcs\code\gcs\CommProtocol\CommProtocol-master\CommProto\src\network\udp.cpp(154): warning C4996: 'inet_addr': Use inet_pton() or InetPton() instead or define _WINSOCK_DEPRECATED_NO_WARNINGS to disable deprecated API warnings
                 C:\Program Files (x86)\Windows Kits\8.1\Include\um\WinSock2.h(1850) : see declaration of 'inet_addr'
     1>C:\Users\amari\Documents\gcs\code\gcs\CommProtocol\CommProtocol-master\CommProto\src\network\udp.cpp(178): warning C4996: 'inet_ntoa': Use inet_ntop() or InetNtop() instead or define _WINSOCK_DEPRECATED_NO_WARNINGS to disable deprecated API warnings
                 C:\Program Files (x86)\Windows Kits\8.1\Include\um\WinSock2.h(1868) : see declaration of 'inet_ntoa'
     1>C:\Users\amari\Documents\gcs\code\gcs\CommProtocol\CommProtocol-master\CommProto\src\network\udp.cpp(207): warning C4996: 'inet_ntoa': Use inet_ntop() or InetNtop() instead or define _WINSOCK_DEPRECATED_NO_WARNINGS to disable deprecated API warnings
                 C:\Program Files (x86)\Windows Kits\8.1\Include\um\WinSock2.h(1868) : see declaration of 'inet_ntoa'
         serial.cpp
     1>C:\Users\amari\Documents\gcs\code\gcs\CommProtocol\CommProtocol-master\CommProto\src\network\serial.cpp(50): warning C4996: 'strcpy': This function or variable may be unsafe. Consider using strcpy_s instead. To disable deprecation, use _CRT_SECURE_NO_WARNINGS. See online help for details.
                 C:\Program Files (x86)\Microsoft Visual Studio 12.0\VC\include\string.h(112) : see declaration of 'strcpy'
     1>C:\Users\amari\Documents\gcs\code\gcs\CommProtocol\CommProtocol-master\CommProto\src\network\serial.cpp(53): warning C4996: 'strcat': This function or variable may be unsafe. Consider using strcat_s instead. To disable deprecation, use _CRT_SECURE_NO_WARNINGS. See online help for details.
                 C:\Program Files (x86)\Microsoft Visual Studio 12.0\VC\include\string.h(118) : see declaration of 'strcat'
         seriallink.cc
     1>C:\Users\amari\Documents\gcs\code\gcs\CommProtocol\CommProtocol-master\CommProto\src\network\seriallink.cc(49): warning C4018: '<' : signed/unsigned mismatch
         commxbee.cc
     1>C:\Users\amari\Documents\gcs\code\gcs\CommProtocol\CommProtocol-master\CommProto\src\network\commxbee.cc(50): warning C4996: 'sprintf': This function or variable may be unsafe. Consider using sprintf_s instead. To disable deprecation, use _CRT_SECURE_NO_WARNINGS. See online help for details.
                 C:\Program Files (x86)\Microsoft Visual Studio 12.0\VC\include\stdio.h(356) : see declaration of 'sprintf'
     1>C:\Users\amari\Documents\gcs\code\gcs\CommProtocol\CommProtocol-master\CommProto\src\network\commxbee.cc(125): warning C4390: ';' : empty controlled statement found; is this the intent?
         xbeelink.cc
         udplink.cc
         tcpsocket.cpp
     1>C:\Users\amari\Documents\gcs\code\gcs\CommProtocol\CommProtocol-master\CommProto\src\network\tcpsocket.cpp(274): warning C4996: 'inet_addr': Use inet_pton() or InetPton() instead or define _WINSOCK_DEPRECATED_NO_WARNINGS to disable deprecated API warnings
                 C:\Program Files (x86)\Windows Kits\8.1\Include\um\WinSock2.h(1850) : see declaration of 'inet_addr'
         crc32.cpp
     1>C:\Users\amari\Documents\gcs\code\gcs\CommProtocol\CommProtocol-master\CommProto\src\network\crc32.cpp(37): warning C4146: unary minus operator applied to unsigned type, result still unsigned
         parser.cpp
     1>C:\Users\amari\Documents\gcs\code\gcs\CommProtocol\CommProtocol-master\CommProto\src\network\parser.cpp(29): warning C4996: 'strcpy': This function or variable may be unsafe. Consider using strcpy_s instead. To disable deprecation, use _CRT_SECURE_NO_WARNINGS. See online help for details.
                 C:\Program Files (x86)\Microsoft Visual Studio 12.0\VC\include\string.h(112) : see declaration of 'strcpy'
         marshal.cpp
     1>C:\Users\amari\Documents\gcs\code\gcs\CommProtocol\CommProtocol-master\CommProto\src\serialization\marshal.cpp(53): warning C4996: 'wcstombs': This function or variable may be unsafe. Consider using wcstombs_s instead. To disable deprecation, use _CRT_SECURE_NO_WARNINGS. See online help for details.
                 C:\Program Files (x86)\Microsoft Visual Studio 12.0\VC\include\stdlib.h(575) : see declaration of 'wcstombs'
     1>C:\Users\amari\Documents\gcs\code\gcs\CommProtocol\CommProtocol-master\CommProto\src\serialization\marshal.cpp(66): warning C4996: 'mbstowcs': This function or variable may be unsafe. Consider using mbstowcs_s instead. To disable deprecation, use _CRT_SECURE_NO_WARNINGS. See online help for details.
                 C:\Program Files (x86)\Microsoft Visual Studio 12.0\VC\include\stdlib.h(528) : see declaration of 'mbstowcs'
         objectstream.cpp
         pinger.cpp
         Generating Code...
     1>c:\users\amari\documents\gcs\code\gcs\commprotocol\commprotocol-master\commproto\src\comms.cpp(233): warning C4715: 'comnet::Comms::RemoveAddress' : not all control paths return a value
         Compiling...
         pingmanager.cpp
         pingpacket.cpp
     1>C:\Users\amari\Documents\gcs\code\gcs\CommProtocol\CommProtocol-master\CommProto\src\ping\pingpacket.cpp(42): warning C4800: 'uint8_t' : forcing value to bool 'true' or 'false' (performance warning)
         packetmanager.cc
         packethashtable.cpp
     1>C:\Users\amari\Documents\gcs\code\gcs\CommProtocol\CommProtocol-master\CommProto\src\pkg\packethashtable.cpp(69): warning C4018: '<' : signed/unsigned mismatch
         log.cc
         aes_encryption.cpp
         encryptor.cc
         decryptor.cc
         Generating Code...
       Lib:
         C:\Program Files (x86)\Microsoft Visual Studio 12.0\VC\bin\Lib.exe /OUT:"C:\Users\amari\Documents\gcs\code\gcs\CommProtocol\CommProtocol-master\libxbee3\Debug\CommProtocol_v1.0.7b-a.lib" /NOLOGO  /machine:X86 "CommProtocol_v1.0.7b-a.dir\Debug\os_threads.obj"
         "CommProtocol_v1.0.7b-a.dir\Debug\os_mutex.obj"
         "CommProtocol_v1.0.7b-a.dir\Debug\console.obj"
         "CommProtocol_v1.0.7b-a.dir\Debug\abstractpacket.obj"
         "CommProtocol_v1.0.7b-a.dir\Debug\headerpacket.obj"
         "CommProtocol_v1.0.7b-a.dir\Debug\comms.obj"
         "CommProtocol_v1.0.7b-a.dir\Debug\callback.obj"
         "CommProtocol_v1.0.7b-a.dir\Debug\ngcphash.obj"
         "CommProtocol_v1.0.7b-a.dir\Debug\udp.obj"
         "CommProtocol_v1.0.7b-a.dir\Debug\serial.obj"
         "CommProtocol_v1.0.7b-a.dir\Debug\seriallink.obj"
         "CommProtocol_v1.0.7b-a.dir\Debug\commxbee.obj"
         "CommProtocol_v1.0.7b-a.dir\Debug\xbeelink.obj"
         "CommProtocol_v1.0.7b-a.dir\Debug\udplink.obj"
         "CommProtocol_v1.0.7b-a.dir\Debug\tcpsocket.obj"
         "CommProtocol_v1.0.7b-a.dir\Debug\crc32.obj"
         "CommProtocol_v1.0.7b-a.dir\Debug\parser.obj"
         "CommProtocol_v1.0.7b-a.dir\Debug\marshal.obj"
         "CommProtocol_v1.0.7b-a.dir\Debug\objectstream.obj"
         "CommProtocol_v1.0.7b-a.dir\Debug\pinger.obj"
         "CommProtocol_v1.0.7b-a.dir\Debug\pingmanager.obj"
         "CommProtocol_v1.0.7b-a.dir\Debug\pingpacket.obj"
         "CommProtocol_v1.0.7b-a.dir\Debug\packetmanager.obj"
         "CommProtocol_v1.0.7b-a.dir\Debug\packethashtable.obj"
         "CommProtocol_v1.0.7b-a.dir\Debug\log.obj"
         "CommProtocol_v1.0.7b-a.dir\Debug\aes_encryption.obj"
         "CommProtocol_v1.0.7b-a.dir\Debug\encryptor.obj"
         "CommProtocol_v1.0.7b-a.dir\Debug\decryptor.obj"
         CommProtocol_v1.0.7b-a.vcxproj -> C:\Users\amari\Documents\gcs\code\gcs\CommProtocol\CommProtocol-master\libxbee3\Debug\CommProtocol_v1.0.7b-a.lib
     1>Done Building Project "C:\Users\amari\Documents\gcs\code\gcs\CommProtocol\CommProtocol-master\libxbee3\CommProtocol_v1.0.7b-a.vcxproj" (Build target(s)).

Build succeeded.

Time Elapsed 00:00:18.87
