Build started 1/27/2017 1:38:53 PM.
     1>Project "C:\Users\Geri\Downloads\gcs\CommProtocol\build\libxbee3\libxbee3.vcxproj" on node 3 (Build target(s)).
     1>ClCompile:
         C:\Users\Geri\Desktop\GCS\VC\bin\CL.exe /c /IC:\Users\Geri\Downloads\gcs\CommProtocol\libxbee3 /Zi /nologo /W3 /WX- /Od /Ob0 /Oy- /D WIN32 /D _WINDOWS /D _DEBUG /D COMMPROTO_DEBUG /D "CMAKE_INTDIR=\"Debug\"" /D libxbee3_EXPORTS /D _WINDLL /D _MBCS /Gm- /RTC1 /MDd /GS /fp:precise /Zc:wchar_t /Zc:forScope /Fo"libxbee3.dir\Debug\\" /Fd"libxbee3.dir\Debug\vc120.pdb" /Gd /TC /analyze- /errorReport:prompt C:\Users\Geri\Downloads\gcs\CommProtocol\libxbee3\conn.c
         conn.c
     1>c:\users\geri\downloads\gcs\commprotocol\libxbee3\xsys_win32_winpthreads.h(55): warning C4005: 'ETIMEDOUT' : macro redefinition
                 C:\Users\Geri\Desktop\GCS\VC\include\errno.h(130) : see previous definition of 'ETIMEDOUT'
     1>c:\users\geri\downloads\gcs\commprotocol\libxbee3\xsys_win32_winpthreads.h(56): warning C4005: 'ENOTSUP' : macro redefinition
                 C:\Users\Geri\Desktop\GCS\VC\include\errno.h(121) : see previous definition of 'ENOTSUP'
     1>c:\users\geri\downloads\gcs\commprotocol\libxbee3\xsys_win32_winpthreads.h(368): warning C4013: 'pthread_rwlock_unlock' undefined; assuming extern returning int
     1>c:\users\geri\downloads\gcs\commprotocol\libxbee3\xsys_win32_winpthreads.h(411): warning C4013: '_endthreadex' undefined; assuming extern returning int
     1>c:\users\geri\downloads\gcs\commprotocol\libxbee3\xsys_win32_winpthreads.h(472): warning C4996: '_ftime64': This function or variable may be unsafe. Consider using _ftime64_s instead. To disable deprecation, use _CRT_SECURE_NO_WARNINGS. See online help for details.
                 C:\Users\Geri\Desktop\GCS\VC\include\sys/timeb.h(131) : see declaration of '_ftime64'
     1>c:\users\geri\downloads\gcs\commprotocol\libxbee3\xsys_win32_winpthreads.h(756): warning C4101: 'i' : unreferenced local variable
     1>c:\users\geri\downloads\gcs\commprotocol\libxbee3\xsys_win32_winpthreads.h(756): warning C4101: 'j' : unreferenced local variable
     1>c:\users\geri\downloads\gcs\commprotocol\libxbee3\xsys_win32_winpthreads.h(812): warning C4013: '_beginthreadex' undefined; assuming extern returning int
     1>c:\users\geri\downloads\gcs\commprotocol\libxbee3\xsys_win32_winpthreads.h(962): warning C4244: 'function' : conversion from 'unsigned __int64' to 'DWORD', possible loss of data
     1>c:\users\geri\downloads\gcs\commprotocol\libxbee3\xsys_win32_winpthreads.h(1168): warning C4018: '>' : signed/unsigned mismatch
     1>c:\users\geri\downloads\gcs\commprotocol\libxbee3\xsys_win32_winpthreads.h(1175): warning C4018: '>' : signed/unsigned mismatch
     1>c:\users\geri\downloads\gcs\commprotocol\libxbee3\xsys_win32_winpthreads.h(1186): warning C4018: '>=' : signed/unsigned mismatch
     1>c:\users\geri\downloads\gcs\commprotocol\libxbee3\xsys_win32_winpthreads.h(1196): warning C4018: '>' : signed/unsigned mismatch
     1>c:\users\geri\downloads\gcs\commprotocol\libxbee3\xsys_win32_winpthreads.h(1302): warning C4244: 'function' : conversion from 'unsigned __int64' to 'DWORD', possible loss of data
     1>c:\users\geri\downloads\gcs\commprotocol\libxbee3\xsys_win32.h(40): warning C4005: 'va_copy' : macro redefinition
                 C:\Users\Geri\Desktop\GCS\VC\include\stdarg.h(37) : see previous definition of 'va_copy'
     1>C:\Users\Geri\Downloads\gcs\CommProtocol\libxbee3\conn.c(438): warning C4996: 'strcpy': This function or variable may be unsafe. Consider using strcpy_s instead. To disable deprecation, use _CRT_SECURE_NO_WARNINGS. See online help for details.
                 C:\Users\Geri\Desktop\GCS\VC\include\string.h(112) : see declaration of 'strcpy'
     1>C:\Users\Geri\Downloads\gcs\CommProtocol\libxbee3\conn.c(620): warning C4996: 'vsnprintf': This function or variable may be unsafe. Consider using vsnprintf_s instead. To disable deprecation, use _CRT_SECURE_NO_WARNINGS. See online help for details.
                 C:\Users\Geri\Desktop\GCS\VC\include\stdio.h(337) : see declaration of 'vsnprintf'
     1>C:\Users\Geri\Downloads\gcs\CommProtocol\libxbee3\conn.c(627): warning C4996: 'vsnprintf': This function or variable may be unsafe. Consider using vsnprintf_s instead. To disable deprecation, use _CRT_SECURE_NO_WARNINGS. See online help for details.
                 C:\Users\Geri\Desktop\GCS\VC\include\stdio.h(337) : see declaration of 'vsnprintf'
     1>C:\Users\Geri\Downloads\gcs\CommProtocol\libxbee3\conn.c(715): warning C4013: 'clock_gettime' undefined; assuming extern returning int
       Link:
         C:\Users\Geri\Desktop\GCS\VC\bin\link.exe /ERRORREPORT:PROMPT /OUT:"C:\Users\Geri\Downloads\gcs\CommProtocol\build\libxbee3\Debug\libxbee3.dll" /INCREMENTAL /NOLOGO kernel32.lib user32.lib gdi32.lib winspool.lib shell32.lib ole32.lib oleaut32.lib uuid.lib comdlg32.lib advapi32.lib /MANIFEST /MANIFESTUAC:"level='asInvoker' uiAccess='false'" /manifest:embed /DEBUG /PDB:"C:/Users/Geri/Downloads/gcs/CommProtocol/build/libxbee3/Debug/libxbee3.pdb" /SUBSYSTEM:CONSOLE /TLBID:1 /DYNAMICBASE /NXCOMPAT /IMPLIB:"C:/Users/Geri/Downloads/gcs/CommProtocol/build/libxbee3/Debug/libxbee3.lib" /MACHINE:X86 /SAFESEH  /machine:X86 /DLL libxbee3.dir\Debug\conn.obj
         libxbee3.dir\Debug\error.obj
         libxbee3.dir\Debug\frame.obj
         libxbee3.dir\Debug\ll.obj
         libxbee3.dir\Debug\log.obj
         libxbee3.dir\Debug\mode.obj
         libxbee3.dir\Debug\mutex.obj
         libxbee3.dir\Debug\pkt.obj
         libxbee3.dir\Debug\prepare.obj
         libxbee3.dir\Debug\rx.obj
         libxbee3.dir\Debug\thread.obj
         libxbee3.dir\Debug\tx.obj
         libxbee3.dir\Debug\ver.obj
         libxbee3.dir\Debug\xbee.obj
         libxbee3.dir\Debug\xsys.obj
         libxbee3.dir\Debug\common.obj
         libxbee3.dir\Debug\at.obj
         libxbee3.dir\Debug\data.obj
         libxbee3.dir\Debug\dataExp.obj
         libxbee3.dir\Debug\identify.obj
         libxbee3.dir\Debug\io.obj
         libxbee3.dir\Debug\mode5.obj
         libxbee3.vcxproj -> C:\Users\Geri\Downloads\gcs\CommProtocol\build\libxbee3\Debug\libxbee3.dll
       PostBuildEvent:
         setlocal
         cd "C:/Users/Geri/Downloads/gcs/CommProtocol/build/libxbee3/Debug"
         if %errorlevel% neq 0 goto :cmEnd
         echo f | xcopy "libxbee3.dll" "C:/Users/Geri/Downloads/gcs/CommProtocol/build/libxbee3/../tests/classes/cpp/udp/libxbee3.dll" /y /R
         if %errorlevel% neq 0 goto :cmEnd
         echo f | xcopy "libxbee3.dll" "C:/Users/Geri/Downloads/gcs/CommProtocol/build/libxbee3/../tests/classes/cpp/xbee/libxbee3.dll" /y /R
         if %errorlevel% neq 0 goto :cmEnd
         echo f | xcopy "libxbee3.dll" "C:/Users/Geri/Downloads/gcs/CommProtocol/build/libxbee3/../tests/classes/cpp/serial/libxbee3.dll" /y /R
         if %errorlevel% neq 0 goto :cmEnd
         :cmEnd
         endlocal & call :cmErrorLevel %errorlevel% & goto :cmDone
         :cmErrorLevel
         exit /b %1
         :cmDone
         if %errorlevel% neq 0 goto :VCEnd
         :VCEnd
         C:libxbee3.dll
         1 File(s) copied
         C:libxbee3.dll
         1 File(s) copied
         C:libxbee3.dll
         1 File(s) copied
     1>Done Building Project "C:\Users\Geri\Downloads\gcs\CommProtocol\build\libxbee3\libxbee3.vcxproj" (Build target(s)).

Build succeeded.

Time Elapsed 00:00:07.67
