Build started 1/10/2017 5:55:42 PM.
     1>Project "C:\Users\amari\Documents\gcs\code\gcs\CommProtocol\CommProtocol-master\libxbee3\Encryption\cryptopp563\cryptopp-static.vcxproj" on node 3 (Build target(s)).
     1>CustomBuild:
         Building Custom Rule C:/Users/amari/Documents/gcs/code/gcs/CommProtocol/CommProtocol-master/Encryption/cryptopp563/CMakeLists.txt
         CMake does not need to re-run because C:\Users\amari\Documents\gcs\code\gcs\CommProtocol\CommProtocol-master\libxbee3\Encryption\cryptopp563\CMakeFiles\generate.stamp is up-to-date.
       Lib:
         C:\Program Files (x86)\Microsoft Visual Studio 12.0\VC\bin\Lib.exe /OUT:"C:\Users\amari\Documents\gcs\code\gcs\CommProtocol\CommProtocol-master\libxbee3\Encryption\cryptopp563\Debug\cryptopp-static.lib" /NOLOGO  /machine:X86 "C:\Users\amari\Documents\gcs\code\gcs\CommProtocol\CommProtocol-master\libxbee3\Encryption\cryptopp563\cryptopp-object.dir\Debug\cryptlib.obj"
         "C:\Users\amari\Documents\gcs\code\gcs\CommProtocol\CommProtocol-master\libxbee3\Encryption\cryptopp563\cryptopp-object.dir\Debug\cpu.obj"
         "C:\Users\amari\Documents\gcs\code\gcs\CommProtocol\CommProtocol-master\libxbee3\Encryption\cryptopp563\cryptopp-object.dir\Debug\3way.obj"
         "C:\Users\amari\Documents\gcs\code\gcs\CommProtocol\CommProtocol-master\libxbee3\Encryption\cryptopp563\cryptopp-object.dir\Debug\adler32.obj"
         "C:\Users\amari\Documents\gcs\code\gcs\CommProtocol\CommProtocol-master\libxbee3\Encryption\cryptopp563\cryptopp-object.dir\Debug\algebra.obj"
         "C:\Users\amari\Documents\gcs\code\gcs\CommProtocol\CommProtocol-master\libxbee3\Encryption\cryptopp563\cryptopp-object.dir\Debug\algparam.obj"
         "C:\Users\amari\Documents\gcs\code\gcs\CommProtocol\CommProtocol-master\libxbee3\Encryption\cryptopp563\cryptopp-object.dir\Debug\arc4.obj"
         "C:\Users\amari\Documents\gcs\code\gcs\CommProtocol\CommProtocol-master\libxbee3\Encryption\cryptopp563\cryptopp-object.dir\Debug\asn.obj"
         "C:\Users\amari\Documents\gcs\code\gcs\CommProtocol\CommProtocol-master\libxbee3\Encryption\cryptopp563\cryptopp-object.dir\Debug\authenc.obj"
         "C:\Users\amari\Documents\gcs\code\gcs\CommProtocol\CommProtocol-master\libxbee3\Encryption\cryptopp563\cryptopp-object.dir\Debug\base32.obj"
         "C:\Users\amari\Documents\gcs\code\gcs\CommProtocol\CommProtocol-master\libxbee3\Encryption\cryptopp563\cryptopp-object.dir\Debug\base64.obj"
         "C:\Users\amari\Documents\gcs\code\gcs\CommProtocol\CommProtocol-master\libxbee3\Encryption\cryptopp563\cryptopp-object.dir\Debug\basecode.obj"
         "C:\Users\amari\Documents\gcs\code\gcs\CommProtocol\CommProtocol-master\libxbee3\Encryption\cryptopp563\cryptopp-object.dir\Debug\bfinit.obj"
         "C:\Users\amari\Documents\gcs\code\gcs\CommProtocol\CommProtocol-master\libxbee3\Encryption\cryptopp563\cryptopp-object.dir\Debug\blowfish.obj"
         "C:\Users\amari\Documents\gcs\code\gcs\CommProtocol\CommProtocol-master\libxbee3\Encryption\cryptopp563\cryptopp-object.dir\Debug\blumshub.obj"
         "C:\Users\amari\Documents\gcs\code\gcs\CommProtocol\CommProtocol-master\libxbee3\Encryption\cryptopp563\cryptopp-object.dir\Debug\camellia.obj"
         "C:\Users\amari\Documents\gcs\code\gcs\CommProtocol\CommProtocol-master\libxbee3\Encryption\cryptopp563\cryptopp-object.dir\Debug\cast.obj"
         "C:\Users\amari\Documents\gcs\code\gcs\CommProtocol\CommProtocol-master\libxbee3\Encryption\cryptopp563\cryptopp-object.dir\Debug\casts.obj"
         "C:\Users\amari\Documents\gcs\code\gcs\CommProtocol\CommProtocol-master\libxbee3\Encryption\cryptopp563\cryptopp-object.dir\Debug\cbcmac.obj"
         "C:\Users\amari\Documents\gcs\code\gcs\CommProtocol\CommProtocol-master\libxbee3\Encryption\cryptopp563\cryptopp-object.dir\Debug\ccm.obj"
         "C:\Users\amari\Documents\gcs\code\gcs\CommProtocol\CommProtocol-master\libxbee3\Encryption\cryptopp563\cryptopp-object.dir\Debug\channels.obj"
         "C:\Users\amari\Documents\gcs\code\gcs\CommProtocol\CommProtocol-master\libxbee3\Encryption\cryptopp563\cryptopp-object.dir\Debug\cmac.obj"
         "C:\Users\amari\Documents\gcs\code\gcs\CommProtocol\CommProtocol-master\libxbee3\Encryption\cryptopp563\cryptopp-object.dir\Debug\crc.obj"
         "C:\Users\amari\Documents\gcs\code\gcs\CommProtocol\CommProtocol-master\libxbee3\Encryption\cryptopp563\cryptopp-object.dir\Debug\default.obj"
         "C:\Users\amari\Documents\gcs\code\gcs\CommProtocol\CommProtocol-master\libxbee3\Encryption\cryptopp563\cryptopp-object.dir\Debug\des.obj"
         "C:\Users\amari\Documents\gcs\code\gcs\CommProtocol\CommProtocol-master\libxbee3\Encryption\cryptopp563\cryptopp-object.dir\Debug\dessp.obj"
         "C:\Users\amari\Documents\gcs\code\gcs\CommProtocol\CommProtocol-master\libxbee3\Encryption\cryptopp563\cryptopp-object.dir\Debug\dh.obj"
         "C:\Users\amari\Documents\gcs\code\gcs\CommProtocol\CommProtocol-master\libxbee3\Encryption\cryptopp563\cryptopp-object.dir\Debug\dh2.obj"
         "C:\Users\amari\Documents\gcs\code\gcs\CommProtocol\CommProtocol-master\libxbee3\Encryption\cryptopp563\cryptopp-object.dir\Debug\dll.obj"
         "C:\Users\amari\Documents\gcs\code\gcs\CommProtocol\CommProtocol-master\libxbee3\Encryption\cryptopp563\cryptopp-object.dir\Debug\dsa.obj"
         "C:\Users\amari\Documents\gcs\code\gcs\CommProtocol\CommProtocol-master\libxbee3\Encryption\cryptopp563\cryptopp-object.dir\Debug\eax.obj"
         "C:\Users\amari\Documents\gcs\code\gcs\CommProtocol\CommProtocol-master\libxbee3\Encryption\cryptopp563\cryptopp-object.dir\Debug\ec2n.obj"
         "C:\Users\amari\Documents\gcs\code\gcs\CommProtocol\CommProtocol-master\libxbee3\Encryption\cryptopp563\cryptopp-object.dir\Debug\eccrypto.obj"
         "C:\Users\amari\Documents\gcs\code\gcs\CommProtocol\CommProtocol-master\libxbee3\Encryption\cryptopp563\cryptopp-object.dir\Debug\ecp.obj"
         "C:\Users\amari\Documents\gcs\code\gcs\CommProtocol\CommProtocol-master\libxbee3\Encryption\cryptopp563\cryptopp-object.dir\Debug\elgamal.obj"
         "C:\Users\amari\Documents\gcs\code\gcs\CommProtocol\CommProtocol-master\libxbee3\Encryption\cryptopp563\cryptopp-object.dir\Debug\emsa2.obj"
         "C:\Users\amari\Documents\gcs\code\gcs\CommProtocol\CommProtocol-master\libxbee3\Encryption\cryptopp563\cryptopp-object.dir\Debug\eprecomp.obj"
         "C:\Users\amari\Documents\gcs\code\gcs\CommProtocol\CommProtocol-master\libxbee3\Encryption\cryptopp563\cryptopp-object.dir\Debug\esign.obj"
         "C:\Users\amari\Documents\gcs\code\gcs\CommProtocol\CommProtocol-master\libxbee3\Encryption\cryptopp563\cryptopp-object.dir\Debug\files.obj"
         "C:\Users\amari\Documents\gcs\code\gcs\CommProtocol\CommProtocol-master\libxbee3\Encryption\cryptopp563\cryptopp-object.dir\Debug\filters.obj"
         "C:\Users\amari\Documents\gcs\code\gcs\CommProtocol\CommProtocol-master\libxbee3\Encryption\cryptopp563\cryptopp-object.dir\Debug\fips140.obj"
         "C:\Users\amari\Documents\gcs\code\gcs\CommProtocol\CommProtocol-master\libxbee3\Encryption\cryptopp563\cryptopp-object.dir\Debug\gcm.obj"
         "C:\Users\amari\Documents\gcs\code\gcs\CommProtocol\CommProtocol-master\libxbee3\Encryption\cryptopp563\cryptopp-object.dir\Debug\gf256.obj"
         "C:\Users\amari\Documents\gcs\code\gcs\CommProtocol\CommProtocol-master\libxbee3\Encryption\cryptopp563\cryptopp-object.dir\Debug\gf2_32.obj"
         "C:\Users\amari\Documents\gcs\code\gcs\CommProtocol\CommProtocol-master\libxbee3\Encryption\cryptopp563\cryptopp-object.dir\Debug\gf2n.obj"
         "C:\Users\amari\Documents\gcs\code\gcs\CommProtocol\CommProtocol-master\libxbee3\Encryption\cryptopp563\cryptopp-object.dir\Debug\gfpcrypt.obj"
         "C:\Users\amari\Documents\gcs\code\gcs\CommProtocol\CommProtocol-master\libxbee3\Encryption\cryptopp563\cryptopp-object.dir\Debug\gost.obj"
         "C:\Users\amari\Documents\gcs\code\gcs\CommProtocol\CommProtocol-master\libxbee3\Encryption\cryptopp563\cryptopp-object.dir\Debug\gzip.obj"
         "C:\Users\amari\Documents\gcs\code\gcs\CommProtocol\CommProtocol-master\libxbee3\Encryption\cryptopp563\cryptopp-object.dir\Debug\hex.obj"
         "C:\Users\amari\Documents\gcs\code\gcs\CommProtocol\CommProtocol-master\libxbee3\Encryption\cryptopp563\cryptopp-object.dir\Debug\hmac.obj"
         "C:\Users\amari\Documents\gcs\code\gcs\CommProtocol\CommProtocol-master\libxbee3\Encryption\cryptopp563\cryptopp-object.dir\Debug\hrtimer.obj"
         "C:\Users\amari\Documents\gcs\code\gcs\CommProtocol\CommProtocol-master\libxbee3\Encryption\cryptopp563\cryptopp-object.dir\Debug\ida.obj"
         "C:\Users\amari\Documents\gcs\code\gcs\CommProtocol\CommProtocol-master\libxbee3\Encryption\cryptopp563\cryptopp-object.dir\Debug\idea.obj"
         "C:\Users\amari\Documents\gcs\code\gcs\CommProtocol\CommProtocol-master\libxbee3\Encryption\cryptopp563\cryptopp-object.dir\Debug\integer.obj"
         "C:\Users\amari\Documents\gcs\code\gcs\CommProtocol\CommProtocol-master\libxbee3\Encryption\cryptopp563\cryptopp-object.dir\Debug\iterhash.obj"
         "C:\Users\amari\Documents\gcs\code\gcs\CommProtocol\CommProtocol-master\libxbee3\Encryption\cryptopp563\cryptopp-object.dir\Debug\luc.obj"
         "C:\Users\amari\Documents\gcs\code\gcs\CommProtocol\CommProtocol-master\libxbee3\Encryption\cryptopp563\cryptopp-object.dir\Debug\mars.obj"
         "C:\Users\amari\Documents\gcs\code\gcs\CommProtocol\CommProtocol-master\libxbee3\Encryption\cryptopp563\cryptopp-object.dir\Debug\marss.obj"
         "C:\Users\amari\Documents\gcs\code\gcs\CommProtocol\CommProtocol-master\libxbee3\Encryption\cryptopp563\cryptopp-object.dir\Debug\md2.obj"
         "C:\Users\amari\Documents\gcs\code\gcs\CommProtocol\CommProtocol-master\libxbee3\Encryption\cryptopp563\cryptopp-object.dir\Debug\md4.obj"
         "C:\Users\amari\Documents\gcs\code\gcs\CommProtocol\CommProtocol-master\libxbee3\Encryption\cryptopp563\cryptopp-object.dir\Debug\md5.obj"
         "C:\Users\amari\Documents\gcs\code\gcs\CommProtocol\CommProtocol-master\libxbee3\Encryption\cryptopp563\cryptopp-object.dir\Debug\misc.obj"
         "C:\Users\amari\Documents\gcs\code\gcs\CommProtocol\CommProtocol-master\libxbee3\Encryption\cryptopp563\cryptopp-object.dir\Debug\modes.obj"
         "C:\Users\amari\Documents\gcs\code\gcs\CommProtocol\CommProtocol-master\libxbee3\Encryption\cryptopp563\cryptopp-object.dir\Debug\mqueue.obj"
         "C:\Users\amari\Documents\gcs\code\gcs\CommProtocol\CommProtocol-master\libxbee3\Encryption\cryptopp563\cryptopp-object.dir\Debug\mqv.obj"
         "C:\Users\amari\Documents\gcs\code\gcs\CommProtocol\CommProtocol-master\libxbee3\Encryption\cryptopp563\cryptopp-object.dir\Debug\nbtheory.obj"
         "C:\Users\amari\Documents\gcs\code\gcs\CommProtocol\CommProtocol-master\libxbee3\Encryption\cryptopp563\cryptopp-object.dir\Debug\network.obj"
         "C:\Users\amari\Documents\gcs\code\gcs\CommProtocol\CommProtocol-master\libxbee3\Encryption\cryptopp563\cryptopp-object.dir\Debug\oaep.obj"
         "C:\Users\amari\Documents\gcs\code\gcs\CommProtocol\CommProtocol-master\libxbee3\Encryption\cryptopp563\cryptopp-object.dir\Debug\osrng.obj"
         "C:\Users\amari\Documents\gcs\code\gcs\CommProtocol\CommProtocol-master\libxbee3\Encryption\cryptopp563\cryptopp-object.dir\Debug\panama.obj"
         "C:\Users\amari\Documents\gcs\code\gcs\CommProtocol\CommProtocol-master\libxbee3\Encryption\cryptopp563\cryptopp-object.dir\Debug\pkcspad.obj"
         "C:\Users\amari\Documents\gcs\code\gcs\CommProtocol\CommProtocol-master\libxbee3\Encryption\cryptopp563\cryptopp-object.dir\Debug\polynomi.obj"
         "C:\Users\amari\Documents\gcs\code\gcs\CommProtocol\CommProtocol-master\libxbee3\Encryption\cryptopp563\cryptopp-object.dir\Debug\pssr.obj"
         "C:\Users\amari\Documents\gcs\code\gcs\CommProtocol\CommProtocol-master\libxbee3\Encryption\cryptopp563\cryptopp-object.dir\Debug\pubkey.obj"
         "C:\Users\amari\Documents\gcs\code\gcs\CommProtocol\CommProtocol-master\libxbee3\Encryption\cryptopp563\cryptopp-object.dir\Debug\queue.obj"
         "C:\Users\amari\Documents\gcs\code\gcs\CommProtocol\CommProtocol-master\libxbee3\Encryption\cryptopp563\cryptopp-object.dir\Debug\rabin.obj"
         "C:\Users\amari\Documents\gcs\code\gcs\CommProtocol\CommProtocol-master\libxbee3\Encryption\cryptopp563\cryptopp-object.dir\Debug\randpool.obj"
         "C:\Users\amari\Documents\gcs\code\gcs\CommProtocol\CommProtocol-master\libxbee3\Encryption\cryptopp563\cryptopp-object.dir\Debug\rc2.obj"
         "C:\Users\amari\Documents\gcs\code\gcs\CommProtocol\CommProtocol-master\libxbee3\Encryption\cryptopp563\cryptopp-object.dir\Debug\rc5.obj"
         "C:\Users\amari\Documents\gcs\code\gcs\CommProtocol\CommProtocol-master\libxbee3\Encryption\cryptopp563\cryptopp-object.dir\Debug\rc6.obj"
         "C:\Users\amari\Documents\gcs\code\gcs\CommProtocol\CommProtocol-master\libxbee3\Encryption\cryptopp563\cryptopp-object.dir\Debug\rdrand.cpp.obj"
         "C:\Users\amari\Documents\gcs\code\gcs\CommProtocol\CommProtocol-master\libxbee3\Encryption\cryptopp563\cryptopp-object.dir\Debug\rdtables.obj"
         "C:\Users\amari\Documents\gcs\code\gcs\CommProtocol\CommProtocol-master\libxbee3\Encryption\cryptopp563\cryptopp-object.dir\Debug\rijndael.obj"
         "C:\Users\amari\Documents\gcs\code\gcs\CommProtocol\CommProtocol-master\libxbee3\Encryption\cryptopp563\cryptopp-object.dir\Debug\ripemd.obj"
         "C:\Users\amari\Documents\gcs\code\gcs\CommProtocol\CommProtocol-master\libxbee3\Encryption\cryptopp563\cryptopp-object.dir\Debug\rng.obj"
         "C:\Users\amari\Documents\gcs\code\gcs\CommProtocol\CommProtocol-master\libxbee3\Encryption\cryptopp563\cryptopp-object.dir\Debug\rsa.obj"
         "C:\Users\amari\Documents\gcs\code\gcs\CommProtocol\CommProtocol-master\libxbee3\Encryption\cryptopp563\cryptopp-object.dir\Debug\rw.obj"
         "C:\Users\amari\Documents\gcs\code\gcs\CommProtocol\CommProtocol-master\libxbee3\Encryption\cryptopp563\cryptopp-object.dir\Debug\safer.obj"
         "C:\Users\amari\Documents\gcs\code\gcs\CommProtocol\CommProtocol-master\libxbee3\Encryption\cryptopp563\cryptopp-object.dir\Debug\salsa.obj"
         "C:\Users\amari\Documents\gcs\code\gcs\CommProtocol\CommProtocol-master\libxbee3\Encryption\cryptopp563\cryptopp-object.dir\Debug\seal.obj"
         "C:\Users\amari\Documents\gcs\code\gcs\CommProtocol\CommProtocol-master\libxbee3\Encryption\cryptopp563\cryptopp-object.dir\Debug\seed.obj"
         "C:\Users\amari\Documents\gcs\code\gcs\CommProtocol\CommProtocol-master\libxbee3\Encryption\cryptopp563\cryptopp-object.dir\Debug\serpent.obj"
         "C:\Users\amari\Documents\gcs\code\gcs\CommProtocol\CommProtocol-master\libxbee3\Encryption\cryptopp563\cryptopp-object.dir\Debug\sha.obj"
         "C:\Users\amari\Documents\gcs\code\gcs\CommProtocol\CommProtocol-master\libxbee3\Encryption\cryptopp563\cryptopp-object.dir\Debug\sha3.obj"
         "C:\Users\amari\Documents\gcs\code\gcs\CommProtocol\CommProtocol-master\libxbee3\Encryption\cryptopp563\cryptopp-object.dir\Debug\shacal2.obj"
         "C:\Users\amari\Documents\gcs\code\gcs\CommProtocol\CommProtocol-master\libxbee3\Encryption\cryptopp563\cryptopp-object.dir\Debug\shark.obj"
         "C:\Users\amari\Documents\gcs\code\gcs\CommProtocol\CommProtocol-master\libxbee3\Encryption\cryptopp563\cryptopp-object.dir\Debug\sharkbox.obj"
         "C:\Users\amari\Documents\gcs\code\gcs\CommProtocol\CommProtocol-master\libxbee3\Encryption\cryptopp563\cryptopp-object.dir\Debug\skipjack.obj"
         "C:\Users\amari\Documents\gcs\code\gcs\CommProtocol\CommProtocol-master\libxbee3\Encryption\cryptopp563\cryptopp-object.dir\Debug\socketft.obj"
         "C:\Users\amari\Documents\gcs\code\gcs\CommProtocol\CommProtocol-master\libxbee3\Encryption\cryptopp563\cryptopp-object.dir\Debug\sosemanuk.obj"
         "C:\Users\amari\Documents\gcs\code\gcs\CommProtocol\CommProtocol-master\libxbee3\Encryption\cryptopp563\cryptopp-object.dir\Debug\square.obj"
         "C:\Users\amari\Documents\gcs\code\gcs\CommProtocol\CommProtocol-master\libxbee3\Encryption\cryptopp563\cryptopp-object.dir\Debug\squaretb.obj"
         "C:\Users\amari\Documents\gcs\code\gcs\CommProtocol\CommProtocol-master\libxbee3\Encryption\cryptopp563\cryptopp-object.dir\Debug\strciphr.obj"
         "C:\Users\amari\Documents\gcs\code\gcs\CommProtocol\CommProtocol-master\libxbee3\Encryption\cryptopp563\cryptopp-object.dir\Debug\tea.obj"
         "C:\Users\amari\Documents\gcs\code\gcs\CommProtocol\CommProtocol-master\libxbee3\Encryption\cryptopp563\cryptopp-object.dir\Debug\tftables.obj"
         "C:\Users\amari\Documents\gcs\code\gcs\CommProtocol\CommProtocol-master\libxbee3\Encryption\cryptopp563\cryptopp-object.dir\Debug\tiger.obj"
         "C:\Users\amari\Documents\gcs\code\gcs\CommProtocol\CommProtocol-master\libxbee3\Encryption\cryptopp563\cryptopp-object.dir\Debug\tigertab.obj"
         "C:\Users\amari\Documents\gcs\code\gcs\CommProtocol\CommProtocol-master\libxbee3\Encryption\cryptopp563\cryptopp-object.dir\Debug\trdlocal.obj"
         "C:\Users\amari\Documents\gcs\code\gcs\CommProtocol\CommProtocol-master\libxbee3\Encryption\cryptopp563\cryptopp-object.dir\Debug\ttmac.obj"
         "C:\Users\amari\Documents\gcs\code\gcs\CommProtocol\CommProtocol-master\libxbee3\Encryption\cryptopp563\cryptopp-object.dir\Debug\twofish.obj"
         "C:\Users\amari\Documents\gcs\code\gcs\CommProtocol\CommProtocol-master\libxbee3\Encryption\cryptopp563\cryptopp-object.dir\Debug\vmac.obj"
         "C:\Users\amari\Documents\gcs\code\gcs\CommProtocol\CommProtocol-master\libxbee3\Encryption\cryptopp563\cryptopp-object.dir\Debug\wait.obj"
         "C:\Users\amari\Documents\gcs\code\gcs\CommProtocol\CommProtocol-master\libxbee3\Encryption\cryptopp563\cryptopp-object.dir\Debug\wake.obj"
         "C:\Users\amari\Documents\gcs\code\gcs\CommProtocol\CommProtocol-master\libxbee3\Encryption\cryptopp563\cryptopp-object.dir\Debug\whrlpool.obj"
         "C:\Users\amari\Documents\gcs\code\gcs\CommProtocol\CommProtocol-master\libxbee3\Encryption\cryptopp563\cryptopp-object.dir\Debug\xtr.obj"
         "C:\Users\amari\Documents\gcs\code\gcs\CommProtocol\CommProtocol-master\libxbee3\Encryption\cryptopp563\cryptopp-object.dir\Debug\xtrcrypt.obj"
         "C:\Users\amari\Documents\gcs\code\gcs\CommProtocol\CommProtocol-master\libxbee3\Encryption\cryptopp563\cryptopp-object.dir\Debug\zdeflate.obj"
         "C:\Users\amari\Documents\gcs\code\gcs\CommProtocol\CommProtocol-master\libxbee3\Encryption\cryptopp563\cryptopp-object.dir\Debug\zinflate.obj"
         "C:\Users\amari\Documents\gcs\code\gcs\CommProtocol\CommProtocol-master\libxbee3\Encryption\cryptopp563\cryptopp-object.dir\Debug\zlib.obj"
         "C:\Users\amari\Documents\gcs\code\gcs\CommProtocol\CommProtocol-master\libxbee3\Encryption\cryptopp563\cryptopp-object.dir\Debug\winpipes.obj"
         "C:\Users\amari\Documents\gcs\code\gcs\CommProtocol\CommProtocol-master\libxbee3\Encryption\cryptopp563\cryptopp-object.dir\Debug\rdrand.asm.obj"
     1>strciphr.obj : warning LNK4221: This object file does not define any previously undefined public symbols, so it will not be used by any link operation that consumes this library
     1>polynomi.obj : warning LNK4221: This object file does not define any previously undefined public symbols, so it will not be used by any link operation that consumes this library
     1>eprecomp.obj : warning LNK4221: This object file does not define any previously undefined public symbols, so it will not be used by any link operation that consumes this library
     1>eccrypto.obj : warning LNK4221: This object file does not define any previously undefined public symbols, so it will not be used by any link operation that consumes this library
     1>algebra.obj : warning LNK4221: This object file does not define any previously undefined public symbols, so it will not be used by any link operation that consumes this library
         cryptopp-static.vcxproj -> C:\Users\amari\Documents\gcs\code\gcs\CommProtocol\CommProtocol-master\libxbee3\Encryption\cryptopp563\Debug\cryptopp-static.lib
     1>Done Building Project "C:\Users\amari\Documents\gcs\code\gcs\CommProtocol\CommProtocol-master\libxbee3\Encryption\cryptopp563\cryptopp-static.vcxproj" (Build target(s)).

Build succeeded.

Time Elapsed 00:00:00.78
