Build started 1/13/2017 6:02:50 PM.
     1>Project "C:\Users\Geri\Downloads\gcs\CommProtocol\build\CommProtoStatic.vcxproj" on node 4 (Build target(s)).
     1>CustomBuild:
         Building Custom Rule C:/Users/Geri/Downloads/gcs/CommProtocol/CMakeLists.txt
         CMake does not need to re-run because C:\Users\Geri\Downloads\gcs\CommProtocol\build\CMakeFiles\generate.stamp is up-to-date.
       ClCompile:
         C:\Users\Geri\Desktop\GCS\VC\bin\CL.exe /c /IC:\Users\Geri\Downloads\gcs\CommProtocol\CommProto\include /IC:\Users\Geri\Downloads\gcs\CommProtocol\libxbee3 /IC:\Users\Geri\Downloads\gcs\CommProtocol\Encryption\cryptopp563 /Zi /nologo /W3 /WX- /sdl- /Od /Ob0 /Oy- /D WIN32 /D _WINDOWS /D _DEBUG /D COMMPROTO_DEBUG /D "CMAKE_INTDIR=\"Debug\"" /D _MBCS /Gm- /EHsc /RTC1 /MDd /GS /fp:precise /Zc:wchar_t /Zc:forScope /GR /Fo"CommProtoStatic.dir\Debug\\" /Fd"CommProtoStatic.dir\Debug\vc120.pdb" /Gd /TP /analyze- /errorReport:prompt C:\Users\Geri\Downloads\gcs\CommProtocol\CommProto\src\architecture\os\comm_monitor.cc C:\Users\Geri\Downloads\gcs\CommProtocol\CommProto\src\architecture\os\comm_semaphore.cc C:\Users\Geri\Downloads\gcs\CommProtocol\CommProto\src\architecture\os\comm_thread.cc C:\Users\Geri\Downloads\gcs\CommProtocol\CommProto\src\architecture\os\comm_mutex.cc C:\Users\Geri\Downloads\gcs\CommProtocol\CommProto\src\architecture\os\os_threads.cpp C:\Users\Geri\Downloads\gcs\CommProtocol\CommProto\src\architecture\os\os_mutex.cpp C:\Users\Geri\Downloads\gcs\CommProtocol\CommProto\src\console\console.cc C:\Users\Geri\Downloads\gcs\CommProtocol\CommProto\src\packets.cpp C:\Users\Geri\Downloads\gcs\CommProtocol\CommProto\src\abstractpacket.cpp C:\Users\Geri\Downloads\gcs\CommProtocol\CommProto\src\headerpacket.cc C:\Users\Geri\Downloads\gcs\CommProtocol\CommProto\src\comms.cpp C:\Users\Geri\Downloads\gcs\CommProtocol\CommProto\src\callback.cpp C:\Users\Geri\Downloads\gcs\CommProtocol\CommProto\src\hash\ngcphash.cpp C:\Users\Geri\Downloads\gcs\CommProtocol\CommProto\src\network\udp.cpp C:\Users\Geri\Downloads\gcs\CommProtocol\CommProto\src\network\serial.cpp C:\Users\Geri\Downloads\gcs\CommProtocol\CommProto\src\network\seriallink.cc C:\Users\Geri\Downloads\gcs\CommProtocol\CommProto\src\network\commxbee.cc C:\Users\Geri\Downloads\gcs\CommProtocol\CommProto\src\network\xbeelink.cc C:\Users\Geri\Downloads\gcs\CommProtocol\CommProto\src\network\udplink.cc C:\Users\Geri\Downloads\gcs\CommProtocol\CommProto\src\network\tcpsocket.cpp C:\Users\Geri\Downloads\gcs\CommProtocol\CommProto\src\network\crc32.cpp C:\Users\Geri\Downloads\gcs\CommProtocol\CommProto\src\network\parser.cpp C:\Users\Geri\Downloads\gcs\CommProtocol\CommProto\src\serialization\marshal.cpp C:\Users\Geri\Downloads\gcs\CommProtocol\CommProto\src\serialization\objectstream.cpp C:\Users\Geri\Downloads\gcs\CommProtocol\CommProto\src\pkg\packetmanager.cc C:\Users\Geri\Downloads\gcs\CommProtocol\CommProto\src\pkg\packethashtable.cpp C:\Users\Geri\Downloads\gcs\CommProtocol\CommProto\src\debug\log.cc C:\Users\Geri\Downloads\gcs\CommProtocol\CommProto\src\encryption\aes_encryption.cpp C:\Users\Geri\Downloads\gcs\CommProtocol\CommProto\src\encryption\encryptor.cc C:\Users\Geri\Downloads\gcs\CommProtocol\CommProto\src\encryption\decryptor.cc
         comm_monitor.cc
         comm_semaphore.cc
         comm_thread.cc
         comm_mutex.cc
         os_threads.cpp
         os_mutex.cpp
         console.cc
         packets.cpp
         abstractpacket.cpp
         headerpacket.cc
         comms.cpp
     1>C:\Users\Geri\Downloads\gcs\CommProtocol\CommProto\include\CommProto/commnode.h(109): warning C4305: 'return' : truncation from 'int' to 'bool'
     1>C:\Users\Geri\Downloads\gcs\CommProtocol\CommProto\include\CommProto/encryption/comm_random.h(38): warning C4244: 'argument' : conversion from 'time_t' to 'unsigned int', possible loss of data
     1>C:\Users\Geri\Downloads\gcs\CommProtocol\CommProto\include\CommProto/network/xbeelink.h(35): warning C4150: deletion of pointer to incomplete type 'comnet::network::CommXBee'; no destructor called
                 C:\Users\Geri\Downloads\gcs\CommProtocol\CommProto\include\CommProto/network/xbeelink.h(28) : see declaration of 'comnet::network::CommXBee'
     1>C:\Users\Geri\Downloads\gcs\CommProtocol\CommProto\src\comms.cpp(144): warning C4800: 'uint8_t' : forcing value to bool 'true' or 'false' (performance warning)
     1>C:\Users\Geri\Downloads\gcs\CommProtocol\CommProto\src\comms.cpp(149): warning C4800: 'uint8_t' : forcing value to bool 'true' or 'false' (performance warning)
         callback.cpp
         ngcphash.cpp
         udp.cpp
     1>C:\Users\Geri\Downloads\gcs\CommProtocol\CommProto\src\network\udp.cpp(121): warning C4996: 'inet_addr': Use inet_pton() or InetPton() instead or define _WINSOCK_DEPRECATED_NO_WARNINGS to disable deprecated API warnings
                 C:\Program Files (x86)\Windows Kits\8.1\Include\um\WinSock2.h(1850) : see declaration of 'inet_addr'
     1>C:\Users\Geri\Downloads\gcs\CommProtocol\CommProto\src\network\udp.cpp(154): warning C4996: 'inet_addr': Use inet_pton() or InetPton() instead or define _WINSOCK_DEPRECATED_NO_WARNINGS to disable deprecated API warnings
                 C:\Program Files (x86)\Windows Kits\8.1\Include\um\WinSock2.h(1850) : see declaration of 'inet_addr'
     1>C:\Users\Geri\Downloads\gcs\CommProtocol\CommProto\src\network\udp.cpp(178): warning C4996: 'inet_ntoa': Use inet_ntop() or InetNtop() instead or define _WINSOCK_DEPRECATED_NO_WARNINGS to disable deprecated API warnings
                 C:\Program Files (x86)\Windows Kits\8.1\Include\um\WinSock2.h(1868) : see declaration of 'inet_ntoa'
     1>C:\Users\Geri\Downloads\gcs\CommProtocol\CommProto\src\network\udp.cpp(207): warning C4996: 'inet_ntoa': Use inet_ntop() or InetNtop() instead or define _WINSOCK_DEPRECATED_NO_WARNINGS to disable deprecated API warnings
                 C:\Program Files (x86)\Windows Kits\8.1\Include\um\WinSock2.h(1868) : see declaration of 'inet_ntoa'
         serial.cpp
     1>C:\Users\Geri\Downloads\gcs\CommProtocol\CommProto\src\network\serial.cpp(50): warning C4996: 'strcpy': This function or variable may be unsafe. Consider using strcpy_s instead. To disable deprecation, use _CRT_SECURE_NO_WARNINGS. See online help for details.
                 C:\Users\Geri\Desktop\GCS\VC\include\string.h(112) : see declaration of 'strcpy'
     1>C:\Users\Geri\Downloads\gcs\CommProtocol\CommProto\src\network\serial.cpp(53): warning C4996: 'strcat': This function or variable may be unsafe. Consider using strcat_s instead. To disable deprecation, use _CRT_SECURE_NO_WARNINGS. See online help for details.
                 C:\Users\Geri\Desktop\GCS\VC\include\string.h(118) : see declaration of 'strcat'
         seriallink.cc
         commxbee.cc
     1>C:\Users\Geri\Downloads\gcs\CommProtocol\CommProto\src\network\commxbee.cc(50): warning C4996: 'sprintf': This function or variable may be unsafe. Consider using sprintf_s instead. To disable deprecation, use _CRT_SECURE_NO_WARNINGS. See online help for details.
                 C:\Users\Geri\Desktop\GCS\VC\include\stdio.h(356) : see declaration of 'sprintf'
     1>C:\Users\Geri\Downloads\gcs\CommProtocol\CommProto\src\network\commxbee.cc(124): warning C4390: ';' : empty controlled statement found; is this the intent?
         xbeelink.cc
     1>C:\Users\Geri\Downloads\gcs\CommProtocol\CommProto\include\CommProto/network/xbeelink.h(35): warning C4150: deletion of pointer to incomplete type 'comnet::network::CommXBee'; no destructor called
                 C:\Users\Geri\Downloads\gcs\CommProtocol\CommProto\include\CommProto/network/xbeelink.h(28) : see declaration of 'comnet::network::CommXBee'
         udplink.cc
         tcpsocket.cpp
     1>C:\Users\Geri\Downloads\gcs\CommProtocol\CommProto\src\network\tcpsocket.cpp(274): warning C4996: 'inet_addr': Use inet_pton() or InetPton() instead or define _WINSOCK_DEPRECATED_NO_WARNINGS to disable deprecated API warnings
                 C:\Program Files (x86)\Windows Kits\8.1\Include\um\WinSock2.h(1850) : see declaration of 'inet_addr'
         Generating Code...
         Compiling...
         crc32.cpp
     1>C:\Users\Geri\Downloads\gcs\CommProtocol\CommProto\src\network\crc32.cpp(37): warning C4146: unary minus operator applied to unsigned type, result still unsigned
         parser.cpp
     1>C:\Users\Geri\Downloads\gcs\CommProtocol\CommProto\src\network\parser.cpp(29): warning C4996: 'strcpy': This function or variable may be unsafe. Consider using strcpy_s instead. To disable deprecation, use _CRT_SECURE_NO_WARNINGS. See online help for details.
                 C:\Users\Geri\Desktop\GCS\VC\include\string.h(112) : see declaration of 'strcpy'
         marshal.cpp
     1>C:\Users\Geri\Downloads\gcs\CommProtocol\CommProto\src\serialization\marshal.cpp(53): warning C4996: 'wcstombs': This function or variable may be unsafe. Consider using wcstombs_s instead. To disable deprecation, use _CRT_SECURE_NO_WARNINGS. See online help for details.
                 C:\Users\Geri\Desktop\GCS\VC\include\stdlib.h(575) : see declaration of 'wcstombs'
     1>C:\Users\Geri\Downloads\gcs\CommProtocol\CommProto\src\serialization\marshal.cpp(66): warning C4996: 'mbstowcs': This function or variable may be unsafe. Consider using mbstowcs_s instead. To disable deprecation, use _CRT_SECURE_NO_WARNINGS. See online help for details.
                 C:\Users\Geri\Desktop\GCS\VC\include\stdlib.h(528) : see declaration of 'mbstowcs'
         objectstream.cpp
         packetmanager.cc
         packethashtable.cpp
     1>C:\Users\Geri\Downloads\gcs\CommProtocol\CommProto\src\pkg\packethashtable.cpp(47): warning C4244: 'initializing' : conversion from 'const double' to 'uint32_t', possible loss of data
     1>C:\Users\Geri\Downloads\gcs\CommProtocol\CommProto\src\pkg\packethashtable.cpp(49): warning C4018: '<' : signed/unsigned mismatch
     1>C:\Users\Geri\Downloads\gcs\CommProtocol\CommProto\src\pkg\packethashtable.cpp(59): warning C4244: 'initializing' : conversion from 'const double' to 'uint32_t', possible loss of data
     1>C:\Users\Geri\Downloads\gcs\CommProtocol\CommProto\src\pkg\packethashtable.cpp(61): warning C4018: '<' : signed/unsigned mismatch
     1>C:\Users\Geri\Downloads\gcs\CommProtocol\CommProto\src\pkg\packethashtable.cpp(69): warning C4018: '<' : signed/unsigned mismatch
     1>C:\Users\Geri\Downloads\gcs\CommProtocol\CommProto\src\pkg\packethashtable.cpp(204): warning C4018: '<' : signed/unsigned mismatch
     1>C:\Users\Geri\Downloads\gcs\CommProtocol\CommProto\src\pkg\packethashtable.cpp(205): warning C4018: '<' : signed/unsigned mismatch
     1>C:\Users\Geri\Downloads\gcs\CommProtocol\CommProto\src\pkg\packethashtable.cpp(235): warning C4018: '>=' : signed/unsigned mismatch
     1>C:\Users\Geri\Downloads\gcs\CommProtocol\CommProto\src\pkg\packethashtable.cpp(247): warning C4018: '<' : signed/unsigned mismatch
         log.cc
         aes_encryption.cpp
     1>C:\Users\Geri\Downloads\gcs\CommProtocol\CommProto\include\CommProto/encryption/comm_random.h(38): warning C4244: 'argument' : conversion from 'time_t' to 'unsigned int', possible loss of data
     1>C:\Users\Geri\Downloads\gcs\CommProtocol\CommProto\src\encryption\aes_encryption.cpp(99): warning C4018: '<' : signed/unsigned mismatch
     1>C:\Users\Geri\Downloads\gcs\CommProtocol\CommProto\src\encryption\aes_encryption.cpp(100): warning C4242: '=' : conversion from 'int' to 'uint8_t', possible loss of data
         encryptor.cc
     1>C:\Users\Geri\Downloads\gcs\CommProtocol\CommProto\include\CommProto/encryption/comm_random.h(38): warning C4244: 'argument' : conversion from 'time_t' to 'unsigned int', possible loss of data
         decryptor.cc
     1>C:\Users\Geri\Downloads\gcs\CommProtocol\CommProto\include\CommProto/encryption/comm_random.h(38): warning C4244: 'argument' : conversion from 'time_t' to 'unsigned int', possible loss of data
         Generating Code...
       Lib:
         C:\Users\Geri\Desktop\GCS\VC\bin\Lib.exe /OUT:"C:\Users\Geri\Downloads\gcs\CommProtocol\build\Debug\CommProtoStatic.lib" /NOLOGO  /machine:X86 CommProtoStatic.dir\Debug\comm_monitor.obj
         CommProtoStatic.dir\Debug\comm_semaphore.obj
         CommProtoStatic.dir\Debug\comm_thread.obj
         CommProtoStatic.dir\Debug\comm_mutex.obj
         CommProtoStatic.dir\Debug\os_threads.obj
         CommProtoStatic.dir\Debug\os_mutex.obj
         CommProtoStatic.dir\Debug\console.obj
         CommProtoStatic.dir\Debug\packets.obj
         CommProtoStatic.dir\Debug\abstractpacket.obj
         CommProtoStatic.dir\Debug\headerpacket.obj
         CommProtoStatic.dir\Debug\comms.obj
         CommProtoStatic.dir\Debug\callback.obj
         CommProtoStatic.dir\Debug\ngcphash.obj
         CommProtoStatic.dir\Debug\udp.obj
         CommProtoStatic.dir\Debug\serial.obj
         CommProtoStatic.dir\Debug\seriallink.obj
         CommProtoStatic.dir\Debug\commxbee.obj
         CommProtoStatic.dir\Debug\xbeelink.obj
         CommProtoStatic.dir\Debug\udplink.obj
         CommProtoStatic.dir\Debug\tcpsocket.obj
         CommProtoStatic.dir\Debug\crc32.obj
         CommProtoStatic.dir\Debug\parser.obj
         CommProtoStatic.dir\Debug\marshal.obj
         CommProtoStatic.dir\Debug\objectstream.obj
         CommProtoStatic.dir\Debug\packetmanager.obj
         CommProtoStatic.dir\Debug\packethashtable.obj
         CommProtoStatic.dir\Debug\log.obj
         CommProtoStatic.dir\Debug\aes_encryption.obj
         CommProtoStatic.dir\Debug\encryptor.obj
         CommProtoStatic.dir\Debug\decryptor.obj
         CommProtoStatic.vcxproj -> C:\Users\Geri\Downloads\gcs\CommProtocol\build\Debug\CommProtoStatic.lib
     1>Done Building Project "C:\Users\Geri\Downloads\gcs\CommProtocol\build\CommProtoStatic.vcxproj" (Build target(s)).

Build succeeded.

Time Elapsed 00:00:16.79
