Build started 1/10/2017 5:54:20 PM.
     1>Project "C:\Users\amari\Documents\gcs\code\gcs\CommProtocol\CommProtocol-master\libxbee3\Encryption\cryptopp563\cryptopp-object.vcxproj" on node 2 (Build target(s)).
     1>CustomBuild:
         Building Custom Rule C:/Users/amari/Documents/gcs/code/gcs/CommProtocol/CommProtocol-master/Encryption/cryptopp563/CMakeLists.txt
         CMake does not need to re-run because C:\Users\amari\Documents\gcs\code\gcs\CommProtocol\CommProtocol-master\libxbee3\Encryption\cryptopp563\CMakeFiles\generate.stamp is up-to-date.
       _MASM:
         Assembling C:\Users\amari\Documents\gcs\code\gcs\CommProtocol\CommProtocol-master\Encryption\cryptopp563\rdrand.asm...
         cmd.exe /C "C:\Users\amari\AppData\Local\Temp\tmp5153f697451d4f22ad39c03db20aae8a.cmd"
         ml.exe /c /nologo /Zi /Fo"cryptopp-object.dir\Debug\/rdrand.asm.obj" /D"_M_X86" /D"WIN32" /D"_WINDOWS" /D"_DEBUG" /D"COMMPROTO_DEBUG" /D"CMAKE_INTDIR="Debug"" /W3 /errorReport:prompt  /safeseh  /Ta"C:\Users\amari\Documents\gcs\code\gcs\CommProtocol\CommProtocol-master\Encryption\cryptopp563\rdrand.asm"
       ClCompile:
         C:\Program Files (x86)\Microsoft Visual Studio 12.0\VC\bin\CL.exe /c /Zi /nologo /W3 /WX- /Od /Ob0 /Oy- /D WIN32 /D _WINDOWS /D _DEBUG /D COMMPROTO_DEBUG /D "CMAKE_INTDIR=\"Debug\"" /D _MBCS /Gm- /EHsc /RTC1 /MDd /GS /fp:precise /Zc:wchar_t /Zc:forScope /GR /Fo"cryptopp-object.dir\Debug\\" /Fd"cryptopp-object.dir\Debug\vc120.pdb" /Gd /TP /analyze- /errorReport:prompt "C:\Users\amari\Documents\gcs\code\gcs\CommProtocol\CommProtocol-master\Encryption\cryptopp563\cryptlib.cpp" "C:\Users\amari\Documents\gcs\code\gcs\CommProtocol\CommProtocol-master\Encryption\cryptopp563\cpu.cpp" "C:\Users\amari\Documents\gcs\code\gcs\CommProtocol\CommProtocol-master\Encryption\cryptopp563\3way.cpp" "C:\Users\amari\Documents\gcs\code\gcs\CommProtocol\CommProtocol-master\Encryption\cryptopp563\adler32.cpp" "C:\Users\amari\Documents\gcs\code\gcs\CommProtocol\CommProtocol-master\Encryption\cryptopp563\algebra.cpp" "C:\Users\amari\Documents\gcs\code\gcs\CommProtocol\CommProtocol-master\Encryption\cryptopp563\algparam.cpp" "C:\Users\amari\Documents\gcs\code\gcs\CommProtocol\CommProtocol-master\Encryption\cryptopp563\arc4.cpp" "C:\Users\amari\Documents\gcs\code\gcs\CommProtocol\CommProtocol-master\Encryption\cryptopp563\asn.cpp" "C:\Users\amari\Documents\gcs\code\gcs\CommProtocol\CommProtocol-master\Encryption\cryptopp563\authenc.cpp" "C:\Users\amari\Documents\gcs\code\gcs\CommProtocol\CommProtocol-master\Encryption\cryptopp563\base32.cpp" "C:\Users\amari\Documents\gcs\code\gcs\CommProtocol\CommProtocol-master\Encryption\cryptopp563\base64.cpp" "C:\Users\amari\Documents\gcs\code\gcs\CommProtocol\CommProtocol-master\Encryption\cryptopp563\basecode.cpp" "C:\Users\amari\Documents\gcs\code\gcs\CommProtocol\CommProtocol-master\Encryption\cryptopp563\bfinit.cpp" "C:\Users\amari\Documents\gcs\code\gcs\CommProtocol\CommProtocol-master\Encryption\cryptopp563\blowfish.cpp" "C:\Users\amari\Documents\gcs\code\gcs\CommProtocol\CommProtocol-master\Encryption\cryptopp563\blumshub.cpp" "C:\Users\amari\Documents\gcs\code\gcs\CommProtocol\CommProtocol-master\Encryption\cryptopp563\camellia.cpp" "C:\Users\amari\Documents\gcs\code\gcs\CommProtocol\CommProtocol-master\Encryption\cryptopp563\cast.cpp" "C:\Users\amari\Documents\gcs\code\gcs\CommProtocol\CommProtocol-master\Encryption\cryptopp563\casts.cpp" "C:\Users\amari\Documents\gcs\code\gcs\CommProtocol\CommProtocol-master\Encryption\cryptopp563\cbcmac.cpp" "C:\Users\amari\Documents\gcs\code\gcs\CommProtocol\CommProtocol-master\Encryption\cryptopp563\ccm.cpp" "C:\Users\amari\Documents\gcs\code\gcs\CommProtocol\CommProtocol-master\Encryption\cryptopp563\channels.cpp" "C:\Users\amari\Documents\gcs\code\gcs\CommProtocol\CommProtocol-master\Encryption\cryptopp563\cmac.cpp" "C:\Users\amari\Documents\gcs\code\gcs\CommProtocol\CommProtocol-master\Encryption\cryptopp563\crc.cpp" "C:\Users\amari\Documents\gcs\code\gcs\CommProtocol\CommProtocol-master\Encryption\cryptopp563\default.cpp" "C:\Users\amari\Documents\gcs\code\gcs\CommProtocol\CommProtocol-master\Encryption\cryptopp563\des.cpp" "C:\Users\amari\Documents\gcs\code\gcs\CommProtocol\CommProtocol-master\Encryption\cryptopp563\dessp.cpp" "C:\Users\amari\Documents\gcs\code\gcs\CommProtocol\CommProtocol-master\Encryption\cryptopp563\dh.cpp" "C:\Users\amari\Documents\gcs\code\gcs\CommProtocol\CommProtocol-master\Encryption\cryptopp563\dh2.cpp" "C:\Users\amari\Documents\gcs\code\gcs\CommProtocol\CommProtocol-master\Encryption\cryptopp563\dll.cpp" "C:\Users\amari\Documents\gcs\code\gcs\CommProtocol\CommProtocol-master\Encryption\cryptopp563\dsa.cpp" "C:\Users\amari\Documents\gcs\code\gcs\CommProtocol\CommProtocol-master\Encryption\cryptopp563\eax.cpp" "C:\Users\amari\Documents\gcs\code\gcs\CommProtocol\CommProtocol-master\Encryption\cryptopp563\ec2n.cpp" "C:\Users\amari\Documents\gcs\code\gcs\CommProtocol\CommProtocol-master\Encryption\cryptopp563\eccrypto.cpp" "C:\Users\amari\Documents\gcs\code\gcs\CommProtocol\CommProtocol-master\Encryption\cryptopp563\ecp.cpp" "C:\Users\amari\Documents\gcs\code\gcs\CommProtocol\CommProtocol-master\Encryption\cryptopp563\elgamal.cpp" "C:\Users\amari\Documents\gcs\code\gcs\CommProtocol\CommProtocol-master\Encryption\cryptopp563\emsa2.cpp" "C:\Users\amari\Documents\gcs\code\gcs\CommProtocol\CommProtocol-master\Encryption\cryptopp563\eprecomp.cpp" "C:\Users\amari\Documents\gcs\code\gcs\CommProtocol\CommProtocol-master\Encryption\cryptopp563\esign.cpp" "C:\Users\amari\Documents\gcs\code\gcs\CommProtocol\CommProtocol-master\Encryption\cryptopp563\files.cpp" "C:\Users\amari\Documents\gcs\code\gcs\CommProtocol\CommProtocol-master\Encryption\cryptopp563\filters.cpp" "C:\Users\amari\Documents\gcs\code\gcs\CommProtocol\CommProtocol-master\Encryption\cryptopp563\fips140.cpp" "C:\Users\amari\Documents\gcs\code\gcs\CommProtocol\CommProtocol-master\Encryption\cryptopp563\gcm.cpp" "C:\Users\amari\Documents\gcs\code\gcs\CommProtocol\CommProtocol-master\Encryption\cryptopp563\gf256.cpp" "C:\Users\amari\Documents\gcs\code\gcs\CommProtocol\CommProtocol-master\Encryption\cryptopp563\gf2_32.cpp" "C:\Users\amari\Documents\gcs\code\gcs\CommProtocol\CommProtocol-master\Encryption\cryptopp563\gf2n.cpp" "C:\Users\amari\Documents\gcs\code\gcs\CommProtocol\CommProtocol-master\Encryption\cryptopp563\gfpcrypt.cpp" "C:\Users\amari\Documents\gcs\code\gcs\CommProtocol\CommProtocol-master\Encryption\cryptopp563\gost.cpp" "C:\Users\amari\Documents\gcs\code\gcs\CommProtocol\CommProtocol-master\Encryption\cryptopp563\gzip.cpp" "C:\Users\amari\Documents\gcs\code\gcs\CommProtocol\CommProtocol-master\Encryption\cryptopp563\hex.cpp" "C:\Users\amari\Documents\gcs\code\gcs\CommProtocol\CommProtocol-master\Encryption\cryptopp563\hmac.cpp" "C:\Users\amari\Documents\gcs\code\gcs\CommProtocol\CommProtocol-master\Encryption\cryptopp563\hrtimer.cpp" "C:\Users\amari\Documents\gcs\code\gcs\CommProtocol\CommProtocol-master\Encryption\cryptopp563\ida.cpp" "C:\Users\amari\Documents\gcs\code\gcs\CommProtocol\CommProtocol-master\Encryption\cryptopp563\idea.cpp" "C:\Users\amari\Documents\gcs\code\gcs\CommProtocol\CommProtocol-master\Encryption\cryptopp563\integer.cpp" "C:\Users\amari\Documents\gcs\code\gcs\CommProtocol\CommProtocol-master\Encryption\cryptopp563\iterhash.cpp" "C:\Users\amari\Documents\gcs\code\gcs\CommProtocol\CommProtocol-master\Encryption\cryptopp563\luc.cpp" "C:\Users\amari\Documents\gcs\code\gcs\CommProtocol\CommProtocol-master\Encryption\cryptopp563\mars.cpp" "C:\Users\amari\Documents\gcs\code\gcs\CommProtocol\CommProtocol-master\Encryption\cryptopp563\marss.cpp" "C:\Users\amari\Documents\gcs\code\gcs\CommProtocol\CommProtocol-master\Encryption\cryptopp563\md2.cpp" "C:\Users\amari\Documents\gcs\code\gcs\CommProtocol\CommProtocol-master\Encryption\cryptopp563\md4.cpp" "C:\Users\amari\Documents\gcs\code\gcs\CommProtocol\CommProtocol-master\Encryption\cryptopp563\md5.cpp" "C:\Users\amari\Documents\gcs\code\gcs\CommProtocol\CommProtocol-master\Encryption\cryptopp563\misc.cpp" "C:\Users\amari\Documents\gcs\code\gcs\CommProtocol\CommProtocol-master\Encryption\cryptopp563\modes.cpp" "C:\Users\amari\Documents\gcs\code\gcs\CommProtocol\CommProtocol-master\Encryption\cryptopp563\mqueue.cpp" "C:\Users\amari\Documents\gcs\code\gcs\CommProtocol\CommProtocol-master\Encryption\cryptopp563\mqv.cpp" "C:\Users\amari\Documents\gcs\code\gcs\CommProtocol\CommProtocol-master\Encryption\cryptopp563\nbtheory.cpp" "C:\Users\amari\Documents\gcs\code\gcs\CommProtocol\CommProtocol-master\Encryption\cryptopp563\network.cpp" "C:\Users\amari\Documents\gcs\code\gcs\CommProtocol\CommProtocol-master\Encryption\cryptopp563\oaep.cpp" "C:\Users\amari\Documents\gcs\code\gcs\CommProtocol\CommProtocol-master\Encryption\cryptopp563\osrng.cpp" "C:\Users\amari\Documents\gcs\code\gcs\CommProtocol\CommProtocol-master\Encryption\cryptopp563\panama.cpp" "C:\Users\amari\Documents\gcs\code\gcs\CommProtocol\CommProtocol-master\Encryption\cryptopp563\pkcspad.cpp" "C:\Users\amari\Documents\gcs\code\gcs\CommProtocol\CommProtocol-master\Encryption\cryptopp563\polynomi.cpp" "C:\Users\amari\Documents\gcs\code\gcs\CommProtocol\CommProtocol-master\Encryption\cryptopp563\pssr.cpp" "C:\Users\amari\Documents\gcs\code\gcs\CommProtocol\CommProtocol-master\Encryption\cryptopp563\pubkey.cpp" "C:\Users\amari\Documents\gcs\code\gcs\CommProtocol\CommProtocol-master\Encryption\cryptopp563\queue.cpp" "C:\Users\amari\Documents\gcs\code\gcs\CommProtocol\CommProtocol-master\Encryption\cryptopp563\rabin.cpp" "C:\Users\amari\Documents\gcs\code\gcs\CommProtocol\CommProtocol-master\Encryption\cryptopp563\randpool.cpp" "C:\Users\amari\Documents\gcs\code\gcs\CommProtocol\CommProtocol-master\Encryption\cryptopp563\rc2.cpp" "C:\Users\amari\Documents\gcs\code\gcs\CommProtocol\CommProtocol-master\Encryption\cryptopp563\rc5.cpp" "C:\Users\amari\Documents\gcs\code\gcs\CommProtocol\CommProtocol-master\Encryption\cryptopp563\rc6.cpp" "C:\Users\amari\Documents\gcs\code\gcs\CommProtocol\CommProtocol-master\Encryption\cryptopp563\rdtables.cpp" "C:\Users\amari\Documents\gcs\code\gcs\CommProtocol\CommProtocol-master\Encryption\cryptopp563\rijndael.cpp" "C:\Users\amari\Documents\gcs\code\gcs\CommProtocol\CommProtocol-master\Encryption\cryptopp563\ripemd.cpp" "C:\Users\amari\Documents\gcs\code\gcs\CommProtocol\CommProtocol-master\Encryption\cryptopp563\rng.cpp" "C:\Users\amari\Documents\gcs\code\gcs\CommProtocol\CommProtocol-master\Encryption\cryptopp563\rsa.cpp" "C:\Users\amari\Documents\gcs\code\gcs\CommProtocol\CommProtocol-master\Encryption\cryptopp563\rw.cpp" "C:\Users\amari\Documents\gcs\code\gcs\CommProtocol\CommProtocol-master\Encryption\cryptopp563\safer.cpp" "C:\Users\amari\Documents\gcs\code\gcs\CommProtocol\CommProtocol-master\Encryption\cryptopp563\salsa.cpp" "C:\Users\amari\Documents\gcs\code\gcs\CommProtocol\CommProtocol-master\Encryption\cryptopp563\seal.cpp" "C:\Users\amari\Documents\gcs\code\gcs\CommProtocol\CommProtocol-master\Encryption\cryptopp563\seed.cpp" "C:\Users\amari\Documents\gcs\code\gcs\CommProtocol\CommProtocol-master\Encryption\cryptopp563\serpent.cpp" "C:\Users\amari\Documents\gcs\code\gcs\CommProtocol\CommProtocol-master\Encryption\cryptopp563\sha.cpp" "C:\Users\amari\Documents\gcs\code\gcs\CommProtocol\CommProtocol-master\Encryption\cryptopp563\sha3.cpp" "C:\Users\amari\Documents\gcs\code\gcs\CommProtocol\CommProtocol-master\Encryption\cryptopp563\shacal2.cpp" "C:\Users\amari\Documents\gcs\code\gcs\CommProtocol\CommProtocol-master\Encryption\cryptopp563\shark.cpp" "C:\Users\amari\Documents\gcs\code\gcs\CommProtocol\CommProtocol-master\Encryption\cryptopp563\sharkbox.cpp" "C:\Users\amari\Documents\gcs\code\gcs\CommProtocol\CommProtocol-master\Encryption\cryptopp563\skipjack.cpp" "C:\Users\amari\Documents\gcs\code\gcs\CommProtocol\CommProtocol-master\Encryption\cryptopp563\socketft.cpp" "C:\Users\amari\Documents\gcs\code\gcs\CommProtocol\CommProtocol-master\Encryption\cryptopp563\sosemanuk.cpp" "C:\Users\amari\Documents\gcs\code\gcs\CommProtocol\CommProtocol-master\Encryption\cryptopp563\square.cpp" "C:\Users\amari\Documents\gcs\code\gcs\CommProtocol\CommProtocol-master\Encryption\cryptopp563\squaretb.cpp" "C:\Users\amari\Documents\gcs\code\gcs\CommProtocol\CommProtocol-master\Encryption\cryptopp563\strciphr.cpp" "C:\Users\amari\Documents\gcs\code\gcs\CommProtocol\CommProtocol-master\Encryption\cryptopp563\tea.cpp" "C:\Users\amari\Documents\gcs\code\gcs\CommProtocol\CommProtocol-master\Encryption\cryptopp563\tftables.cpp" "C:\Users\amari\Documents\gcs\code\gcs\CommProtocol\CommProtocol-master\Encryption\cryptopp563\tiger.cpp" "C:\Users\amari\Documents\gcs\code\gcs\CommProtocol\CommProtocol-master\Encryption\cryptopp563\tigertab.cpp" "C:\Users\amari\Documents\gcs\code\gcs\CommProtocol\CommProtocol-master\Encryption\cryptopp563\trdlocal.cpp" "C:\Users\amari\Documents\gcs\code\gcs\CommProtocol\CommProtocol-master\Encryption\cryptopp563\ttmac.cpp" "C:\Users\amari\Documents\gcs\code\gcs\CommProtocol\CommProtocol-master\Encryption\cryptopp563\twofish.cpp" "C:\Users\amari\Documents\gcs\code\gcs\CommProtocol\CommProtocol-master\Encryption\cryptopp563\vmac.cpp" "C:\Users\amari\Documents\gcs\code\gcs\CommProtocol\CommProtocol-master\Encryption\cryptopp563\wait.cpp" "C:\Users\amari\Documents\gcs\code\gcs\CommProtocol\CommProtocol-master\Encryption\cryptopp563\wake.cpp" "C:\Users\amari\Documents\gcs\code\gcs\CommProtocol\CommProtocol-master\Encryption\cryptopp563\whrlpool.cpp" "C:\Users\amari\Documents\gcs\code\gcs\CommProtocol\CommProtocol-master\Encryption\cryptopp563\xtr.cpp" "C:\Users\amari\Documents\gcs\code\gcs\CommProtocol\CommProtocol-master\Encryption\cryptopp563\xtrcrypt.cpp" "C:\Users\amari\Documents\gcs\code\gcs\CommProtocol\CommProtocol-master\Encryption\cryptopp563\zdeflate.cpp" "C:\Users\amari\Documents\gcs\code\gcs\CommProtocol\CommProtocol-master\Encryption\cryptopp563\zinflate.cpp" "C:\Users\amari\Documents\gcs\code\gcs\CommProtocol\CommProtocol-master\Encryption\cryptopp563\zlib.cpp" "C:\Users\amari\Documents\gcs\code\gcs\CommProtocol\CommProtocol-master\Encryption\cryptopp563\winpipes.cpp"
         cryptlib.cpp
         cpu.cpp
         3way.cpp
         adler32.cpp
         algebra.cpp
         algparam.cpp
         arc4.cpp
         asn.cpp
         authenc.cpp
         base32.cpp
         base64.cpp
         basecode.cpp
         bfinit.cpp
         blowfish.cpp
         blumshub.cpp
         camellia.cpp
         cast.cpp
         casts.cpp
         cbcmac.cpp
         ccm.cpp
         Generating Code...
         Compiling...
         channels.cpp
         cmac.cpp
         crc.cpp
         default.cpp
         des.cpp
         dessp.cpp
         dh.cpp
         dh2.cpp
         dll.cpp
         dsa.cpp
         eax.cpp
         ec2n.cpp
         eccrypto.cpp
         ecp.cpp
         elgamal.cpp
         emsa2.cpp
         eprecomp.cpp
         esign.cpp
         files.cpp
         filters.cpp
         Generating Code...
         Compiling...
         fips140.cpp
         gcm.cpp
         gf256.cpp
         gf2_32.cpp
         gf2n.cpp
         gfpcrypt.cpp
         gost.cpp
         gzip.cpp
         hex.cpp
         hmac.cpp
         hrtimer.cpp
         ida.cpp
         idea.cpp
         integer.cpp
         iterhash.cpp
         luc.cpp
         mars.cpp
         marss.cpp
         md2.cpp
         md4.cpp
         Generating Code...
         Compiling...
         md5.cpp
         misc.cpp
         modes.cpp
         mqueue.cpp
         mqv.cpp
         nbtheory.cpp
         network.cpp
         oaep.cpp
         osrng.cpp
         panama.cpp
         pkcspad.cpp
         polynomi.cpp
         pssr.cpp
         pubkey.cpp
         queue.cpp
         rabin.cpp
         randpool.cpp
         rc2.cpp
         rc5.cpp
         rc6.cpp
         Generating Code...
         Compiling...
         rdtables.cpp
         rijndael.cpp
         ripemd.cpp
         rng.cpp
         rsa.cpp
         rw.cpp
         safer.cpp
         salsa.cpp
         seal.cpp
         seed.cpp
         serpent.cpp
         sha.cpp
         sha3.cpp
         shacal2.cpp
         shark.cpp
         sharkbox.cpp
         skipjack.cpp
         socketft.cpp
         sosemanuk.cpp
         square.cpp
         Generating Code...
         Compiling...
         squaretb.cpp
         strciphr.cpp
         tea.cpp
         tftables.cpp
         tiger.cpp
         tigertab.cpp
         trdlocal.cpp
         ttmac.cpp
         twofish.cpp
         vmac.cpp
         wait.cpp
         wake.cpp
         whrlpool.cpp
         xtr.cpp
         xtrcrypt.cpp
         zdeflate.cpp
         zinflate.cpp
         zlib.cpp
         winpipes.cpp
         Generating Code...
         C:\Program Files (x86)\Microsoft Visual Studio 12.0\VC\bin\CL.exe /c /Zi /nologo /W3 /WX- /Od /Ob0 /Oy- /D WIN32 /D _WINDOWS /D _DEBUG /D COMMPROTO_DEBUG /D "CMAKE_INTDIR=\"Debug\"" /D _MBCS /Gm- /EHsc /RTC1 /MDd /GS /fp:precise /Zc:wchar_t /Zc:forScope /GR /Fo"cryptopp-object.dir\Debug\/rdrand.cpp.obj" /Fd"cryptopp-object.dir\Debug\vc120.pdb" /Gd /TP /analyze- /errorReport:prompt "C:\Users\amari\Documents\gcs\code\gcs\CommProtocol\CommProtocol-master\Encryption\cryptopp563\rdrand.cpp"
         rdrand.cpp
       Lib:
         C:\Program Files (x86)\Microsoft Visual Studio 12.0\VC\bin\Lib.exe /OUT:"cryptopp-object.dir\Debug\cryptopp-object.lib" /NOLOGO  /machine:X86 "cryptopp-object.dir\Debug\cryptlib.obj"
         "cryptopp-object.dir\Debug\cpu.obj"
         "cryptopp-object.dir\Debug\3way.obj"
         "cryptopp-object.dir\Debug\adler32.obj"
         "cryptopp-object.dir\Debug\algebra.obj"
         "cryptopp-object.dir\Debug\algparam.obj"
         "cryptopp-object.dir\Debug\arc4.obj"
         "cryptopp-object.dir\Debug\asn.obj"
         "cryptopp-object.dir\Debug\authenc.obj"
         "cryptopp-object.dir\Debug\base32.obj"
         "cryptopp-object.dir\Debug\base64.obj"
         "cryptopp-object.dir\Debug\basecode.obj"
         "cryptopp-object.dir\Debug\bfinit.obj"
         "cryptopp-object.dir\Debug\blowfish.obj"
         "cryptopp-object.dir\Debug\blumshub.obj"
         "cryptopp-object.dir\Debug\camellia.obj"
         "cryptopp-object.dir\Debug\cast.obj"
         "cryptopp-object.dir\Debug\casts.obj"
         "cryptopp-object.dir\Debug\cbcmac.obj"
         "cryptopp-object.dir\Debug\ccm.obj"
         "cryptopp-object.dir\Debug\channels.obj"
         "cryptopp-object.dir\Debug\cmac.obj"
         "cryptopp-object.dir\Debug\crc.obj"
         "cryptopp-object.dir\Debug\default.obj"
         "cryptopp-object.dir\Debug\des.obj"
         "cryptopp-object.dir\Debug\dessp.obj"
         "cryptopp-object.dir\Debug\dh.obj"
         "cryptopp-object.dir\Debug\dh2.obj"
         "cryptopp-object.dir\Debug\dll.obj"
         "cryptopp-object.dir\Debug\dsa.obj"
         "cryptopp-object.dir\Debug\eax.obj"
         "cryptopp-object.dir\Debug\ec2n.obj"
         "cryptopp-object.dir\Debug\eccrypto.obj"
         "cryptopp-object.dir\Debug\ecp.obj"
         "cryptopp-object.dir\Debug\elgamal.obj"
         "cryptopp-object.dir\Debug\emsa2.obj"
         "cryptopp-object.dir\Debug\eprecomp.obj"
         "cryptopp-object.dir\Debug\esign.obj"
         "cryptopp-object.dir\Debug\files.obj"
         "cryptopp-object.dir\Debug\filters.obj"
         "cryptopp-object.dir\Debug\fips140.obj"
         "cryptopp-object.dir\Debug\gcm.obj"
         "cryptopp-object.dir\Debug\gf256.obj"
         "cryptopp-object.dir\Debug\gf2_32.obj"
         "cryptopp-object.dir\Debug\gf2n.obj"
         "cryptopp-object.dir\Debug\gfpcrypt.obj"
         "cryptopp-object.dir\Debug\gost.obj"
         "cryptopp-object.dir\Debug\gzip.obj"
         "cryptopp-object.dir\Debug\hex.obj"
         "cryptopp-object.dir\Debug\hmac.obj"
         "cryptopp-object.dir\Debug\hrtimer.obj"
         "cryptopp-object.dir\Debug\ida.obj"
         "cryptopp-object.dir\Debug\idea.obj"
         "cryptopp-object.dir\Debug\integer.obj"
         "cryptopp-object.dir\Debug\iterhash.obj"
         "cryptopp-object.dir\Debug\luc.obj"
         "cryptopp-object.dir\Debug\mars.obj"
         "cryptopp-object.dir\Debug\marss.obj"
         "cryptopp-object.dir\Debug\md2.obj"
         "cryptopp-object.dir\Debug\md4.obj"
         "cryptopp-object.dir\Debug\md5.obj"
         "cryptopp-object.dir\Debug\misc.obj"
         "cryptopp-object.dir\Debug\modes.obj"
         "cryptopp-object.dir\Debug\mqueue.obj"
         "cryptopp-object.dir\Debug\mqv.obj"
         "cryptopp-object.dir\Debug\nbtheory.obj"
         "cryptopp-object.dir\Debug\network.obj"
         "cryptopp-object.dir\Debug\oaep.obj"
         "cryptopp-object.dir\Debug\osrng.obj"
         "cryptopp-object.dir\Debug\panama.obj"
         "cryptopp-object.dir\Debug\pkcspad.obj"
         "cryptopp-object.dir\Debug\polynomi.obj"
         "cryptopp-object.dir\Debug\pssr.obj"
         "cryptopp-object.dir\Debug\pubkey.obj"
         "cryptopp-object.dir\Debug\queue.obj"
         "cryptopp-object.dir\Debug\rabin.obj"
         "cryptopp-object.dir\Debug\randpool.obj"
         "cryptopp-object.dir\Debug\rc2.obj"
         "cryptopp-object.dir\Debug\rc5.obj"
         "cryptopp-object.dir\Debug\rc6.obj"
         "cryptopp-object.dir\Debug\rdtables.obj"
         "cryptopp-object.dir\Debug\rijndael.obj"
         "cryptopp-object.dir\Debug\ripemd.obj"
         "cryptopp-object.dir\Debug\rng.obj"
         "cryptopp-object.dir\Debug\rsa.obj"
         "cryptopp-object.dir\Debug\rw.obj"
         "cryptopp-object.dir\Debug\safer.obj"
         "cryptopp-object.dir\Debug\salsa.obj"
         "cryptopp-object.dir\Debug\seal.obj"
         "cryptopp-object.dir\Debug\seed.obj"
         "cryptopp-object.dir\Debug\serpent.obj"
         "cryptopp-object.dir\Debug\sha.obj"
         "cryptopp-object.dir\Debug\sha3.obj"
         "cryptopp-object.dir\Debug\shacal2.obj"
         "cryptopp-object.dir\Debug\shark.obj"
         "cryptopp-object.dir\Debug\sharkbox.obj"
         "cryptopp-object.dir\Debug\skipjack.obj"
         "cryptopp-object.dir\Debug\socketft.obj"
         "cryptopp-object.dir\Debug\sosemanuk.obj"
         "cryptopp-object.dir\Debug\square.obj"
         "cryptopp-object.dir\Debug\squaretb.obj"
         "cryptopp-object.dir\Debug\strciphr.obj"
         "cryptopp-object.dir\Debug\tea.obj"
         "cryptopp-object.dir\Debug\tftables.obj"
         "cryptopp-object.dir\Debug\tiger.obj"
         "cryptopp-object.dir\Debug\tigertab.obj"
         "cryptopp-object.dir\Debug\trdlocal.obj"
         "cryptopp-object.dir\Debug\ttmac.obj"
         "cryptopp-object.dir\Debug\twofish.obj"
         "cryptopp-object.dir\Debug\vmac.obj"
         "cryptopp-object.dir\Debug\wait.obj"
         "cryptopp-object.dir\Debug\wake.obj"
         "cryptopp-object.dir\Debug\whrlpool.obj"
         "cryptopp-object.dir\Debug\xtr.obj"
         "cryptopp-object.dir\Debug\xtrcrypt.obj"
         "cryptopp-object.dir\Debug\zdeflate.obj"
         "cryptopp-object.dir\Debug\zinflate.obj"
         "cryptopp-object.dir\Debug\zlib.obj"
         "cryptopp-object.dir\Debug\winpipes.obj"
         "cryptopp-object.dir\Debug\/rdrand.cpp.obj"
         "cryptopp-object.dir\Debug\/rdrand.asm.obj"
     1>strciphr.obj : warning LNK4221: This object file does not define any previously undefined public symbols, so it will not be used by any link operation that consumes this library
     1>polynomi.obj : warning LNK4221: This object file does not define any previously undefined public symbols, so it will not be used by any link operation that consumes this library
     1>eprecomp.obj : warning LNK4221: This object file does not define any previously undefined public symbols, so it will not be used by any link operation that consumes this library
     1>eccrypto.obj : warning LNK4221: This object file does not define any previously undefined public symbols, so it will not be used by any link operation that consumes this library
     1>algebra.obj : warning LNK4221: This object file does not define any previously undefined public symbols, so it will not be used by any link operation that consumes this library
         cryptopp-object.vcxproj -> C:\Users\amari\Documents\gcs\code\gcs\CommProtocol\CommProtocol-master\libxbee3\Encryption\cryptopp563\cryptopp-object.dir\Debug\cryptopp-object.lib
     1>Done Building Project "C:\Users\amari\Documents\gcs\code\gcs\CommProtocol\CommProtocol-master\libxbee3\Encryption\cryptopp563\cryptopp-object.vcxproj" (Build target(s)).

Build succeeded.

Time Elapsed 00:01:22.80
